ARM GAS  C:\Users\asol17\AppData\Local\Temp\ccog1IBo.s 			page 1


   1              		.syntax unified
   2              		.cpu cortex-m3
   3              		.fpu softvfp
   4              		.eabi_attribute 20, 1
   5              		.eabi_attribute 21, 1
   6              		.eabi_attribute 23, 3
   7              		.eabi_attribute 24, 1
   8              		.eabi_attribute 25, 1
   9              		.eabi_attribute 26, 1
  10              		.eabi_attribute 30, 1
  11              		.eabi_attribute 34, 1
  12              		.eabi_attribute 18, 4
  13              		.thumb
  14              		.syntax unified
  15              		.file	"cymetadata.c"
  16              		.text
  17              	.Ltext0:
  18              		.cfi_sections	.debug_frame
  19              		.global	cy_metadata
  20              		.global	cy_meta_flashprotect
  21              		.global	cy_meta_wonvl
  22              		.global	cy_meta_custnvl
  23              		.global	cy_meta_configecc
  24              		.section	.cyconfigecc,"a",%progbits
  25              		.align	2
  26              		.type	cy_meta_configecc, %object
  27              		.size	cy_meta_configecc, 196
  28              	cy_meta_configecc:
  29 0000 04       		.byte	4
  30 0001 52       		.byte	82
  31 0002 00       		.byte	0
  32 0003 40       		.byte	64
  33 0004 09       		.byte	9
  34 0005 02       		.byte	2
  35 0006 01       		.byte	1
  36 0007 40       		.byte	64
  37 0008 08       		.byte	8
  38 0009 03       		.byte	3
  39 000a 01       		.byte	1
  40 000b 40       		.byte	64
  41 000c 02       		.byte	2
  42 000d 05       		.byte	5
  43 000e 01       		.byte	1
  44 000f 40       		.byte	64
  45 0010 01       		.byte	1
  46 0011 0B       		.byte	11
  47 0012 01       		.byte	1
  48 0013 40       		.byte	64
  49 0014 01       		.byte	1
  50 0015 0D       		.byte	13
  51 0016 01       		.byte	1
  52 0017 40       		.byte	64
  53 0018 08       		.byte	8
  54 0019 41       		.byte	65
  55 001a 01       		.byte	1
  56 001b 40       		.byte	64
  57 001c 05       		.byte	5
ARM GAS  C:\Users\asol17\AppData\Local\Temp\ccog1IBo.s 			page 2


  58 001d 42       		.byte	66
  59 001e 01       		.byte	1
  60 001f 40       		.byte	64
  61 0020 01       		.byte	1
  62 0021 43       		.byte	67
  63 0022 01       		.byte	1
  64 0023 40       		.byte	64
  65 0024 06       		.byte	6
  66 0025 45       		.byte	69
  67 0026 01       		.byte	1
  68 0027 40       		.byte	64
  69 0028 02       		.byte	2
  70 0029 46       		.byte	70
  71 002a 01       		.byte	1
  72 002b 40       		.byte	64
  73 002c 01       		.byte	1
  74 002d 48       		.byte	72
  75 002e 01       		.byte	1
  76 002f 40       		.byte	64
  77 0030 03       		.byte	3
  78 0031 49       		.byte	73
  79 0032 01       		.byte	1
  80 0033 40       		.byte	64
  81 0034 01       		.byte	1
  82 0035 04       		.byte	4
  83 0036 10       		.byte	16
  84 0037 04       		.byte	4
  85 0038 18       		.byte	24
  86 0039 04       		.byte	4
  87 003a 19       		.byte	25
  88 003b 04       		.byte	4
  89 003c 00       		.byte	0
  90 003d 02       		.byte	2
  91 003e 02       		.byte	2
  92 003f 05       		.byte	5
  93 0040 14       		.byte	20
  94 0041 01       		.byte	1
  95 0042 16       		.byte	22
  96 0043 06       		.byte	6
  97 0044 30       		.byte	48
  98 0045 03       		.byte	3
  99 0046 34       		.byte	52
 100 0047 04       		.byte	4
 101 0048 3E       		.byte	62
 102 0049 11       		.byte	17
 103 004a 58       		.byte	88
 104 004b 04       		.byte	4
 105 004c 5F       		.byte	95
 106 004d 01       		.byte	1
 107 004e 07       		.byte	7
 108 004f 80       		.byte	-128
 109 0050 0C       		.byte	12
 110 0051 08       		.byte	8
 111 0052 1C       		.byte	28
 112 0053 80       		.byte	-128
 113 0054 1F       		.byte	31
 114 0055 20       		.byte	32
ARM GAS  C:\Users\asol17\AppData\Local\Temp\ccog1IBo.s 			page 3


 115 0056 84       		.byte	-124
 116 0057 08       		.byte	8
 117 0058 C0       		.byte	-64
 118 0059 10       		.byte	16
 119 005a C2       		.byte	-62
 120 005b 20       		.byte	32
 121 005c E2       		.byte	-30
 122 005d 10       		.byte	16
 123 005e AF       		.byte	-81
 124 005f A0       		.byte	-96
 125 0060 B0       		.byte	-80
 126 0061 40       		.byte	64
 127 0062 EC       		.byte	-20
 128 0063 20       		.byte	32
 129 0064 E2       		.byte	-30
 130 0065 10       		.byte	16
 131 0066 02       		.byte	2
 132 0067 10       		.byte	16
 133 0068 07       		.byte	7
 134 0069 20       		.byte	32
 135 006a 5A       		.byte	90
 136 006b 80       		.byte	-128
 137 006c 86       		.byte	-122
 138 006d 10       		.byte	16
 139 006e 8E       		.byte	-114
 140 006f 40       		.byte	64
 141 0070 C0       		.byte	-64
 142 0071 30       		.byte	48
 143 0072 D4       		.byte	-44
 144 0073 80       		.byte	-128
 145 0074 E0       		.byte	-32
 146 0075 40       		.byte	64
 147 0076 A2       		.byte	-94
 148 0077 10       		.byte	16
 149 0078 AE       		.byte	-82
 150 0079 10       		.byte	16
 151 007a AF       		.byte	-81
 152 007b 20       		.byte	32
 153 007c E8       		.byte	-24
 154 007d 40       		.byte	64
 155 007e EE       		.byte	-18
 156 007f 10       		.byte	16
 157 0080 A2       		.byte	-94
 158 0081 10       		.byte	16
 159 0082 03       		.byte	3
 160 0083 08       		.byte	8
 161 0084 50       		.byte	80
 162 0085 08       		.byte	8
 163 0086 8F       		.byte	-113
 164 0087 08       		.byte	8
 165 0088 C0       		.byte	-64
 166 0089 02       		.byte	2
 167 008a D4       		.byte	-44
 168 008b 04       		.byte	4
 169 008c E2       		.byte	-30
 170 008d 08       		.byte	8
 171 008e B0       		.byte	-80
ARM GAS  C:\Users\asol17\AppData\Local\Temp\ccog1IBo.s 			page 4


 172 008f 08       		.byte	8
 173 0090 EC       		.byte	-20
 174 0091 04       		.byte	4
 175 0092 A2       		.byte	-94
 176 0093 10       		.byte	16
 177 0094 5E       		.byte	94
 178 0095 20       		.byte	32
 179 0096 A2       		.byte	-94
 180 0097 10       		.byte	16
 181 0098 D6       		.byte	-42
 182 0099 20       		.byte	32
 183 009a 00       		.byte	0
 184 009b 00       		.byte	0
 185 009c 03       		.byte	3
 186 009d 00       		.byte	0
 187 009e 00       		.byte	0
 188 009f 07       		.byte	7
 189 00a0 04       		.byte	4
 190 00a1 00       		.byte	0
 191 00a2 04       		.byte	4
 192 00a3 00       		.byte	0
 193 00a4 00       		.byte	0
 194 00a5 00       		.byte	0
 195 00a6 00       		.byte	0
 196 00a7 00       		.byte	0
 197 00a8 00       		.byte	0
 198 00a9 0B       		.byte	11
 199 00aa 0B       		.byte	11
 200 00ab 00       		.byte	0
 201 00ac 00       		.byte	0
 202 00ad 00       		.byte	0
 203 00ae 00       		.byte	0
 204 00af 00       		.byte	0
 205 00b0 04       		.byte	4
 206 00b1 00       		.byte	0
 207 00b2 00       		.byte	0
 208 00b3 06       		.byte	6
 209 00b4 02       		.byte	2
 210 00b5 00       		.byte	0
 211 00b6 02       		.byte	2
 212 00b7 00       		.byte	0
 213 00b8 00       		.byte	0
 214 00b9 00       		.byte	0
 215 00ba 00       		.byte	0
 216 00bb 00       		.byte	0
 217 00bc 00       		.byte	0
 218 00bd 04       		.byte	4
 219 00be 04       		.byte	4
 220 00bf 00       		.byte	0
 221 00c0 04       		.byte	4
 222 00c1 00       		.byte	0
 223 00c2 00       		.byte	0
 224 00c3 00       		.byte	0
 225              		.section	.cywolatch,"a",%progbits
 226              		.align	2
 227              		.type	cy_meta_wonvl, %object
 228              		.size	cy_meta_wonvl, 4
ARM GAS  C:\Users\asol17\AppData\Local\Temp\ccog1IBo.s 			page 5


 229              	cy_meta_wonvl:
 230 0000 BC       		.byte	-68
 231 0001 90       		.byte	-112
 232 0002 AC       		.byte	-84
 233 0003 AF       		.byte	-81
 234              		.section	.cycustnvl,"a",%progbits
 235              		.align	2
 236              		.type	cy_meta_custnvl, %object
 237              		.size	cy_meta_custnvl, 4
 238              	cy_meta_custnvl:
 239 0000 00       		.byte	0
 240 0001 00       		.byte	0
 241 0002 40       		.byte	64
 242 0003 05       		.byte	5
 243              		.section	.cymeta,"a",%progbits
 244              		.align	2
 245              		.type	cy_metadata, %object
 246              		.size	cy_metadata, 12
 247              	cy_metadata:
 248 0000 00       		.byte	0
 249 0001 01       		.byte	1
 250 0002 2E       		.byte	46
 251 0003 16       		.byte	22
 252 0004 10       		.byte	16
 253 0005 69       		.byte	105
 254 0006 00       		.byte	0
 255 0007 01       		.byte	1
 256 0008 00       		.byte	0
 257 0009 00       		.byte	0
 258 000a 00       		.byte	0
 259 000b 00       		.byte	0
 260              		.section	.cyflashprotect,"a",%progbits
 261              		.align	2
 262              		.type	cy_meta_flashprotect, %object
 263              		.size	cy_meta_flashprotect, 256
 264              	cy_meta_flashprotect:
 265 0000 00000000 		.space	256
 265      00000000 
 265      00000000 
 265      00000000 
 265      00000000 
 266              		.text
 267              	.Letext0:
 268              		.file 1 "f:\\psoc\\psoc creator\\4.3\\psoc creator\\import\\gnu\\arm\\5.4.1\\arm-none-eabi\\includ
 269              		.file 2 "f:\\psoc\\psoc creator\\4.3\\psoc creator\\import\\gnu\\arm\\5.4.1\\arm-none-eabi\\includ
 270              		.file 3 "Generated_Source\\PSoC5\\cymetadata.c"
 271              		.section	.debug_info,"",%progbits
 272              	.Ldebug_info0:
 273 0000 30010000 		.4byte	0x130
 274 0004 0400     		.2byte	0x4
 275 0006 00000000 		.4byte	.Ldebug_abbrev0
 276 000a 04       		.byte	0x4
 277 000b 01       		.uleb128 0x1
 278 000c 24000000 		.4byte	.LASF17
 279 0010 0C       		.byte	0xc
 280 0011 D2010000 		.4byte	.LASF18
 281 0015 E7000000 		.4byte	.LASF19
ARM GAS  C:\Users\asol17\AppData\Local\Temp\ccog1IBo.s 			page 6


 282 0019 00000000 		.4byte	.Ldebug_line0
 283 001d 02       		.uleb128 0x2
 284 001e 01       		.byte	0x1
 285 001f 06       		.byte	0x6
 286 0020 C6010000 		.4byte	.LASF0
 287 0024 03       		.uleb128 0x3
 288 0025 00000000 		.4byte	.LASF9
 289 0029 01       		.byte	0x1
 290 002a 1D       		.byte	0x1d
 291 002b 2F000000 		.4byte	0x2f
 292 002f 02       		.uleb128 0x2
 293 0030 01       		.byte	0x1
 294 0031 08       		.byte	0x8
 295 0032 16000000 		.4byte	.LASF1
 296 0036 02       		.uleb128 0x2
 297 0037 02       		.byte	0x2
 298 0038 05       		.byte	0x5
 299 0039 B3010000 		.4byte	.LASF2
 300 003d 02       		.uleb128 0x2
 301 003e 02       		.byte	0x2
 302 003f 07       		.byte	0x7
 303 0040 C4000000 		.4byte	.LASF3
 304 0044 02       		.uleb128 0x2
 305 0045 04       		.byte	0x4
 306 0046 05       		.byte	0x5
 307 0047 BD010000 		.4byte	.LASF4
 308 004b 02       		.uleb128 0x2
 309 004c 04       		.byte	0x4
 310 004d 07       		.byte	0x7
 311 004e B2000000 		.4byte	.LASF5
 312 0052 02       		.uleb128 0x2
 313 0053 08       		.byte	0x8
 314 0054 05       		.byte	0x5
 315 0055 A5010000 		.4byte	.LASF6
 316 0059 02       		.uleb128 0x2
 317 005a 08       		.byte	0x8
 318 005b 07       		.byte	0x7
 319 005c 48010000 		.4byte	.LASF7
 320 0060 04       		.uleb128 0x4
 321 0061 04       		.byte	0x4
 322 0062 05       		.byte	0x5
 323 0063 696E7400 		.ascii	"int\000"
 324 0067 02       		.uleb128 0x2
 325 0068 04       		.byte	0x4
 326 0069 07       		.byte	0x7
 327 006a 3B010000 		.4byte	.LASF8
 328 006e 03       		.uleb128 0x3
 329 006f 5F010000 		.4byte	.LASF10
 330 0073 02       		.byte	0x2
 331 0074 18       		.byte	0x18
 332 0075 24000000 		.4byte	0x24
 333 0079 05       		.uleb128 0x5
 334 007a 90000000 		.4byte	0x90
 335 007e 89000000 		.4byte	0x89
 336 0082 06       		.uleb128 0x6
 337 0083 89000000 		.4byte	0x89
 338 0087 C3       		.byte	0xc3
ARM GAS  C:\Users\asol17\AppData\Local\Temp\ccog1IBo.s 			page 7


 339 0088 00       		.byte	0
 340 0089 02       		.uleb128 0x2
 341 008a 04       		.byte	0x4
 342 008b 07       		.byte	0x7
 343 008c 8A010000 		.4byte	.LASF11
 344 0090 07       		.uleb128 0x7
 345 0091 6E000000 		.4byte	0x6e
 346 0095 08       		.uleb128 0x8
 347 0096 93010000 		.4byte	.LASF12
 348 009a 03       		.byte	0x3
 349 009b 1F       		.byte	0x1f
 350 009c A6000000 		.4byte	0xa6
 351 00a0 05       		.uleb128 0x5
 352 00a1 03       		.byte	0x3
 353 00a2 00000000 		.4byte	cy_meta_configecc
 354 00a6 07       		.uleb128 0x7
 355 00a7 79000000 		.4byte	0x79
 356 00ab 05       		.uleb128 0x5
 357 00ac 90000000 		.4byte	0x90
 358 00b0 BB000000 		.4byte	0xbb
 359 00b4 06       		.uleb128 0x6
 360 00b5 89000000 		.4byte	0x89
 361 00b9 03       		.byte	0x3
 362 00ba 00       		.byte	0
 363 00bb 08       		.uleb128 0x8
 364 00bc D7000000 		.4byte	.LASF13
 365 00c0 03       		.byte	0x3
 366 00c1 45       		.byte	0x45
 367 00c2 CC000000 		.4byte	0xcc
 368 00c6 05       		.uleb128 0x5
 369 00c7 03       		.byte	0x3
 370 00c8 00000000 		.4byte	cy_meta_custnvl
 371 00cc 07       		.uleb128 0x7
 372 00cd AB000000 		.4byte	0xab
 373 00d1 08       		.uleb128 0x8
 374 00d2 7C010000 		.4byte	.LASF14
 375 00d6 03       		.byte	0x3
 376 00d7 53       		.byte	0x53
 377 00d8 E2000000 		.4byte	0xe2
 378 00dc 05       		.uleb128 0x5
 379 00dd 03       		.byte	0x3
 380 00de 00000000 		.4byte	cy_meta_wonvl
 381 00e2 07       		.uleb128 0x7
 382 00e3 AB000000 		.4byte	0xab
 383 00e7 05       		.uleb128 0x5
 384 00e8 90000000 		.4byte	0x90
 385 00ec F7000000 		.4byte	0xf7
 386 00f0 06       		.uleb128 0x6
 387 00f1 89000000 		.4byte	0x89
 388 00f5 FF       		.byte	0xff
 389 00f6 00       		.byte	0
 390 00f7 08       		.uleb128 0x8
 391 00f8 67010000 		.4byte	.LASF15
 392 00fc 03       		.byte	0x3
 393 00fd 61       		.byte	0x61
 394 00fe 08010000 		.4byte	0x108
 395 0102 05       		.uleb128 0x5
ARM GAS  C:\Users\asol17\AppData\Local\Temp\ccog1IBo.s 			page 8


 396 0103 03       		.byte	0x3
 397 0104 00000000 		.4byte	cy_meta_flashprotect
 398 0108 07       		.uleb128 0x7
 399 0109 E7000000 		.4byte	0xe7
 400 010d 05       		.uleb128 0x5
 401 010e 90000000 		.4byte	0x90
 402 0112 1D010000 		.4byte	0x11d
 403 0116 06       		.uleb128 0x6
 404 0117 89000000 		.4byte	0x89
 405 011b 0B       		.byte	0xb
 406 011c 00       		.byte	0
 407 011d 08       		.uleb128 0x8
 408 011e 0A000000 		.4byte	.LASF16
 409 0122 03       		.byte	0x3
 410 0123 8E       		.byte	0x8e
 411 0124 2E010000 		.4byte	0x12e
 412 0128 05       		.uleb128 0x5
 413 0129 03       		.byte	0x3
 414 012a 00000000 		.4byte	cy_metadata
 415 012e 07       		.uleb128 0x7
 416 012f 0D010000 		.4byte	0x10d
 417 0133 00       		.byte	0
 418              		.section	.debug_abbrev,"",%progbits
 419              	.Ldebug_abbrev0:
 420 0000 01       		.uleb128 0x1
 421 0001 11       		.uleb128 0x11
 422 0002 01       		.byte	0x1
 423 0003 25       		.uleb128 0x25
 424 0004 0E       		.uleb128 0xe
 425 0005 13       		.uleb128 0x13
 426 0006 0B       		.uleb128 0xb
 427 0007 03       		.uleb128 0x3
 428 0008 0E       		.uleb128 0xe
 429 0009 1B       		.uleb128 0x1b
 430 000a 0E       		.uleb128 0xe
 431 000b 10       		.uleb128 0x10
 432 000c 17       		.uleb128 0x17
 433 000d 00       		.byte	0
 434 000e 00       		.byte	0
 435 000f 02       		.uleb128 0x2
 436 0010 24       		.uleb128 0x24
 437 0011 00       		.byte	0
 438 0012 0B       		.uleb128 0xb
 439 0013 0B       		.uleb128 0xb
 440 0014 3E       		.uleb128 0x3e
 441 0015 0B       		.uleb128 0xb
 442 0016 03       		.uleb128 0x3
 443 0017 0E       		.uleb128 0xe
 444 0018 00       		.byte	0
 445 0019 00       		.byte	0
 446 001a 03       		.uleb128 0x3
 447 001b 16       		.uleb128 0x16
 448 001c 00       		.byte	0
 449 001d 03       		.uleb128 0x3
 450 001e 0E       		.uleb128 0xe
 451 001f 3A       		.uleb128 0x3a
 452 0020 0B       		.uleb128 0xb
ARM GAS  C:\Users\asol17\AppData\Local\Temp\ccog1IBo.s 			page 9


 453 0021 3B       		.uleb128 0x3b
 454 0022 0B       		.uleb128 0xb
 455 0023 49       		.uleb128 0x49
 456 0024 13       		.uleb128 0x13
 457 0025 00       		.byte	0
 458 0026 00       		.byte	0
 459 0027 04       		.uleb128 0x4
 460 0028 24       		.uleb128 0x24
 461 0029 00       		.byte	0
 462 002a 0B       		.uleb128 0xb
 463 002b 0B       		.uleb128 0xb
 464 002c 3E       		.uleb128 0x3e
 465 002d 0B       		.uleb128 0xb
 466 002e 03       		.uleb128 0x3
 467 002f 08       		.uleb128 0x8
 468 0030 00       		.byte	0
 469 0031 00       		.byte	0
 470 0032 05       		.uleb128 0x5
 471 0033 01       		.uleb128 0x1
 472 0034 01       		.byte	0x1
 473 0035 49       		.uleb128 0x49
 474 0036 13       		.uleb128 0x13
 475 0037 01       		.uleb128 0x1
 476 0038 13       		.uleb128 0x13
 477 0039 00       		.byte	0
 478 003a 00       		.byte	0
 479 003b 06       		.uleb128 0x6
 480 003c 21       		.uleb128 0x21
 481 003d 00       		.byte	0
 482 003e 49       		.uleb128 0x49
 483 003f 13       		.uleb128 0x13
 484 0040 2F       		.uleb128 0x2f
 485 0041 0B       		.uleb128 0xb
 486 0042 00       		.byte	0
 487 0043 00       		.byte	0
 488 0044 07       		.uleb128 0x7
 489 0045 26       		.uleb128 0x26
 490 0046 00       		.byte	0
 491 0047 49       		.uleb128 0x49
 492 0048 13       		.uleb128 0x13
 493 0049 00       		.byte	0
 494 004a 00       		.byte	0
 495 004b 08       		.uleb128 0x8
 496 004c 34       		.uleb128 0x34
 497 004d 00       		.byte	0
 498 004e 03       		.uleb128 0x3
 499 004f 0E       		.uleb128 0xe
 500 0050 3A       		.uleb128 0x3a
 501 0051 0B       		.uleb128 0xb
 502 0052 3B       		.uleb128 0x3b
 503 0053 0B       		.uleb128 0xb
 504 0054 49       		.uleb128 0x49
 505 0055 13       		.uleb128 0x13
 506 0056 3F       		.uleb128 0x3f
 507 0057 19       		.uleb128 0x19
 508 0058 02       		.uleb128 0x2
 509 0059 18       		.uleb128 0x18
ARM GAS  C:\Users\asol17\AppData\Local\Temp\ccog1IBo.s 			page 10


 510 005a 00       		.byte	0
 511 005b 00       		.byte	0
 512 005c 00       		.byte	0
 513              		.section	.debug_aranges,"",%progbits
 514 0000 14000000 		.4byte	0x14
 515 0004 0200     		.2byte	0x2
 516 0006 00000000 		.4byte	.Ldebug_info0
 517 000a 04       		.byte	0x4
 518 000b 00       		.byte	0
 519 000c 0000     		.2byte	0
 520 000e 0000     		.2byte	0
 521 0010 00000000 		.4byte	0
 522 0014 00000000 		.4byte	0
 523              		.section	.debug_line,"",%progbits
 524              	.Ldebug_line0:
 525 0000 0F010000 		.section	.debug_str,"MS",%progbits,1
 525      02000901 
 525      00000201 
 525      FB0E0D00 
 525      01010101 
 526              	.LASF9:
 527 0000 5F5F7569 		.ascii	"__uint8_t\000"
 527      6E74385F 
 527      7400
 528              	.LASF16:
 529 000a 63795F6D 		.ascii	"cy_metadata\000"
 529      65746164 
 529      61746100 
 530              	.LASF1:
 531 0016 756E7369 		.ascii	"unsigned char\000"
 531      676E6564 
 531      20636861 
 531      7200
 532              	.LASF17:
 533 0024 474E5520 		.ascii	"GNU C11 5.4.1 20160609 (release) [ARM/embedded-5-br"
 533      43313120 
 533      352E342E 
 533      31203230 
 533      31363036 
 534 0057 616E6368 		.ascii	"anch revision 237715] -mcpu=cortex-m3 -mthumb -g -O"
 534      20726576 
 534      6973696F 
 534      6E203233 
 534      37373135 
 535 008a 67202D66 		.ascii	"g -ffunction-sections -ffat-lto-objects\000"
 535      66756E63 
 535      74696F6E 
 535      2D736563 
 535      74696F6E 
 536              	.LASF5:
 537 00b2 6C6F6E67 		.ascii	"long unsigned int\000"
 537      20756E73 
 537      69676E65 
 537      6420696E 
 537      7400
 538              	.LASF3:
 539 00c4 73686F72 		.ascii	"short unsigned int\000"
ARM GAS  C:\Users\asol17\AppData\Local\Temp\ccog1IBo.s 			page 11


 539      7420756E 
 539      7369676E 
 539      65642069 
 539      6E7400
 540              	.LASF13:
 541 00d7 63795F6D 		.ascii	"cy_meta_custnvl\000"
 541      6574615F 
 541      63757374 
 541      6E766C00 
 542              	.LASF19:
 543 00e7 433A5C55 		.ascii	"C:\\Users\\asol17\\Documents\\Uni\\P6\\Digital Desi"
 543      73657273 
 543      5C61736F 
 543      6C31375C 
 543      446F6375 
 544 0114 676E5C4C 		.ascii	"gn\\Lecture_8\\Lecture_8\\Lecture_8.cydsn\000"
 544      65637475 
 544      72655F38 
 544      5C4C6563 
 544      74757265 
 545              	.LASF8:
 546 013b 756E7369 		.ascii	"unsigned int\000"
 546      676E6564 
 546      20696E74 
 546      00
 547              	.LASF7:
 548 0148 6C6F6E67 		.ascii	"long long unsigned int\000"
 548      206C6F6E 
 548      6720756E 
 548      7369676E 
 548      65642069 
 549              	.LASF10:
 550 015f 75696E74 		.ascii	"uint8_t\000"
 550      385F7400 
 551              	.LASF15:
 552 0167 63795F6D 		.ascii	"cy_meta_flashprotect\000"
 552      6574615F 
 552      666C6173 
 552      6870726F 
 552      74656374 
 553              	.LASF14:
 554 017c 63795F6D 		.ascii	"cy_meta_wonvl\000"
 554      6574615F 
 554      776F6E76 
 554      6C00
 555              	.LASF11:
 556 018a 73697A65 		.ascii	"sizetype\000"
 556      74797065 
 556      00
 557              	.LASF12:
 558 0193 63795F6D 		.ascii	"cy_meta_configecc\000"
 558      6574615F 
 558      636F6E66 
 558      69676563 
 558      6300
 559              	.LASF6:
 560 01a5 6C6F6E67 		.ascii	"long long int\000"
ARM GAS  C:\Users\asol17\AppData\Local\Temp\ccog1IBo.s 			page 12


 560      206C6F6E 
 560      6720696E 
 560      7400
 561              	.LASF2:
 562 01b3 73686F72 		.ascii	"short int\000"
 562      7420696E 
 562      7400
 563              	.LASF4:
 564 01bd 6C6F6E67 		.ascii	"long int\000"
 564      20696E74 
 564      00
 565              	.LASF0:
 566 01c6 7369676E 		.ascii	"signed char\000"
 566      65642063 
 566      68617200 
 567              	.LASF18:
 568 01d2 47656E65 		.ascii	"Generated_Source\\PSoC5\\cymetadata.c\000"
 568      72617465 
 568      645F536F 
 568      75726365 
 568      5C50536F 
 569              		.ident	"GCC: (GNU Tools for ARM Embedded Processors) 5.4.1 20160609 (release) [ARM/embedded-5-bran
