ARM GAS  C:\Users\asol17\AppData\Local\Temp\ccHlmM2T.s 			page 1


   1              		.syntax unified
   2              		.cpu cortex-m3
   3              		.fpu softvfp
   4              		.eabi_attribute 20, 1
   5              		.eabi_attribute 21, 1
   6              		.eabi_attribute 23, 3
   7              		.eabi_attribute 24, 1
   8              		.eabi_attribute 25, 1
   9              		.eabi_attribute 26, 1
  10              		.eabi_attribute 30, 1
  11              		.eabi_attribute 34, 1
  12              		.eabi_attribute 18, 4
  13              		.thumb
  14              		.syntax unified
  15              		.file	"main.c"
  16              		.text
  17              	.Ltext0:
  18              		.cfi_sections	.debug_frame
  19              		.section	.text.main,"ax",%progbits
  20              		.align	2
  21              		.global	main
  22              		.thumb
  23              		.thumb_func
  24              		.type	main, %function
  25              	main:
  26              	.LFB63:
  27              		.file 1 "main.c"
   1:main.c        **** /* ========================================
   2:main.c        ****  *
   3:main.c        ****  * Copyright YOUR COMPANY, THE YEAR
   4:main.c        ****  * All Rights Reserved
   5:main.c        ****  * UNPUBLISHED, LICENSED SOFTWARE.
   6:main.c        ****  *
   7:main.c        ****  * CONFIDENTIAL AND PROPRIETARY INFORMATION
   8:main.c        ****  * WHICH IS THE PROPERTY OF your company.
   9:main.c        ****  *
  10:main.c        ****  * ========================================
  11:main.c        **** */
  12:main.c        **** #include "project.h"
  13:main.c        **** 
  14:main.c        **** int main(void)
  15:main.c        **** {
  28              		.loc 1 15 0
  29              		.cfi_startproc
  30              		@ args = 0, pretend = 0, frame = 0
  31              		@ frame_needed = 0, uses_anonymous_args = 0
  32 0000 38B5     		push	{r3, r4, r5, lr}
  33              		.cfi_def_cfa_offset 16
  34              		.cfi_offset 3, -16
  35              		.cfi_offset 4, -12
  36              		.cfi_offset 5, -8
  37              		.cfi_offset 14, -4
  16:main.c        ****     CyGlobalIntEnable; /* Enable global interrupts. */
  38              		.loc 1 16 0
  39              		.syntax unified
  40              	@ 16 "main.c" 1
  41 0002 62B6     		CPSIE   i
ARM GAS  C:\Users\asol17\AppData\Local\Temp\ccHlmM2T.s 			page 2


  42              	@ 0 "" 2
  43              	.LVL0:
  17:main.c        ****     uint8 State = 0;
  18:main.c        ****     uint8 switchState = 0;
  44              		.loc 1 18 0
  45              		.thumb
  46              		.syntax unified
  47 0004 0025     		movs	r5, #0
  17:main.c        ****     uint8 State = 0;
  48              		.loc 1 17 0
  49 0006 2C46     		mov	r4, r5
  50              	.LVL1:
  51              	.L2:
  19:main.c        **** 
  20:main.c        ****     /* Place your initialization/startup code here (e.g. MyInst_Start()) */
  21:main.c        **** 
  22:main.c        ****     for(;;)
  23:main.c        ****     {
  24:main.c        ****         if (SwitchOut_Read() != switchState){
  52              		.loc 1 24 0
  53 0008 FFF7FEFF 		bl	SwitchOut_Read
  54              	.LVL2:
  55 000c 8542     		cmp	r5, r0
  56 000e 07D0     		beq	.L3
  25:main.c        ****             switchState =SwitchOut_Read();
  57              		.loc 1 25 0
  58 0010 FFF7FEFF 		bl	SwitchOut_Read
  59              	.LVL3:
  60 0014 0546     		mov	r5, r0
  61              	.LVL4:
  26:main.c        ****             State++;
  62              		.loc 1 26 0
  63 0016 0134     		adds	r4, r4, #1
  64              	.LVL5:
  65 0018 E4B2     		uxtb	r4, r4
  66              	.LVL6:
  27:main.c        ****             if (State==4)
  67              		.loc 1 27 0
  68 001a 042C     		cmp	r4, #4
  69 001c 00D1     		bne	.L3
  28:main.c        ****                 State=0;
  70              		.loc 1 28 0
  71 001e 0024     		movs	r4, #0
  72              	.LVL7:
  73              	.L3:
  29:main.c        ****         }
  30:main.c        ****         
  31:main.c        ****         if (State==0)
  74              		.loc 1 31 0
  75 0020 34B9     		cbnz	r4, .L4
  32:main.c        ****         {
  33:main.c        ****             A_Write(0);
  76              		.loc 1 33 0
  77 0022 0020     		movs	r0, #0
  78 0024 FFF7FEFF 		bl	A_Write
  79              	.LVL8:
  34:main.c        ****             B_Write(0);
ARM GAS  C:\Users\asol17\AppData\Local\Temp\ccHlmM2T.s 			page 3


  80              		.loc 1 34 0
  81 0028 0020     		movs	r0, #0
  82 002a FFF7FEFF 		bl	B_Write
  83              	.LVL9:
  84 002e EBE7     		b	.L2
  85              	.L4:
  35:main.c        ****         }
  36:main.c        ****         else if (State==1)
  86              		.loc 1 36 0
  87 0030 012C     		cmp	r4, #1
  88 0032 06D1     		bne	.L6
  37:main.c        ****         {
  38:main.c        ****             A_Write(1);
  89              		.loc 1 38 0
  90 0034 0120     		movs	r0, #1
  91 0036 FFF7FEFF 		bl	A_Write
  92              	.LVL10:
  39:main.c        ****             B_Write(0);
  93              		.loc 1 39 0
  94 003a 0020     		movs	r0, #0
  95 003c FFF7FEFF 		bl	B_Write
  96              	.LVL11:
  97 0040 E2E7     		b	.L2
  98              	.L6:
  40:main.c        ****         }
  41:main.c        ****         else if (State==2)
  99              		.loc 1 41 0
 100 0042 022C     		cmp	r4, #2
 101 0044 06D1     		bne	.L7
  42:main.c        ****         {
  43:main.c        ****             A_Write(0);
 102              		.loc 1 43 0
 103 0046 0020     		movs	r0, #0
 104 0048 FFF7FEFF 		bl	A_Write
 105              	.LVL12:
  44:main.c        ****             B_Write(1);
 106              		.loc 1 44 0
 107 004c 0120     		movs	r0, #1
 108 004e FFF7FEFF 		bl	B_Write
 109              	.LVL13:
 110 0052 D9E7     		b	.L2
 111              	.L7:
  45:main.c        ****         }
  46:main.c        ****         else if (State==3)
 112              		.loc 1 46 0
 113 0054 032C     		cmp	r4, #3
 114 0056 D7D1     		bne	.L2
  47:main.c        ****         {
  48:main.c        ****             A_Write(1);
 115              		.loc 1 48 0
 116 0058 0120     		movs	r0, #1
 117 005a FFF7FEFF 		bl	A_Write
 118              	.LVL14:
  49:main.c        ****             B_Write(1);
 119              		.loc 1 49 0
 120 005e 0120     		movs	r0, #1
 121 0060 FFF7FEFF 		bl	B_Write
ARM GAS  C:\Users\asol17\AppData\Local\Temp\ccHlmM2T.s 			page 4


 122              	.LVL15:
 123 0064 D0E7     		b	.L2
 124              		.cfi_endproc
 125              	.LFE63:
 126              		.size	main, .-main
 127 0066 00BF     		.text
 128              	.Letext0:
 129              		.file 2 "f:\\psoc\\psoc creator\\4.3\\psoc creator\\import\\gnu\\arm\\5.4.1\\arm-none-eabi\\includ
 130              		.file 3 "f:\\psoc\\psoc creator\\4.3\\psoc creator\\import\\gnu\\arm\\5.4.1\\arm-none-eabi\\includ
 131              		.file 4 "Generated_Source\\PSoC5/cytypes.h"
 132              		.file 5 "Generated_Source\\PSoC5/SwitchOut.h"
 133              		.file 6 "Generated_Source\\PSoC5/A.h"
 134              		.file 7 "Generated_Source\\PSoC5/B.h"
 135              		.file 8 "Generated_Source\\PSoC5/core_cm3.h"
 136              		.section	.debug_info,"",%progbits
 137              	.Ldebug_info0:
 138 0000 BD010000 		.4byte	0x1bd
 139 0004 0400     		.2byte	0x4
 140 0006 00000000 		.4byte	.Ldebug_abbrev0
 141 000a 04       		.byte	0x4
 142 000b 01       		.uleb128 0x1
 143 000c 3A000000 		.4byte	.LASF22
 144 0010 0C       		.byte	0xc
 145 0011 2E000000 		.4byte	.LASF23
 146 0015 7A010000 		.4byte	.LASF24
 147 0019 00000000 		.4byte	.Ldebug_ranges0+0
 148 001d 00000000 		.4byte	0
 149 0021 00000000 		.4byte	.Ldebug_line0
 150 0025 02       		.uleb128 0x2
 151 0026 01       		.byte	0x1
 152 0027 06       		.byte	0x6
 153 0028 58010000 		.4byte	.LASF0
 154 002c 02       		.uleb128 0x2
 155 002d 01       		.byte	0x1
 156 002e 08       		.byte	0x8
 157 002f 11010000 		.4byte	.LASF1
 158 0033 02       		.uleb128 0x2
 159 0034 02       		.byte	0x2
 160 0035 05       		.byte	0x5
 161 0036 D4010000 		.4byte	.LASF2
 162 003a 02       		.uleb128 0x2
 163 003b 02       		.byte	0x2
 164 003c 07       		.byte	0x7
 165 003d 0E000000 		.4byte	.LASF3
 166 0041 03       		.uleb128 0x3
 167 0042 70010000 		.4byte	.LASF9
 168 0046 02       		.byte	0x2
 169 0047 3F       		.byte	0x3f
 170 0048 4C000000 		.4byte	0x4c
 171 004c 02       		.uleb128 0x2
 172 004d 04       		.byte	0x4
 173 004e 05       		.byte	0x5
 174 004f 24010000 		.4byte	.LASF4
 175 0053 02       		.uleb128 0x2
 176 0054 04       		.byte	0x4
 177 0055 07       		.byte	0x7
 178 0056 CE000000 		.4byte	.LASF5
ARM GAS  C:\Users\asol17\AppData\Local\Temp\ccHlmM2T.s 			page 5


 179 005a 02       		.uleb128 0x2
 180 005b 08       		.byte	0x8
 181 005c 05       		.byte	0x5
 182 005d 00000000 		.4byte	.LASF6
 183 0061 02       		.uleb128 0x2
 184 0062 08       		.byte	0x8
 185 0063 07       		.byte	0x7
 186 0064 E0000000 		.4byte	.LASF7
 187 0068 04       		.uleb128 0x4
 188 0069 04       		.byte	0x4
 189 006a 05       		.byte	0x5
 190 006b 696E7400 		.ascii	"int\000"
 191 006f 02       		.uleb128 0x2
 192 0070 04       		.byte	0x4
 193 0071 07       		.byte	0x7
 194 0072 21000000 		.4byte	.LASF8
 195 0076 03       		.uleb128 0x3
 196 0077 DE010000 		.4byte	.LASF10
 197 007b 03       		.byte	0x3
 198 007c 2C       		.byte	0x2c
 199 007d 41000000 		.4byte	0x41
 200 0081 05       		.uleb128 0x5
 201 0082 C8000000 		.4byte	.LASF11
 202 0086 04       		.byte	0x4
 203 0087 E401     		.2byte	0x1e4
 204 0089 2C000000 		.4byte	0x2c
 205 008d 02       		.uleb128 0x2
 206 008e 04       		.byte	0x4
 207 008f 04       		.byte	0x4
 208 0090 03010000 		.4byte	.LASF12
 209 0094 02       		.uleb128 0x2
 210 0095 08       		.byte	0x8
 211 0096 04       		.byte	0x4
 212 0097 44010000 		.4byte	.LASF13
 213 009b 02       		.uleb128 0x2
 214 009c 01       		.byte	0x1
 215 009d 08       		.byte	0x8
 216 009e 1F010000 		.4byte	.LASF14
 217 00a2 02       		.uleb128 0x2
 218 00a3 04       		.byte	0x4
 219 00a4 07       		.byte	0x7
 220 00a5 E6010000 		.4byte	.LASF15
 221 00a9 02       		.uleb128 0x2
 222 00aa 08       		.byte	0x8
 223 00ab 04       		.byte	0x4
 224 00ac 64010000 		.4byte	.LASF16
 225 00b0 06       		.uleb128 0x6
 226 00b1 35000000 		.4byte	.LASF25
 227 00b5 01       		.byte	0x1
 228 00b6 0E       		.byte	0xe
 229 00b7 68000000 		.4byte	0x68
 230 00bb 00000000 		.4byte	.LFB63
 231 00bf 66000000 		.4byte	.LFE63-.LFB63
 232 00c3 01       		.uleb128 0x1
 233 00c4 9C       		.byte	0x9c
 234 00c5 8E010000 		.4byte	0x18e
 235 00c9 07       		.uleb128 0x7
ARM GAS  C:\Users\asol17\AppData\Local\Temp\ccHlmM2T.s 			page 6


 236 00ca CE010000 		.4byte	.LASF17
 237 00ce 01       		.byte	0x1
 238 00cf 11       		.byte	0x11
 239 00d0 81000000 		.4byte	0x81
 240 00d4 00000000 		.4byte	.LLST0
 241 00d8 07       		.uleb128 0x7
 242 00d9 F7000000 		.4byte	.LASF18
 243 00dd 01       		.byte	0x1
 244 00de 12       		.byte	0x12
 245 00df 81000000 		.4byte	0x81
 246 00e3 2A000000 		.4byte	.LLST1
 247 00e7 08       		.uleb128 0x8
 248 00e8 0C000000 		.4byte	.LVL2
 249 00ec 9F010000 		.4byte	0x19f
 250 00f0 08       		.uleb128 0x8
 251 00f1 14000000 		.4byte	.LVL3
 252 00f5 9F010000 		.4byte	0x19f
 253 00f9 09       		.uleb128 0x9
 254 00fa 28000000 		.4byte	.LVL8
 255 00fe AA010000 		.4byte	0x1aa
 256 0102 0C010000 		.4byte	0x10c
 257 0106 0A       		.uleb128 0xa
 258 0107 01       		.uleb128 0x1
 259 0108 50       		.byte	0x50
 260 0109 01       		.uleb128 0x1
 261 010a 30       		.byte	0x30
 262 010b 00       		.byte	0
 263 010c 09       		.uleb128 0x9
 264 010d 2E000000 		.4byte	.LVL9
 265 0111 B5010000 		.4byte	0x1b5
 266 0115 1F010000 		.4byte	0x11f
 267 0119 0A       		.uleb128 0xa
 268 011a 01       		.uleb128 0x1
 269 011b 50       		.byte	0x50
 270 011c 01       		.uleb128 0x1
 271 011d 30       		.byte	0x30
 272 011e 00       		.byte	0
 273 011f 09       		.uleb128 0x9
 274 0120 3A000000 		.4byte	.LVL10
 275 0124 AA010000 		.4byte	0x1aa
 276 0128 32010000 		.4byte	0x132
 277 012c 0A       		.uleb128 0xa
 278 012d 01       		.uleb128 0x1
 279 012e 50       		.byte	0x50
 280 012f 01       		.uleb128 0x1
 281 0130 31       		.byte	0x31
 282 0131 00       		.byte	0
 283 0132 09       		.uleb128 0x9
 284 0133 40000000 		.4byte	.LVL11
 285 0137 B5010000 		.4byte	0x1b5
 286 013b 45010000 		.4byte	0x145
 287 013f 0A       		.uleb128 0xa
 288 0140 01       		.uleb128 0x1
 289 0141 50       		.byte	0x50
 290 0142 01       		.uleb128 0x1
 291 0143 30       		.byte	0x30
 292 0144 00       		.byte	0
ARM GAS  C:\Users\asol17\AppData\Local\Temp\ccHlmM2T.s 			page 7


 293 0145 09       		.uleb128 0x9
 294 0146 4C000000 		.4byte	.LVL12
 295 014a AA010000 		.4byte	0x1aa
 296 014e 58010000 		.4byte	0x158
 297 0152 0A       		.uleb128 0xa
 298 0153 01       		.uleb128 0x1
 299 0154 50       		.byte	0x50
 300 0155 01       		.uleb128 0x1
 301 0156 30       		.byte	0x30
 302 0157 00       		.byte	0
 303 0158 09       		.uleb128 0x9
 304 0159 52000000 		.4byte	.LVL13
 305 015d B5010000 		.4byte	0x1b5
 306 0161 6B010000 		.4byte	0x16b
 307 0165 0A       		.uleb128 0xa
 308 0166 01       		.uleb128 0x1
 309 0167 50       		.byte	0x50
 310 0168 01       		.uleb128 0x1
 311 0169 31       		.byte	0x31
 312 016a 00       		.byte	0
 313 016b 09       		.uleb128 0x9
 314 016c 5E000000 		.4byte	.LVL14
 315 0170 AA010000 		.4byte	0x1aa
 316 0174 7E010000 		.4byte	0x17e
 317 0178 0A       		.uleb128 0xa
 318 0179 01       		.uleb128 0x1
 319 017a 50       		.byte	0x50
 320 017b 01       		.uleb128 0x1
 321 017c 31       		.byte	0x31
 322 017d 00       		.byte	0
 323 017e 0B       		.uleb128 0xb
 324 017f 64000000 		.4byte	.LVL15
 325 0183 B5010000 		.4byte	0x1b5
 326 0187 0A       		.uleb128 0xa
 327 0188 01       		.uleb128 0x1
 328 0189 50       		.byte	0x50
 329 018a 01       		.uleb128 0x1
 330 018b 31       		.byte	0x31
 331 018c 00       		.byte	0
 332 018d 00       		.byte	0
 333 018e 0C       		.uleb128 0xc
 334 018f 4B010000 		.4byte	.LASF26
 335 0193 08       		.byte	0x8
 336 0194 1207     		.2byte	0x712
 337 0196 9A010000 		.4byte	0x19a
 338 019a 0D       		.uleb128 0xd
 339 019b 76000000 		.4byte	0x76
 340 019f 0E       		.uleb128 0xe
 341 01a0 35010000 		.4byte	.LASF19
 342 01a4 35010000 		.4byte	.LASF19
 343 01a8 05       		.byte	0x5
 344 01a9 29       		.byte	0x29
 345 01aa 0E       		.uleb128 0xe
 346 01ab 09010000 		.4byte	.LASF20
 347 01af 09010000 		.4byte	.LASF20
 348 01b3 06       		.byte	0x6
 349 01b4 26       		.byte	0x26
ARM GAS  C:\Users\asol17\AppData\Local\Temp\ccHlmM2T.s 			page 8


 350 01b5 0E       		.uleb128 0xe
 351 01b6 2D010000 		.4byte	.LASF21
 352 01ba 2D010000 		.4byte	.LASF21
 353 01be 07       		.byte	0x7
 354 01bf 26       		.byte	0x26
 355 01c0 00       		.byte	0
 356              		.section	.debug_abbrev,"",%progbits
 357              	.Ldebug_abbrev0:
 358 0000 01       		.uleb128 0x1
 359 0001 11       		.uleb128 0x11
 360 0002 01       		.byte	0x1
 361 0003 25       		.uleb128 0x25
 362 0004 0E       		.uleb128 0xe
 363 0005 13       		.uleb128 0x13
 364 0006 0B       		.uleb128 0xb
 365 0007 03       		.uleb128 0x3
 366 0008 0E       		.uleb128 0xe
 367 0009 1B       		.uleb128 0x1b
 368 000a 0E       		.uleb128 0xe
 369 000b 55       		.uleb128 0x55
 370 000c 17       		.uleb128 0x17
 371 000d 11       		.uleb128 0x11
 372 000e 01       		.uleb128 0x1
 373 000f 10       		.uleb128 0x10
 374 0010 17       		.uleb128 0x17
 375 0011 00       		.byte	0
 376 0012 00       		.byte	0
 377 0013 02       		.uleb128 0x2
 378 0014 24       		.uleb128 0x24
 379 0015 00       		.byte	0
 380 0016 0B       		.uleb128 0xb
 381 0017 0B       		.uleb128 0xb
 382 0018 3E       		.uleb128 0x3e
 383 0019 0B       		.uleb128 0xb
 384 001a 03       		.uleb128 0x3
 385 001b 0E       		.uleb128 0xe
 386 001c 00       		.byte	0
 387 001d 00       		.byte	0
 388 001e 03       		.uleb128 0x3
 389 001f 16       		.uleb128 0x16
 390 0020 00       		.byte	0
 391 0021 03       		.uleb128 0x3
 392 0022 0E       		.uleb128 0xe
 393 0023 3A       		.uleb128 0x3a
 394 0024 0B       		.uleb128 0xb
 395 0025 3B       		.uleb128 0x3b
 396 0026 0B       		.uleb128 0xb
 397 0027 49       		.uleb128 0x49
 398 0028 13       		.uleb128 0x13
 399 0029 00       		.byte	0
 400 002a 00       		.byte	0
 401 002b 04       		.uleb128 0x4
 402 002c 24       		.uleb128 0x24
 403 002d 00       		.byte	0
 404 002e 0B       		.uleb128 0xb
 405 002f 0B       		.uleb128 0xb
 406 0030 3E       		.uleb128 0x3e
ARM GAS  C:\Users\asol17\AppData\Local\Temp\ccHlmM2T.s 			page 9


 407 0031 0B       		.uleb128 0xb
 408 0032 03       		.uleb128 0x3
 409 0033 08       		.uleb128 0x8
 410 0034 00       		.byte	0
 411 0035 00       		.byte	0
 412 0036 05       		.uleb128 0x5
 413 0037 16       		.uleb128 0x16
 414 0038 00       		.byte	0
 415 0039 03       		.uleb128 0x3
 416 003a 0E       		.uleb128 0xe
 417 003b 3A       		.uleb128 0x3a
 418 003c 0B       		.uleb128 0xb
 419 003d 3B       		.uleb128 0x3b
 420 003e 05       		.uleb128 0x5
 421 003f 49       		.uleb128 0x49
 422 0040 13       		.uleb128 0x13
 423 0041 00       		.byte	0
 424 0042 00       		.byte	0
 425 0043 06       		.uleb128 0x6
 426 0044 2E       		.uleb128 0x2e
 427 0045 01       		.byte	0x1
 428 0046 3F       		.uleb128 0x3f
 429 0047 19       		.uleb128 0x19
 430 0048 03       		.uleb128 0x3
 431 0049 0E       		.uleb128 0xe
 432 004a 3A       		.uleb128 0x3a
 433 004b 0B       		.uleb128 0xb
 434 004c 3B       		.uleb128 0x3b
 435 004d 0B       		.uleb128 0xb
 436 004e 27       		.uleb128 0x27
 437 004f 19       		.uleb128 0x19
 438 0050 49       		.uleb128 0x49
 439 0051 13       		.uleb128 0x13
 440 0052 8701     		.uleb128 0x87
 441 0054 19       		.uleb128 0x19
 442 0055 11       		.uleb128 0x11
 443 0056 01       		.uleb128 0x1
 444 0057 12       		.uleb128 0x12
 445 0058 06       		.uleb128 0x6
 446 0059 40       		.uleb128 0x40
 447 005a 18       		.uleb128 0x18
 448 005b 9742     		.uleb128 0x2117
 449 005d 19       		.uleb128 0x19
 450 005e 01       		.uleb128 0x1
 451 005f 13       		.uleb128 0x13
 452 0060 00       		.byte	0
 453 0061 00       		.byte	0
 454 0062 07       		.uleb128 0x7
 455 0063 34       		.uleb128 0x34
 456 0064 00       		.byte	0
 457 0065 03       		.uleb128 0x3
 458 0066 0E       		.uleb128 0xe
 459 0067 3A       		.uleb128 0x3a
 460 0068 0B       		.uleb128 0xb
 461 0069 3B       		.uleb128 0x3b
 462 006a 0B       		.uleb128 0xb
 463 006b 49       		.uleb128 0x49
ARM GAS  C:\Users\asol17\AppData\Local\Temp\ccHlmM2T.s 			page 10


 464 006c 13       		.uleb128 0x13
 465 006d 02       		.uleb128 0x2
 466 006e 17       		.uleb128 0x17
 467 006f 00       		.byte	0
 468 0070 00       		.byte	0
 469 0071 08       		.uleb128 0x8
 470 0072 898201   		.uleb128 0x4109
 471 0075 00       		.byte	0
 472 0076 11       		.uleb128 0x11
 473 0077 01       		.uleb128 0x1
 474 0078 31       		.uleb128 0x31
 475 0079 13       		.uleb128 0x13
 476 007a 00       		.byte	0
 477 007b 00       		.byte	0
 478 007c 09       		.uleb128 0x9
 479 007d 898201   		.uleb128 0x4109
 480 0080 01       		.byte	0x1
 481 0081 11       		.uleb128 0x11
 482 0082 01       		.uleb128 0x1
 483 0083 31       		.uleb128 0x31
 484 0084 13       		.uleb128 0x13
 485 0085 01       		.uleb128 0x1
 486 0086 13       		.uleb128 0x13
 487 0087 00       		.byte	0
 488 0088 00       		.byte	0
 489 0089 0A       		.uleb128 0xa
 490 008a 8A8201   		.uleb128 0x410a
 491 008d 00       		.byte	0
 492 008e 02       		.uleb128 0x2
 493 008f 18       		.uleb128 0x18
 494 0090 9142     		.uleb128 0x2111
 495 0092 18       		.uleb128 0x18
 496 0093 00       		.byte	0
 497 0094 00       		.byte	0
 498 0095 0B       		.uleb128 0xb
 499 0096 898201   		.uleb128 0x4109
 500 0099 01       		.byte	0x1
 501 009a 11       		.uleb128 0x11
 502 009b 01       		.uleb128 0x1
 503 009c 31       		.uleb128 0x31
 504 009d 13       		.uleb128 0x13
 505 009e 00       		.byte	0
 506 009f 00       		.byte	0
 507 00a0 0C       		.uleb128 0xc
 508 00a1 34       		.uleb128 0x34
 509 00a2 00       		.byte	0
 510 00a3 03       		.uleb128 0x3
 511 00a4 0E       		.uleb128 0xe
 512 00a5 3A       		.uleb128 0x3a
 513 00a6 0B       		.uleb128 0xb
 514 00a7 3B       		.uleb128 0x3b
 515 00a8 05       		.uleb128 0x5
 516 00a9 49       		.uleb128 0x49
 517 00aa 13       		.uleb128 0x13
 518 00ab 3F       		.uleb128 0x3f
 519 00ac 19       		.uleb128 0x19
 520 00ad 3C       		.uleb128 0x3c
ARM GAS  C:\Users\asol17\AppData\Local\Temp\ccHlmM2T.s 			page 11


 521 00ae 19       		.uleb128 0x19
 522 00af 00       		.byte	0
 523 00b0 00       		.byte	0
 524 00b1 0D       		.uleb128 0xd
 525 00b2 35       		.uleb128 0x35
 526 00b3 00       		.byte	0
 527 00b4 49       		.uleb128 0x49
 528 00b5 13       		.uleb128 0x13
 529 00b6 00       		.byte	0
 530 00b7 00       		.byte	0
 531 00b8 0E       		.uleb128 0xe
 532 00b9 2E       		.uleb128 0x2e
 533 00ba 00       		.byte	0
 534 00bb 3F       		.uleb128 0x3f
 535 00bc 19       		.uleb128 0x19
 536 00bd 3C       		.uleb128 0x3c
 537 00be 19       		.uleb128 0x19
 538 00bf 6E       		.uleb128 0x6e
 539 00c0 0E       		.uleb128 0xe
 540 00c1 03       		.uleb128 0x3
 541 00c2 0E       		.uleb128 0xe
 542 00c3 3A       		.uleb128 0x3a
 543 00c4 0B       		.uleb128 0xb
 544 00c5 3B       		.uleb128 0x3b
 545 00c6 0B       		.uleb128 0xb
 546 00c7 00       		.byte	0
 547 00c8 00       		.byte	0
 548 00c9 00       		.byte	0
 549              		.section	.debug_loc,"",%progbits
 550              	.Ldebug_loc0:
 551              	.LLST0:
 552 0000 04000000 		.4byte	.LVL0
 553 0004 08000000 		.4byte	.LVL1
 554 0008 0200     		.2byte	0x2
 555 000a 30       		.byte	0x30
 556 000b 9F       		.byte	0x9f
 557 000c 08000000 		.4byte	.LVL1
 558 0010 18000000 		.4byte	.LVL5
 559 0014 0100     		.2byte	0x1
 560 0016 54       		.byte	0x54
 561 0017 1A000000 		.4byte	.LVL6
 562 001b 66000000 		.4byte	.LFE63
 563 001f 0100     		.2byte	0x1
 564 0021 54       		.byte	0x54
 565 0022 00000000 		.4byte	0
 566 0026 00000000 		.4byte	0
 567              	.LLST1:
 568 002a 04000000 		.4byte	.LVL0
 569 002e 08000000 		.4byte	.LVL1
 570 0032 0200     		.2byte	0x2
 571 0034 30       		.byte	0x30
 572 0035 9F       		.byte	0x9f
 573 0036 08000000 		.4byte	.LVL1
 574 003a 66000000 		.4byte	.LFE63
 575 003e 0100     		.2byte	0x1
 576 0040 55       		.byte	0x55
 577 0041 00000000 		.4byte	0
ARM GAS  C:\Users\asol17\AppData\Local\Temp\ccHlmM2T.s 			page 12


 578 0045 00000000 		.4byte	0
 579              		.section	.debug_aranges,"",%progbits
 580 0000 1C000000 		.4byte	0x1c
 581 0004 0200     		.2byte	0x2
 582 0006 00000000 		.4byte	.Ldebug_info0
 583 000a 04       		.byte	0x4
 584 000b 00       		.byte	0
 585 000c 0000     		.2byte	0
 586 000e 0000     		.2byte	0
 587 0010 00000000 		.4byte	.LFB63
 588 0014 66000000 		.4byte	.LFE63-.LFB63
 589 0018 00000000 		.4byte	0
 590 001c 00000000 		.4byte	0
 591              		.section	.debug_ranges,"",%progbits
 592              	.Ldebug_ranges0:
 593 0000 00000000 		.4byte	.LFB63
 594 0004 66000000 		.4byte	.LFE63
 595 0008 00000000 		.4byte	0
 596 000c 00000000 		.4byte	0
 597              		.section	.debug_line,"",%progbits
 598              	.Ldebug_line0:
 599 0000 64010000 		.section	.debug_str,"MS",%progbits,1
 599      02003B01 
 599      00000201 
 599      FB0E0D00 
 599      01010101 
 600              	.LASF6:
 601 0000 6C6F6E67 		.ascii	"long long int\000"
 601      206C6F6E 
 601      6720696E 
 601      7400
 602              	.LASF3:
 603 000e 73686F72 		.ascii	"short unsigned int\000"
 603      7420756E 
 603      7369676E 
 603      65642069 
 603      6E7400
 604              	.LASF8:
 605 0021 756E7369 		.ascii	"unsigned int\000"
 605      676E6564 
 605      20696E74 
 605      00
 606              	.LASF23:
 607 002e 6D61696E 		.ascii	"main.c\000"
 607      2E6300
 608              	.LASF25:
 609 0035 6D61696E 		.ascii	"main\000"
 609      00
 610              	.LASF22:
 611 003a 474E5520 		.ascii	"GNU C11 5.4.1 20160609 (release) [ARM/embedded-5-br"
 611      43313120 
 611      352E342E 
 611      31203230 
 611      31363036 
 612 006d 616E6368 		.ascii	"anch revision 237715] -mcpu=cortex-m3 -mthumb -g -O"
 612      20726576 
 612      6973696F 
ARM GAS  C:\Users\asol17\AppData\Local\Temp\ccHlmM2T.s 			page 13


 612      6E203233 
 612      37373135 
 613 00a0 67202D66 		.ascii	"g -ffunction-sections -ffat-lto-objects\000"
 613      66756E63 
 613      74696F6E 
 613      2D736563 
 613      74696F6E 
 614              	.LASF11:
 615 00c8 75696E74 		.ascii	"uint8\000"
 615      3800
 616              	.LASF5:
 617 00ce 6C6F6E67 		.ascii	"long unsigned int\000"
 617      20756E73 
 617      69676E65 
 617      6420696E 
 617      7400
 618              	.LASF7:
 619 00e0 6C6F6E67 		.ascii	"long long unsigned int\000"
 619      206C6F6E 
 619      6720756E 
 619      7369676E 
 619      65642069 
 620              	.LASF18:
 621 00f7 73776974 		.ascii	"switchState\000"
 621      63685374 
 621      61746500 
 622              	.LASF12:
 623 0103 666C6F61 		.ascii	"float\000"
 623      7400
 624              	.LASF20:
 625 0109 415F5772 		.ascii	"A_Write\000"
 625      69746500 
 626              	.LASF1:
 627 0111 756E7369 		.ascii	"unsigned char\000"
 627      676E6564 
 627      20636861 
 627      7200
 628              	.LASF14:
 629 011f 63686172 		.ascii	"char\000"
 629      00
 630              	.LASF4:
 631 0124 6C6F6E67 		.ascii	"long int\000"
 631      20696E74 
 631      00
 632              	.LASF21:
 633 012d 425F5772 		.ascii	"B_Write\000"
 633      69746500 
 634              	.LASF19:
 635 0135 53776974 		.ascii	"SwitchOut_Read\000"
 635      63684F75 
 635      745F5265 
 635      616400
 636              	.LASF13:
 637 0144 646F7562 		.ascii	"double\000"
 637      6C6500
 638              	.LASF26:
 639 014b 49544D5F 		.ascii	"ITM_RxBuffer\000"
ARM GAS  C:\Users\asol17\AppData\Local\Temp\ccHlmM2T.s 			page 14


 639      52784275 
 639      66666572 
 639      00
 640              	.LASF0:
 641 0158 7369676E 		.ascii	"signed char\000"
 641      65642063 
 641      68617200 
 642              	.LASF16:
 643 0164 6C6F6E67 		.ascii	"long double\000"
 643      20646F75 
 643      626C6500 
 644              	.LASF9:
 645 0170 5F5F696E 		.ascii	"__int32_t\000"
 645      7433325F 
 645      7400
 646              	.LASF24:
 647 017a 433A5C55 		.ascii	"C:\\Users\\asol17\\Documents\\Uni\\P6\\Digital Desi"
 647      73657273 
 647      5C61736F 
 647      6C31375C 
 647      446F6375 
 648 01a7 676E5C4C 		.ascii	"gn\\Lecture_8\\Lecture_8\\Lecture_8.cydsn\000"
 648      65637475 
 648      72655F38 
 648      5C4C6563 
 648      74757265 
 649              	.LASF17:
 650 01ce 53746174 		.ascii	"State\000"
 650      6500
 651              	.LASF2:
 652 01d4 73686F72 		.ascii	"short int\000"
 652      7420696E 
 652      7400
 653              	.LASF10:
 654 01de 696E7433 		.ascii	"int32_t\000"
 654      325F7400 
 655              	.LASF15:
 656 01e6 73697A65 		.ascii	"sizetype\000"
 656      74797065 
 656      00
 657              		.ident	"GCC: (GNU Tools for ARM Embedded Processors) 5.4.1 20160609 (release) [ARM/embedded-5-bran
