ARM GAS  C:\Users\asol17\AppData\Local\Temp\ccMtW0iL.s 			page 1


   1              		.syntax unified
   2              		.cpu cortex-m3
   3              		.fpu softvfp
   4              		.eabi_attribute 20, 1
   5              		.eabi_attribute 21, 1
   6              		.eabi_attribute 23, 3
   7              		.eabi_attribute 24, 1
   8              		.eabi_attribute 25, 1
   9              		.eabi_attribute 26, 1
  10              		.eabi_attribute 30, 1
  11              		.eabi_attribute 34, 1
  12              		.eabi_attribute 18, 4
  13              		.thumb
  14              		.syntax unified
  15              		.file	"main.c"
  16              		.text
  17              	.Ltext0:
  18              		.cfi_sections	.debug_frame
  19              		.section	.text.Pin_SW2_Handler,"ax",%progbits
  20              		.align	2
  21              		.global	Pin_SW2_Handler
  22              		.thumb
  23              		.thumb_func
  24              		.type	Pin_SW2_Handler, %function
  25              	Pin_SW2_Handler:
  26              	.LFB63:
  27              		.file 1 "main.c"
   1:main.c        **** /* ========================================
   2:main.c        ****  *
   3:main.c        ****  * Copyright YOUR COMPANY, THE YEAR
   4:main.c        ****  * All Rights Reserved
   5:main.c        ****  * UNPUBLISHED, LICENSED SOFTWARE.
   6:main.c        ****  *
   7:main.c        ****  * CONFIDENTIAL AND PROPRIETARY INFORMATION
   8:main.c        ****  * WHICH IS THE PROPERTY OF your company.
   9:main.c        ****  *
  10:main.c        ****  * ========================================
  11:main.c        **** */
  12:main.c        **** #include "project.h"
  13:main.c        **** 
  14:main.c        **** CY_ISR(Pin_SW2_Handler){
  28              		.loc 1 14 0
  29              		.cfi_startproc
  30              		@ args = 0, pretend = 0, frame = 0
  31              		@ frame_needed = 0, uses_anonymous_args = 0
  32 0000 08B5     		push	{r3, lr}
  33              		.cfi_def_cfa_offset 8
  34              		.cfi_offset 3, -8
  35              		.cfi_offset 14, -4
  15:main.c        **** LED_1_Write(~ LED_1_Read());
  36              		.loc 1 15 0
  37 0002 FFF7FEFF 		bl	LED_1_Read
  38              	.LVL0:
  39 0006 C043     		mvns	r0, r0
  40 0008 C0B2     		uxtb	r0, r0
  41 000a FFF7FEFF 		bl	LED_1_Write
  42              	.LVL1:
ARM GAS  C:\Users\asol17\AppData\Local\Temp\ccMtW0iL.s 			page 2


  16:main.c        **** 
  17:main.c        **** Pin_SW2_ClearInterrupt();
  43              		.loc 1 17 0
  44 000e FFF7FEFF 		bl	Pin_SW2_ClearInterrupt
  45              	.LVL2:
  46 0012 08BD     		pop	{r3, pc}
  47              		.cfi_endproc
  48              	.LFE63:
  49              		.size	Pin_SW2_Handler, .-Pin_SW2_Handler
  50              		.section	.text.main,"ax",%progbits
  51              		.align	2
  52              		.global	main
  53              		.thumb
  54              		.thumb_func
  55              		.type	main, %function
  56              	main:
  57              	.LFB64:
  18:main.c        **** }
  19:main.c        **** 
  20:main.c        **** int main(void)
  21:main.c        **** {
  58              		.loc 1 21 0
  59              		.cfi_startproc
  60              		@ Volatile: function does not return.
  61              		@ args = 0, pretend = 0, frame = 0
  62              		@ frame_needed = 0, uses_anonymous_args = 0
  63 0000 08B5     		push	{r3, lr}
  64              		.cfi_def_cfa_offset 8
  65              		.cfi_offset 3, -8
  66              		.cfi_offset 14, -4
  22:main.c        ****     CyGlobalIntEnable; /* Enable global interrupts. */
  67              		.loc 1 22 0
  68              		.syntax unified
  69              	@ 22 "main.c" 1
  70 0002 62B6     		CPSIE   i
  71              	@ 0 "" 2
  23:main.c        ****     
  24:main.c        ****     Pin_SW2_Int_StartEx(Pin_SW2_Handler);
  72              		.loc 1 24 0
  73              		.thumb
  74              		.syntax unified
  75 0004 0148     		ldr	r0, .L6
  76 0006 FFF7FEFF 		bl	Pin_SW2_Int_StartEx
  77              	.LVL3:
  78              	.L4:
  79 000a FEE7     		b	.L4
  80              	.L7:
  81              		.align	2
  82              	.L6:
  83 000c 00000000 		.word	Pin_SW2_Handler
  84              		.cfi_endproc
  85              	.LFE64:
  86              		.size	main, .-main
  87              		.text
  88              	.Letext0:
  89              		.file 2 "f:\\psoc\\psoc creator\\4.3\\psoc creator\\import\\gnu\\arm\\5.4.1\\arm-none-eabi\\includ
  90              		.file 3 "f:\\psoc\\psoc creator\\4.3\\psoc creator\\import\\gnu\\arm\\5.4.1\\arm-none-eabi\\includ
ARM GAS  C:\Users\asol17\AppData\Local\Temp\ccMtW0iL.s 			page 3


  91              		.file 4 "Generated_Source\\PSoC5/LED_1.h"
  92              		.file 5 "Generated_Source\\PSoC5/Pin_SW2.h"
  93              		.file 6 "Generated_Source\\PSoC5/Pin_SW2_Int.h"
  94              		.file 7 "Generated_Source\\PSoC5/core_cm3.h"
  95              		.section	.debug_info,"",%progbits
  96              	.Ldebug_info0:
  97 0000 3C010000 		.4byte	0x13c
  98 0004 0400     		.2byte	0x4
  99 0006 00000000 		.4byte	.Ldebug_abbrev0
 100 000a 04       		.byte	0x4
 101 000b 01       		.uleb128 0x1
 102 000c A7000000 		.4byte	.LASF20
 103 0010 0C       		.byte	0xc
 104 0011 8F000000 		.4byte	.LASF21
 105 0015 22000000 		.4byte	.LASF22
 106 0019 00000000 		.4byte	.Ldebug_ranges0+0
 107 001d 00000000 		.4byte	0
 108 0021 00000000 		.4byte	.Ldebug_line0
 109 0025 02       		.uleb128 0x2
 110 0026 01       		.byte	0x1
 111 0027 06       		.byte	0x6
 112 0028 C8010000 		.4byte	.LASF0
 113 002c 02       		.uleb128 0x2
 114 002d 01       		.byte	0x1
 115 002e 08       		.byte	0x8
 116 002f 98010000 		.4byte	.LASF1
 117 0033 02       		.uleb128 0x2
 118 0034 02       		.byte	0x2
 119 0035 05       		.byte	0x5
 120 0036 F0010000 		.4byte	.LASF2
 121 003a 02       		.uleb128 0x2
 122 003b 02       		.byte	0x2
 123 003c 07       		.byte	0x7
 124 003d 75010000 		.4byte	.LASF3
 125 0041 03       		.uleb128 0x3
 126 0042 E0010000 		.4byte	.LASF9
 127 0046 02       		.byte	0x2
 128 0047 3F       		.byte	0x3f
 129 0048 4C000000 		.4byte	0x4c
 130 004c 02       		.uleb128 0x2
 131 004d 04       		.byte	0x4
 132 004e 05       		.byte	0x5
 133 004f AB010000 		.4byte	.LASF4
 134 0053 02       		.uleb128 0x2
 135 0054 04       		.byte	0x4
 136 0055 07       		.byte	0x7
 137 0056 35010000 		.4byte	.LASF5
 138 005a 02       		.uleb128 0x2
 139 005b 08       		.byte	0x8
 140 005c 05       		.byte	0x5
 141 005d 00000000 		.4byte	.LASF6
 142 0061 02       		.uleb128 0x2
 143 0062 08       		.byte	0x8
 144 0063 07       		.byte	0x7
 145 0064 47010000 		.4byte	.LASF7
 146 0068 04       		.uleb128 0x4
 147 0069 04       		.byte	0x4
ARM GAS  C:\Users\asol17\AppData\Local\Temp\ccMtW0iL.s 			page 4


 148 006a 05       		.byte	0x5
 149 006b 696E7400 		.ascii	"int\000"
 150 006f 02       		.uleb128 0x2
 151 0070 04       		.byte	0x4
 152 0071 07       		.byte	0x7
 153 0072 77000000 		.4byte	.LASF8
 154 0076 03       		.uleb128 0x3
 155 0077 FA010000 		.4byte	.LASF10
 156 007b 03       		.byte	0x3
 157 007c 2C       		.byte	0x2c
 158 007d 41000000 		.4byte	0x41
 159 0081 02       		.uleb128 0x2
 160 0082 04       		.byte	0x4
 161 0083 04       		.byte	0x4
 162 0084 EA010000 		.4byte	.LASF11
 163 0088 02       		.uleb128 0x2
 164 0089 08       		.byte	0x8
 165 008a 04       		.byte	0x4
 166 008b B4010000 		.4byte	.LASF12
 167 008f 02       		.uleb128 0x2
 168 0090 01       		.byte	0x1
 169 0091 08       		.byte	0x8
 170 0092 A6010000 		.4byte	.LASF13
 171 0096 02       		.uleb128 0x2
 172 0097 04       		.byte	0x4
 173 0098 07       		.byte	0x7
 174 0099 02020000 		.4byte	.LASF14
 175 009d 02       		.uleb128 0x2
 176 009e 08       		.byte	0x8
 177 009f 04       		.byte	0x4
 178 00a0 D4010000 		.4byte	.LASF15
 179 00a4 05       		.uleb128 0x5
 180 00a5 88010000 		.4byte	.LASF23
 181 00a9 01       		.byte	0x1
 182 00aa 0E       		.byte	0xe
 183 00ab 00000000 		.4byte	.LFB63
 184 00af 14000000 		.4byte	.LFE63-.LFB63
 185 00b3 01       		.uleb128 0x1
 186 00b4 9C       		.byte	0x9c
 187 00b5 D5000000 		.4byte	0xd5
 188 00b9 06       		.uleb128 0x6
 189 00ba 06000000 		.4byte	.LVL0
 190 00be 13010000 		.4byte	0x113
 191 00c2 06       		.uleb128 0x6
 192 00c3 0E000000 		.4byte	.LVL1
 193 00c7 1E010000 		.4byte	0x11e
 194 00cb 06       		.uleb128 0x6
 195 00cc 12000000 		.4byte	.LVL2
 196 00d0 29010000 		.4byte	0x129
 197 00d4 00       		.byte	0
 198 00d5 07       		.uleb128 0x7
 199 00d6 96000000 		.4byte	.LASF24
 200 00da 01       		.byte	0x1
 201 00db 14       		.byte	0x14
 202 00dc 68000000 		.4byte	0x68
 203 00e0 00000000 		.4byte	.LFB64
 204 00e4 10000000 		.4byte	.LFE64-.LFB64
ARM GAS  C:\Users\asol17\AppData\Local\Temp\ccMtW0iL.s 			page 5


 205 00e8 01       		.uleb128 0x1
 206 00e9 9C       		.byte	0x9c
 207 00ea 02010000 		.4byte	0x102
 208 00ee 08       		.uleb128 0x8
 209 00ef 0A000000 		.4byte	.LVL3
 210 00f3 34010000 		.4byte	0x134
 211 00f7 09       		.uleb128 0x9
 212 00f8 01       		.uleb128 0x1
 213 00f9 50       		.byte	0x50
 214 00fa 05       		.uleb128 0x5
 215 00fb 03       		.byte	0x3
 216 00fc 00000000 		.4byte	Pin_SW2_Handler
 217 0100 00       		.byte	0
 218 0101 00       		.byte	0
 219 0102 0A       		.uleb128 0xa
 220 0103 BB010000 		.4byte	.LASF25
 221 0107 07       		.byte	0x7
 222 0108 1207     		.2byte	0x712
 223 010a 0E010000 		.4byte	0x10e
 224 010e 0B       		.uleb128 0xb
 225 010f 76000000 		.4byte	0x76
 226 0113 0C       		.uleb128 0xc
 227 0114 84000000 		.4byte	.LASF16
 228 0118 84000000 		.4byte	.LASF16
 229 011c 04       		.byte	0x4
 230 011d 29       		.byte	0x29
 231 011e 0C       		.uleb128 0xc
 232 011f 9B000000 		.4byte	.LASF17
 233 0123 9B000000 		.4byte	.LASF17
 234 0127 04       		.byte	0x4
 235 0128 26       		.byte	0x26
 236 0129 0C       		.uleb128 0xc
 237 012a 5E010000 		.4byte	.LASF18
 238 012e 5E010000 		.4byte	.LASF18
 239 0132 05       		.byte	0x5
 240 0133 2B       		.byte	0x2b
 241 0134 0C       		.uleb128 0xc
 242 0135 0E000000 		.4byte	.LASF19
 243 0139 0E000000 		.4byte	.LASF19
 244 013d 06       		.byte	0x6
 245 013e 18       		.byte	0x18
 246 013f 00       		.byte	0
 247              		.section	.debug_abbrev,"",%progbits
 248              	.Ldebug_abbrev0:
 249 0000 01       		.uleb128 0x1
 250 0001 11       		.uleb128 0x11
 251 0002 01       		.byte	0x1
 252 0003 25       		.uleb128 0x25
 253 0004 0E       		.uleb128 0xe
 254 0005 13       		.uleb128 0x13
 255 0006 0B       		.uleb128 0xb
 256 0007 03       		.uleb128 0x3
 257 0008 0E       		.uleb128 0xe
 258 0009 1B       		.uleb128 0x1b
 259 000a 0E       		.uleb128 0xe
 260 000b 55       		.uleb128 0x55
 261 000c 17       		.uleb128 0x17
ARM GAS  C:\Users\asol17\AppData\Local\Temp\ccMtW0iL.s 			page 6


 262 000d 11       		.uleb128 0x11
 263 000e 01       		.uleb128 0x1
 264 000f 10       		.uleb128 0x10
 265 0010 17       		.uleb128 0x17
 266 0011 00       		.byte	0
 267 0012 00       		.byte	0
 268 0013 02       		.uleb128 0x2
 269 0014 24       		.uleb128 0x24
 270 0015 00       		.byte	0
 271 0016 0B       		.uleb128 0xb
 272 0017 0B       		.uleb128 0xb
 273 0018 3E       		.uleb128 0x3e
 274 0019 0B       		.uleb128 0xb
 275 001a 03       		.uleb128 0x3
 276 001b 0E       		.uleb128 0xe
 277 001c 00       		.byte	0
 278 001d 00       		.byte	0
 279 001e 03       		.uleb128 0x3
 280 001f 16       		.uleb128 0x16
 281 0020 00       		.byte	0
 282 0021 03       		.uleb128 0x3
 283 0022 0E       		.uleb128 0xe
 284 0023 3A       		.uleb128 0x3a
 285 0024 0B       		.uleb128 0xb
 286 0025 3B       		.uleb128 0x3b
 287 0026 0B       		.uleb128 0xb
 288 0027 49       		.uleb128 0x49
 289 0028 13       		.uleb128 0x13
 290 0029 00       		.byte	0
 291 002a 00       		.byte	0
 292 002b 04       		.uleb128 0x4
 293 002c 24       		.uleb128 0x24
 294 002d 00       		.byte	0
 295 002e 0B       		.uleb128 0xb
 296 002f 0B       		.uleb128 0xb
 297 0030 3E       		.uleb128 0x3e
 298 0031 0B       		.uleb128 0xb
 299 0032 03       		.uleb128 0x3
 300 0033 08       		.uleb128 0x8
 301 0034 00       		.byte	0
 302 0035 00       		.byte	0
 303 0036 05       		.uleb128 0x5
 304 0037 2E       		.uleb128 0x2e
 305 0038 01       		.byte	0x1
 306 0039 3F       		.uleb128 0x3f
 307 003a 19       		.uleb128 0x19
 308 003b 03       		.uleb128 0x3
 309 003c 0E       		.uleb128 0xe
 310 003d 3A       		.uleb128 0x3a
 311 003e 0B       		.uleb128 0xb
 312 003f 3B       		.uleb128 0x3b
 313 0040 0B       		.uleb128 0xb
 314 0041 27       		.uleb128 0x27
 315 0042 19       		.uleb128 0x19
 316 0043 11       		.uleb128 0x11
 317 0044 01       		.uleb128 0x1
 318 0045 12       		.uleb128 0x12
ARM GAS  C:\Users\asol17\AppData\Local\Temp\ccMtW0iL.s 			page 7


 319 0046 06       		.uleb128 0x6
 320 0047 40       		.uleb128 0x40
 321 0048 18       		.uleb128 0x18
 322 0049 9742     		.uleb128 0x2117
 323 004b 19       		.uleb128 0x19
 324 004c 01       		.uleb128 0x1
 325 004d 13       		.uleb128 0x13
 326 004e 00       		.byte	0
 327 004f 00       		.byte	0
 328 0050 06       		.uleb128 0x6
 329 0051 898201   		.uleb128 0x4109
 330 0054 00       		.byte	0
 331 0055 11       		.uleb128 0x11
 332 0056 01       		.uleb128 0x1
 333 0057 31       		.uleb128 0x31
 334 0058 13       		.uleb128 0x13
 335 0059 00       		.byte	0
 336 005a 00       		.byte	0
 337 005b 07       		.uleb128 0x7
 338 005c 2E       		.uleb128 0x2e
 339 005d 01       		.byte	0x1
 340 005e 3F       		.uleb128 0x3f
 341 005f 19       		.uleb128 0x19
 342 0060 03       		.uleb128 0x3
 343 0061 0E       		.uleb128 0xe
 344 0062 3A       		.uleb128 0x3a
 345 0063 0B       		.uleb128 0xb
 346 0064 3B       		.uleb128 0x3b
 347 0065 0B       		.uleb128 0xb
 348 0066 27       		.uleb128 0x27
 349 0067 19       		.uleb128 0x19
 350 0068 49       		.uleb128 0x49
 351 0069 13       		.uleb128 0x13
 352 006a 8701     		.uleb128 0x87
 353 006c 19       		.uleb128 0x19
 354 006d 11       		.uleb128 0x11
 355 006e 01       		.uleb128 0x1
 356 006f 12       		.uleb128 0x12
 357 0070 06       		.uleb128 0x6
 358 0071 40       		.uleb128 0x40
 359 0072 18       		.uleb128 0x18
 360 0073 9742     		.uleb128 0x2117
 361 0075 19       		.uleb128 0x19
 362 0076 01       		.uleb128 0x1
 363 0077 13       		.uleb128 0x13
 364 0078 00       		.byte	0
 365 0079 00       		.byte	0
 366 007a 08       		.uleb128 0x8
 367 007b 898201   		.uleb128 0x4109
 368 007e 01       		.byte	0x1
 369 007f 11       		.uleb128 0x11
 370 0080 01       		.uleb128 0x1
 371 0081 31       		.uleb128 0x31
 372 0082 13       		.uleb128 0x13
 373 0083 00       		.byte	0
 374 0084 00       		.byte	0
 375 0085 09       		.uleb128 0x9
ARM GAS  C:\Users\asol17\AppData\Local\Temp\ccMtW0iL.s 			page 8


 376 0086 8A8201   		.uleb128 0x410a
 377 0089 00       		.byte	0
 378 008a 02       		.uleb128 0x2
 379 008b 18       		.uleb128 0x18
 380 008c 9142     		.uleb128 0x2111
 381 008e 18       		.uleb128 0x18
 382 008f 00       		.byte	0
 383 0090 00       		.byte	0
 384 0091 0A       		.uleb128 0xa
 385 0092 34       		.uleb128 0x34
 386 0093 00       		.byte	0
 387 0094 03       		.uleb128 0x3
 388 0095 0E       		.uleb128 0xe
 389 0096 3A       		.uleb128 0x3a
 390 0097 0B       		.uleb128 0xb
 391 0098 3B       		.uleb128 0x3b
 392 0099 05       		.uleb128 0x5
 393 009a 49       		.uleb128 0x49
 394 009b 13       		.uleb128 0x13
 395 009c 3F       		.uleb128 0x3f
 396 009d 19       		.uleb128 0x19
 397 009e 3C       		.uleb128 0x3c
 398 009f 19       		.uleb128 0x19
 399 00a0 00       		.byte	0
 400 00a1 00       		.byte	0
 401 00a2 0B       		.uleb128 0xb
 402 00a3 35       		.uleb128 0x35
 403 00a4 00       		.byte	0
 404 00a5 49       		.uleb128 0x49
 405 00a6 13       		.uleb128 0x13
 406 00a7 00       		.byte	0
 407 00a8 00       		.byte	0
 408 00a9 0C       		.uleb128 0xc
 409 00aa 2E       		.uleb128 0x2e
 410 00ab 00       		.byte	0
 411 00ac 3F       		.uleb128 0x3f
 412 00ad 19       		.uleb128 0x19
 413 00ae 3C       		.uleb128 0x3c
 414 00af 19       		.uleb128 0x19
 415 00b0 6E       		.uleb128 0x6e
 416 00b1 0E       		.uleb128 0xe
 417 00b2 03       		.uleb128 0x3
 418 00b3 0E       		.uleb128 0xe
 419 00b4 3A       		.uleb128 0x3a
 420 00b5 0B       		.uleb128 0xb
 421 00b6 3B       		.uleb128 0x3b
 422 00b7 0B       		.uleb128 0xb
 423 00b8 00       		.byte	0
 424 00b9 00       		.byte	0
 425 00ba 00       		.byte	0
 426              		.section	.debug_aranges,"",%progbits
 427 0000 24000000 		.4byte	0x24
 428 0004 0200     		.2byte	0x2
 429 0006 00000000 		.4byte	.Ldebug_info0
 430 000a 04       		.byte	0x4
 431 000b 00       		.byte	0
 432 000c 0000     		.2byte	0
ARM GAS  C:\Users\asol17\AppData\Local\Temp\ccMtW0iL.s 			page 9


 433 000e 0000     		.2byte	0
 434 0010 00000000 		.4byte	.LFB63
 435 0014 14000000 		.4byte	.LFE63-.LFB63
 436 0018 00000000 		.4byte	.LFB64
 437 001c 10000000 		.4byte	.LFE64-.LFB64
 438 0020 00000000 		.4byte	0
 439 0024 00000000 		.4byte	0
 440              		.section	.debug_ranges,"",%progbits
 441              	.Ldebug_ranges0:
 442 0000 00000000 		.4byte	.LFB63
 443 0004 14000000 		.4byte	.LFE63
 444 0008 00000000 		.4byte	.LFB64
 445 000c 10000000 		.4byte	.LFE64
 446 0010 00000000 		.4byte	0
 447 0014 00000000 		.4byte	0
 448              		.section	.debug_line,"",%progbits
 449              	.Ldebug_line0:
 450 0000 62010000 		.section	.debug_str,"MS",%progbits,1
 450      02003A01 
 450      00000201 
 450      FB0E0D00 
 450      01010101 
 451              	.LASF6:
 452 0000 6C6F6E67 		.ascii	"long long int\000"
 452      206C6F6E 
 452      6720696E 
 452      7400
 453              	.LASF19:
 454 000e 50696E5F 		.ascii	"Pin_SW2_Int_StartEx\000"
 454      5357325F 
 454      496E745F 
 454      53746172 
 454      74457800 
 455              	.LASF22:
 456 0022 433A5C55 		.ascii	"C:\\Users\\asol17\\Documents\\Uni\\P6\\Digital Desi"
 456      73657273 
 456      5C61736F 
 456      6C31375C 
 456      446F6375 
 457 004f 676E5C4C 		.ascii	"gn\\Lecture_14\\Lecture14\\Lecture14.cydsn\000"
 457      65637475 
 457      72655F31 
 457      345C4C65 
 457      63747572 
 458              	.LASF8:
 459 0077 756E7369 		.ascii	"unsigned int\000"
 459      676E6564 
 459      20696E74 
 459      00
 460              	.LASF16:
 461 0084 4C45445F 		.ascii	"LED_1_Read\000"
 461      315F5265 
 461      616400
 462              	.LASF21:
 463 008f 6D61696E 		.ascii	"main.c\000"
 463      2E6300
 464              	.LASF24:
ARM GAS  C:\Users\asol17\AppData\Local\Temp\ccMtW0iL.s 			page 10


 465 0096 6D61696E 		.ascii	"main\000"
 465      00
 466              	.LASF17:
 467 009b 4C45445F 		.ascii	"LED_1_Write\000"
 467      315F5772 
 467      69746500 
 468              	.LASF20:
 469 00a7 474E5520 		.ascii	"GNU C11 5.4.1 20160609 (release) [ARM/embedded-5-br"
 469      43313120 
 469      352E342E 
 469      31203230 
 469      31363036 
 470 00da 616E6368 		.ascii	"anch revision 237715] -mcpu=cortex-m3 -mthumb -g -O"
 470      20726576 
 470      6973696F 
 470      6E203233 
 470      37373135 
 471 010d 67202D66 		.ascii	"g -ffunction-sections -ffat-lto-objects\000"
 471      66756E63 
 471      74696F6E 
 471      2D736563 
 471      74696F6E 
 472              	.LASF5:
 473 0135 6C6F6E67 		.ascii	"long unsigned int\000"
 473      20756E73 
 473      69676E65 
 473      6420696E 
 473      7400
 474              	.LASF7:
 475 0147 6C6F6E67 		.ascii	"long long unsigned int\000"
 475      206C6F6E 
 475      6720756E 
 475      7369676E 
 475      65642069 
 476              	.LASF18:
 477 015e 50696E5F 		.ascii	"Pin_SW2_ClearInterrupt\000"
 477      5357325F 
 477      436C6561 
 477      72496E74 
 477      65727275 
 478              	.LASF3:
 479 0175 73686F72 		.ascii	"short unsigned int\000"
 479      7420756E 
 479      7369676E 
 479      65642069 
 479      6E7400
 480              	.LASF23:
 481 0188 50696E5F 		.ascii	"Pin_SW2_Handler\000"
 481      5357325F 
 481      48616E64 
 481      6C657200 
 482              	.LASF1:
 483 0198 756E7369 		.ascii	"unsigned char\000"
 483      676E6564 
 483      20636861 
 483      7200
 484              	.LASF13:
ARM GAS  C:\Users\asol17\AppData\Local\Temp\ccMtW0iL.s 			page 11


 485 01a6 63686172 		.ascii	"char\000"
 485      00
 486              	.LASF4:
 487 01ab 6C6F6E67 		.ascii	"long int\000"
 487      20696E74 
 487      00
 488              	.LASF12:
 489 01b4 646F7562 		.ascii	"double\000"
 489      6C6500
 490              	.LASF25:
 491 01bb 49544D5F 		.ascii	"ITM_RxBuffer\000"
 491      52784275 
 491      66666572 
 491      00
 492              	.LASF0:
 493 01c8 7369676E 		.ascii	"signed char\000"
 493      65642063 
 493      68617200 
 494              	.LASF15:
 495 01d4 6C6F6E67 		.ascii	"long double\000"
 495      20646F75 
 495      626C6500 
 496              	.LASF9:
 497 01e0 5F5F696E 		.ascii	"__int32_t\000"
 497      7433325F 
 497      7400
 498              	.LASF11:
 499 01ea 666C6F61 		.ascii	"float\000"
 499      7400
 500              	.LASF2:
 501 01f0 73686F72 		.ascii	"short int\000"
 501      7420696E 
 501      7400
 502              	.LASF10:
 503 01fa 696E7433 		.ascii	"int32_t\000"
 503      325F7400 
 504              	.LASF14:
 505 0202 73697A65 		.ascii	"sizetype\000"
 505      74797065 
 505      00
 506              		.ident	"GCC: (GNU Tools for ARM Embedded Processors) 5.4.1 20160609 (release) [ARM/embedded-5-bran
