ARM GAS  C:\Users\asol17\AppData\Local\Temp\ccOCMe4V.s 			page 1


   1              		.syntax unified
   2              		.cpu cortex-m3
   3              		.fpu softvfp
   4              		.eabi_attribute 20, 1
   5              		.eabi_attribute 21, 1
   6              		.eabi_attribute 23, 3
   7              		.eabi_attribute 24, 1
   8              		.eabi_attribute 25, 1
   9              		.eabi_attribute 26, 1
  10              		.eabi_attribute 30, 1
  11              		.eabi_attribute 34, 1
  12              		.eabi_attribute 18, 4
  13              		.thumb
  14              		.syntax unified
  15              		.file	"cymetadata.c"
  16              		.text
  17              	.Ltext0:
  18              		.cfi_sections	.debug_frame
  19              		.global	cy_metadata
  20              		.global	cy_meta_flashprotect
  21              		.global	cy_meta_wonvl
  22              		.global	cy_meta_custnvl
  23              		.global	cy_meta_configecc
  24              		.section	.cyconfigecc,"a",%progbits
  25              		.align	2
  26              		.type	cy_meta_configecc, %object
  27              		.size	cy_meta_configecc, 172
  28              	cy_meta_configecc:
  29 0000 03       		.byte	3
  30 0001 64       		.byte	100
  31 0002 00       		.byte	0
  32 0003 40       		.byte	64
  33 0004 01       		.byte	1
  34 0005 0B       		.byte	11
  35 0006 01       		.byte	1
  36 0007 40       		.byte	64
  37 0008 26       		.byte	38
  38 0009 0C       		.byte	12
  39 000a 01       		.byte	1
  40 000b 40       		.byte	64
  41 000c 10       		.byte	16
  42 000d 0D       		.byte	13
  43 000e 01       		.byte	1
  44 000f 40       		.byte	64
  45 0010 02       		.byte	2
  46 0011 45       		.byte	69
  47 0012 01       		.byte	1
  48 0013 40       		.byte	64
  49 0014 02       		.byte	2
  50 0015 46       		.byte	70
  51 0016 01       		.byte	1
  52 0017 40       		.byte	64
  53 0018 02       		.byte	2
  54 0019 50       		.byte	80
  55 001a 01       		.byte	1
  56 001b 40       		.byte	64
  57 001c 0C       		.byte	12
ARM GAS  C:\Users\asol17\AppData\Local\Temp\ccOCMe4V.s 			page 2


  58 001d 0F       		.byte	15
  59 001e 2C       		.byte	44
  60 001f 0F       		.byte	15
  61 0020 3D       		.byte	61
  62 0021 0F       		.byte	15
  63 0022 B4       		.byte	-76
  64 0023 01       		.byte	1
  65 0024 10       		.byte	16
  66 0025 01       		.byte	1
  67 0026 1A       		.byte	26
  68 0027 01       		.byte	1
  69 0028 30       		.byte	48
  70 0029 01       		.byte	1
  71 002a 36       		.byte	54
  72 002b 01       		.byte	1
  73 002c 40       		.byte	64
  74 002d 01       		.byte	1
  75 002e 45       		.byte	69
  76 002f 02       		.byte	2
  77 0030 48       		.byte	72
  78 0031 01       		.byte	1
  79 0032 49       		.byte	73
  80 0033 FF       		.byte	-1
  81 0034 4A       		.byte	74
  82 0035 FF       		.byte	-1
  83 0036 4B       		.byte	75
  84 0037 FF       		.byte	-1
  85 0038 4D       		.byte	77
  86 0039 20       		.byte	32
  87 003a 4E       		.byte	78
  88 003b F0       		.byte	-16
  89 003c 51       		.byte	81
  90 003d 10       		.byte	16
  91 003e 58       		.byte	88
  92 003f 04       		.byte	4
  93 0040 5A       		.byte	90
  94 0041 04       		.byte	4
  95 0042 5F       		.byte	95
  96 0043 01       		.byte	1
  97 0044 60       		.byte	96
  98 0045 40       		.byte	64
  99 0046 61       		.byte	97
 100 0047 40       		.byte	64
 101 0048 62       		.byte	98
 102 0049 80       		.byte	-128
 103 004a 83       		.byte	-125
 104 004b 01       		.byte	1
 105 004c 91       		.byte	-111
 106 004d 01       		.byte	1
 107 004e B1       		.byte	-79
 108 004f 01       		.byte	1
 109 0050 B7       		.byte	-73
 110 0051 01       		.byte	1
 111 0052 C0       		.byte	-64
 112 0053 01       		.byte	1
 113 0054 C7       		.byte	-57
 114 0055 40       		.byte	64
ARM GAS  C:\Users\asol17\AppData\Local\Temp\ccOCMe4V.s 			page 3


 115 0056 C8       		.byte	-56
 116 0057 20       		.byte	32
 117 0058 C9       		.byte	-55
 118 0059 FF       		.byte	-1
 119 005a CA       		.byte	-54
 120 005b FF       		.byte	-1
 121 005c CB       		.byte	-53
 122 005d FF       		.byte	-1
 123 005e CD       		.byte	-51
 124 005f 20       		.byte	32
 125 0060 CE       		.byte	-50
 126 0061 F0       		.byte	-16
 127 0062 D1       		.byte	-47
 128 0063 10       		.byte	16
 129 0064 D9       		.byte	-39
 130 0065 04       		.byte	4
 131 0066 DA       		.byte	-38
 132 0067 04       		.byte	4
 133 0068 DF       		.byte	-33
 134 0069 01       		.byte	1
 135 006a E0       		.byte	-32
 136 006b 40       		.byte	64
 137 006c E1       		.byte	-31
 138 006d 20       		.byte	32
 139 006e E2       		.byte	-30
 140 006f 80       		.byte	-128
 141 0070 0E       		.byte	14
 142 0071 80       		.byte	-128
 143 0072 0F       		.byte	15
 144 0073 08       		.byte	8
 145 0074 1D       		.byte	29
 146 0075 80       		.byte	-128
 147 0076 1E       		.byte	30
 148 0077 80       		.byte	-128
 149 0078 20       		.byte	32
 150 0079 01       		.byte	1
 151 007a 21       		.byte	33
 152 007b 02       		.byte	2
 153 007c 31       		.byte	49
 154 007d 02       		.byte	2
 155 007e 38       		.byte	56
 156 007f 02       		.byte	2
 157 0080 40       		.byte	64
 158 0081 01       		.byte	1
 159 0082 45       		.byte	69
 160 0083 80       		.byte	-128
 161 0084 4F       		.byte	79
 162 0085 08       		.byte	8
 163 0086 50       		.byte	80
 164 0087 01       		.byte	1
 165 0088 C2       		.byte	-62
 166 0089 50       		.byte	80
 167 008a CC       		.byte	-52
 168 008b 01       		.byte	1
 169 008c CE       		.byte	-50
 170 008d 01       		.byte	1
 171 008e D0       		.byte	-48
ARM GAS  C:\Users\asol17\AppData\Local\Temp\ccOCMe4V.s 			page 4


 172 008f 18       		.byte	24
 173 0090 50       		.byte	80
 174 0091 08       		.byte	8
 175 0092 D4       		.byte	-44
 176 0093 04       		.byte	4
 177 0094 B4       		.byte	-76
 178 0095 08       		.byte	8
 179 0096 EC       		.byte	-20
 180 0097 08       		.byte	8
 181 0098 00       		.byte	0
 182 0099 01       		.byte	1
 183 009a 0E       		.byte	14
 184 009b 01       		.byte	1
 185 009c 00       		.byte	0
 186 009d 0B       		.byte	11
 187 009e 0B       		.byte	11
 188 009f 00       		.byte	0
 189 00a0 00       		.byte	0
 190 00a1 00       		.byte	0
 191 00a2 00       		.byte	0
 192 00a3 00       		.byte	0
 193 00a4 00       		.byte	0
 194 00a5 02       		.byte	2
 195 00a6 02       		.byte	2
 196 00a7 00       		.byte	0
 197 00a8 02       		.byte	2
 198 00a9 00       		.byte	0
 199 00aa 00       		.byte	0
 200 00ab 00       		.byte	0
 201              		.section	.cywolatch,"a",%progbits
 202              		.align	2
 203              		.type	cy_meta_wonvl, %object
 204              		.size	cy_meta_wonvl, 4
 205              	cy_meta_wonvl:
 206 0000 BC       		.byte	-68
 207 0001 90       		.byte	-112
 208 0002 AC       		.byte	-84
 209 0003 AF       		.byte	-81
 210              		.section	.cycustnvl,"a",%progbits
 211              		.align	2
 212              		.type	cy_meta_custnvl, %object
 213              		.size	cy_meta_custnvl, 4
 214              	cy_meta_custnvl:
 215 0000 00       		.byte	0
 216 0001 00       		.byte	0
 217 0002 40       		.byte	64
 218 0003 05       		.byte	5
 219              		.section	.cymeta,"a",%progbits
 220              		.align	2
 221              		.type	cy_metadata, %object
 222              		.size	cy_metadata, 12
 223              	cy_metadata:
 224 0000 00       		.byte	0
 225 0001 01       		.byte	1
 226 0002 2E       		.byte	46
 227 0003 16       		.byte	22
 228 0004 10       		.byte	16
ARM GAS  C:\Users\asol17\AppData\Local\Temp\ccOCMe4V.s 			page 5


 229 0005 69       		.byte	105
 230 0006 00       		.byte	0
 231 0007 01       		.byte	1
 232 0008 00       		.byte	0
 233 0009 00       		.byte	0
 234 000a 00       		.byte	0
 235 000b 00       		.byte	0
 236              		.section	.cyflashprotect,"a",%progbits
 237              		.align	2
 238              		.type	cy_meta_flashprotect, %object
 239              		.size	cy_meta_flashprotect, 256
 240              	cy_meta_flashprotect:
 241 0000 00000000 		.space	256
 241      00000000 
 241      00000000 
 241      00000000 
 241      00000000 
 242              		.text
 243              	.Letext0:
 244              		.file 1 "f:\\psoc\\psoc creator\\4.3\\psoc creator\\import\\gnu\\arm\\5.4.1\\arm-none-eabi\\includ
 245              		.file 2 "f:\\psoc\\psoc creator\\4.3\\psoc creator\\import\\gnu\\arm\\5.4.1\\arm-none-eabi\\includ
 246              		.file 3 "Generated_Source\\PSoC5\\cymetadata.c"
 247              		.section	.debug_info,"",%progbits
 248              	.Ldebug_info0:
 249 0000 30010000 		.4byte	0x130
 250 0004 0400     		.2byte	0x4
 251 0006 00000000 		.4byte	.Ldebug_abbrev0
 252 000a 04       		.byte	0x4
 253 000b 01       		.uleb128 0x1
 254 000c 24000000 		.4byte	.LASF17
 255 0010 0C       		.byte	0xc
 256 0011 D3010000 		.4byte	.LASF18
 257 0015 E7000000 		.4byte	.LASF19
 258 0019 00000000 		.4byte	.Ldebug_line0
 259 001d 02       		.uleb128 0x2
 260 001e 01       		.byte	0x1
 261 001f 06       		.byte	0x6
 262 0020 C7010000 		.4byte	.LASF0
 263 0024 03       		.uleb128 0x3
 264 0025 00000000 		.4byte	.LASF9
 265 0029 01       		.byte	0x1
 266 002a 1D       		.byte	0x1d
 267 002b 2F000000 		.4byte	0x2f
 268 002f 02       		.uleb128 0x2
 269 0030 01       		.byte	0x1
 270 0031 08       		.byte	0x8
 271 0032 16000000 		.4byte	.LASF1
 272 0036 02       		.uleb128 0x2
 273 0037 02       		.byte	0x2
 274 0038 05       		.byte	0x5
 275 0039 B4010000 		.4byte	.LASF2
 276 003d 02       		.uleb128 0x2
 277 003e 02       		.byte	0x2
 278 003f 07       		.byte	0x7
 279 0040 C4000000 		.4byte	.LASF3
 280 0044 02       		.uleb128 0x2
 281 0045 04       		.byte	0x4
ARM GAS  C:\Users\asol17\AppData\Local\Temp\ccOCMe4V.s 			page 6


 282 0046 05       		.byte	0x5
 283 0047 BE010000 		.4byte	.LASF4
 284 004b 02       		.uleb128 0x2
 285 004c 04       		.byte	0x4
 286 004d 07       		.byte	0x7
 287 004e B2000000 		.4byte	.LASF5
 288 0052 02       		.uleb128 0x2
 289 0053 08       		.byte	0x8
 290 0054 05       		.byte	0x5
 291 0055 A6010000 		.4byte	.LASF6
 292 0059 02       		.uleb128 0x2
 293 005a 08       		.byte	0x8
 294 005b 07       		.byte	0x7
 295 005c 5B010000 		.4byte	.LASF7
 296 0060 04       		.uleb128 0x4
 297 0061 04       		.byte	0x4
 298 0062 05       		.byte	0x5
 299 0063 696E7400 		.ascii	"int\000"
 300 0067 02       		.uleb128 0x2
 301 0068 04       		.byte	0x4
 302 0069 07       		.byte	0x7
 303 006a 4E010000 		.4byte	.LASF8
 304 006e 03       		.uleb128 0x3
 305 006f 72010000 		.4byte	.LASF10
 306 0073 02       		.byte	0x2
 307 0074 18       		.byte	0x18
 308 0075 24000000 		.4byte	0x24
 309 0079 05       		.uleb128 0x5
 310 007a 90000000 		.4byte	0x90
 311 007e 89000000 		.4byte	0x89
 312 0082 06       		.uleb128 0x6
 313 0083 89000000 		.4byte	0x89
 314 0087 AB       		.byte	0xab
 315 0088 00       		.byte	0
 316 0089 02       		.uleb128 0x2
 317 008a 04       		.byte	0x4
 318 008b 07       		.byte	0x7
 319 008c 9D010000 		.4byte	.LASF11
 320 0090 07       		.uleb128 0x7
 321 0091 6E000000 		.4byte	0x6e
 322 0095 08       		.uleb128 0x8
 323 0096 3C010000 		.4byte	.LASF12
 324 009a 03       		.byte	0x3
 325 009b 1F       		.byte	0x1f
 326 009c A6000000 		.4byte	0xa6
 327 00a0 05       		.uleb128 0x5
 328 00a1 03       		.byte	0x3
 329 00a2 00000000 		.4byte	cy_meta_configecc
 330 00a6 07       		.uleb128 0x7
 331 00a7 79000000 		.4byte	0x79
 332 00ab 05       		.uleb128 0x5
 333 00ac 90000000 		.4byte	0x90
 334 00b0 BB000000 		.4byte	0xbb
 335 00b4 06       		.uleb128 0x6
 336 00b5 89000000 		.4byte	0x89
 337 00b9 03       		.byte	0x3
 338 00ba 00       		.byte	0
ARM GAS  C:\Users\asol17\AppData\Local\Temp\ccOCMe4V.s 			page 7


 339 00bb 08       		.uleb128 0x8
 340 00bc D7000000 		.4byte	.LASF13
 341 00c0 03       		.byte	0x3
 342 00c1 42       		.byte	0x42
 343 00c2 CC000000 		.4byte	0xcc
 344 00c6 05       		.uleb128 0x5
 345 00c7 03       		.byte	0x3
 346 00c8 00000000 		.4byte	cy_meta_custnvl
 347 00cc 07       		.uleb128 0x7
 348 00cd AB000000 		.4byte	0xab
 349 00d1 08       		.uleb128 0x8
 350 00d2 8F010000 		.4byte	.LASF14
 351 00d6 03       		.byte	0x3
 352 00d7 50       		.byte	0x50
 353 00d8 E2000000 		.4byte	0xe2
 354 00dc 05       		.uleb128 0x5
 355 00dd 03       		.byte	0x3
 356 00de 00000000 		.4byte	cy_meta_wonvl
 357 00e2 07       		.uleb128 0x7
 358 00e3 AB000000 		.4byte	0xab
 359 00e7 05       		.uleb128 0x5
 360 00e8 90000000 		.4byte	0x90
 361 00ec F7000000 		.4byte	0xf7
 362 00f0 06       		.uleb128 0x6
 363 00f1 89000000 		.4byte	0x89
 364 00f5 FF       		.byte	0xff
 365 00f6 00       		.byte	0
 366 00f7 08       		.uleb128 0x8
 367 00f8 7A010000 		.4byte	.LASF15
 368 00fc 03       		.byte	0x3
 369 00fd 5E       		.byte	0x5e
 370 00fe 08010000 		.4byte	0x108
 371 0102 05       		.uleb128 0x5
 372 0103 03       		.byte	0x3
 373 0104 00000000 		.4byte	cy_meta_flashprotect
 374 0108 07       		.uleb128 0x7
 375 0109 E7000000 		.4byte	0xe7
 376 010d 05       		.uleb128 0x5
 377 010e 90000000 		.4byte	0x90
 378 0112 1D010000 		.4byte	0x11d
 379 0116 06       		.uleb128 0x6
 380 0117 89000000 		.4byte	0x89
 381 011b 0B       		.byte	0xb
 382 011c 00       		.byte	0
 383 011d 08       		.uleb128 0x8
 384 011e 0A000000 		.4byte	.LASF16
 385 0122 03       		.byte	0x3
 386 0123 8B       		.byte	0x8b
 387 0124 2E010000 		.4byte	0x12e
 388 0128 05       		.uleb128 0x5
 389 0129 03       		.byte	0x3
 390 012a 00000000 		.4byte	cy_metadata
 391 012e 07       		.uleb128 0x7
 392 012f 0D010000 		.4byte	0x10d
 393 0133 00       		.byte	0
 394              		.section	.debug_abbrev,"",%progbits
 395              	.Ldebug_abbrev0:
ARM GAS  C:\Users\asol17\AppData\Local\Temp\ccOCMe4V.s 			page 8


 396 0000 01       		.uleb128 0x1
 397 0001 11       		.uleb128 0x11
 398 0002 01       		.byte	0x1
 399 0003 25       		.uleb128 0x25
 400 0004 0E       		.uleb128 0xe
 401 0005 13       		.uleb128 0x13
 402 0006 0B       		.uleb128 0xb
 403 0007 03       		.uleb128 0x3
 404 0008 0E       		.uleb128 0xe
 405 0009 1B       		.uleb128 0x1b
 406 000a 0E       		.uleb128 0xe
 407 000b 10       		.uleb128 0x10
 408 000c 17       		.uleb128 0x17
 409 000d 00       		.byte	0
 410 000e 00       		.byte	0
 411 000f 02       		.uleb128 0x2
 412 0010 24       		.uleb128 0x24
 413 0011 00       		.byte	0
 414 0012 0B       		.uleb128 0xb
 415 0013 0B       		.uleb128 0xb
 416 0014 3E       		.uleb128 0x3e
 417 0015 0B       		.uleb128 0xb
 418 0016 03       		.uleb128 0x3
 419 0017 0E       		.uleb128 0xe
 420 0018 00       		.byte	0
 421 0019 00       		.byte	0
 422 001a 03       		.uleb128 0x3
 423 001b 16       		.uleb128 0x16
 424 001c 00       		.byte	0
 425 001d 03       		.uleb128 0x3
 426 001e 0E       		.uleb128 0xe
 427 001f 3A       		.uleb128 0x3a
 428 0020 0B       		.uleb128 0xb
 429 0021 3B       		.uleb128 0x3b
 430 0022 0B       		.uleb128 0xb
 431 0023 49       		.uleb128 0x49
 432 0024 13       		.uleb128 0x13
 433 0025 00       		.byte	0
 434 0026 00       		.byte	0
 435 0027 04       		.uleb128 0x4
 436 0028 24       		.uleb128 0x24
 437 0029 00       		.byte	0
 438 002a 0B       		.uleb128 0xb
 439 002b 0B       		.uleb128 0xb
 440 002c 3E       		.uleb128 0x3e
 441 002d 0B       		.uleb128 0xb
 442 002e 03       		.uleb128 0x3
 443 002f 08       		.uleb128 0x8
 444 0030 00       		.byte	0
 445 0031 00       		.byte	0
 446 0032 05       		.uleb128 0x5
 447 0033 01       		.uleb128 0x1
 448 0034 01       		.byte	0x1
 449 0035 49       		.uleb128 0x49
 450 0036 13       		.uleb128 0x13
 451 0037 01       		.uleb128 0x1
 452 0038 13       		.uleb128 0x13
ARM GAS  C:\Users\asol17\AppData\Local\Temp\ccOCMe4V.s 			page 9


 453 0039 00       		.byte	0
 454 003a 00       		.byte	0
 455 003b 06       		.uleb128 0x6
 456 003c 21       		.uleb128 0x21
 457 003d 00       		.byte	0
 458 003e 49       		.uleb128 0x49
 459 003f 13       		.uleb128 0x13
 460 0040 2F       		.uleb128 0x2f
 461 0041 0B       		.uleb128 0xb
 462 0042 00       		.byte	0
 463 0043 00       		.byte	0
 464 0044 07       		.uleb128 0x7
 465 0045 26       		.uleb128 0x26
 466 0046 00       		.byte	0
 467 0047 49       		.uleb128 0x49
 468 0048 13       		.uleb128 0x13
 469 0049 00       		.byte	0
 470 004a 00       		.byte	0
 471 004b 08       		.uleb128 0x8
 472 004c 34       		.uleb128 0x34
 473 004d 00       		.byte	0
 474 004e 03       		.uleb128 0x3
 475 004f 0E       		.uleb128 0xe
 476 0050 3A       		.uleb128 0x3a
 477 0051 0B       		.uleb128 0xb
 478 0052 3B       		.uleb128 0x3b
 479 0053 0B       		.uleb128 0xb
 480 0054 49       		.uleb128 0x49
 481 0055 13       		.uleb128 0x13
 482 0056 3F       		.uleb128 0x3f
 483 0057 19       		.uleb128 0x19
 484 0058 02       		.uleb128 0x2
 485 0059 18       		.uleb128 0x18
 486 005a 00       		.byte	0
 487 005b 00       		.byte	0
 488 005c 00       		.byte	0
 489              		.section	.debug_aranges,"",%progbits
 490 0000 14000000 		.4byte	0x14
 491 0004 0200     		.2byte	0x2
 492 0006 00000000 		.4byte	.Ldebug_info0
 493 000a 04       		.byte	0x4
 494 000b 00       		.byte	0
 495 000c 0000     		.2byte	0
 496 000e 0000     		.2byte	0
 497 0010 00000000 		.4byte	0
 498 0014 00000000 		.4byte	0
 499              		.section	.debug_line,"",%progbits
 500              	.Ldebug_line0:
 501 0000 0F010000 		.section	.debug_str,"MS",%progbits,1
 501      02000901 
 501      00000201 
 501      FB0E0D00 
 501      01010101 
 502              	.LASF9:
 503 0000 5F5F7569 		.ascii	"__uint8_t\000"
 503      6E74385F 
 503      7400
ARM GAS  C:\Users\asol17\AppData\Local\Temp\ccOCMe4V.s 			page 10


 504              	.LASF16:
 505 000a 63795F6D 		.ascii	"cy_metadata\000"
 505      65746164 
 505      61746100 
 506              	.LASF1:
 507 0016 756E7369 		.ascii	"unsigned char\000"
 507      676E6564 
 507      20636861 
 507      7200
 508              	.LASF17:
 509 0024 474E5520 		.ascii	"GNU C11 5.4.1 20160609 (release) [ARM/embedded-5-br"
 509      43313120 
 509      352E342E 
 509      31203230 
 509      31363036 
 510 0057 616E6368 		.ascii	"anch revision 237715] -mcpu=cortex-m3 -mthumb -g -O"
 510      20726576 
 510      6973696F 
 510      6E203233 
 510      37373135 
 511 008a 67202D66 		.ascii	"g -ffunction-sections -ffat-lto-objects\000"
 511      66756E63 
 511      74696F6E 
 511      2D736563 
 511      74696F6E 
 512              	.LASF5:
 513 00b2 6C6F6E67 		.ascii	"long unsigned int\000"
 513      20756E73 
 513      69676E65 
 513      6420696E 
 513      7400
 514              	.LASF3:
 515 00c4 73686F72 		.ascii	"short unsigned int\000"
 515      7420756E 
 515      7369676E 
 515      65642069 
 515      6E7400
 516              	.LASF13:
 517 00d7 63795F6D 		.ascii	"cy_meta_custnvl\000"
 517      6574615F 
 517      63757374 
 517      6E766C00 
 518              	.LASF19:
 519 00e7 433A5C55 		.ascii	"C:\\Users\\asol17\\Documents\\Uni\\P6\\Digital Desi"
 519      73657273 
 519      5C61736F 
 519      6C31375C 
 519      446F6375 
 520 0114 676E5C4C 		.ascii	"gn\\Lecture_11\\Lecture11\\Lecture11.cydsn\000"
 520      65637475 
 520      72655F31 
 520      315C4C65 
 520      63747572 
 521              	.LASF12:
 522 013c 63795F6D 		.ascii	"cy_meta_configecc\000"
 522      6574615F 
 522      636F6E66 
ARM GAS  C:\Users\asol17\AppData\Local\Temp\ccOCMe4V.s 			page 11


 522      69676563 
 522      6300
 523              	.LASF8:
 524 014e 756E7369 		.ascii	"unsigned int\000"
 524      676E6564 
 524      20696E74 
 524      00
 525              	.LASF7:
 526 015b 6C6F6E67 		.ascii	"long long unsigned int\000"
 526      206C6F6E 
 526      6720756E 
 526      7369676E 
 526      65642069 
 527              	.LASF10:
 528 0172 75696E74 		.ascii	"uint8_t\000"
 528      385F7400 
 529              	.LASF15:
 530 017a 63795F6D 		.ascii	"cy_meta_flashprotect\000"
 530      6574615F 
 530      666C6173 
 530      6870726F 
 530      74656374 
 531              	.LASF14:
 532 018f 63795F6D 		.ascii	"cy_meta_wonvl\000"
 532      6574615F 
 532      776F6E76 
 532      6C00
 533              	.LASF11:
 534 019d 73697A65 		.ascii	"sizetype\000"
 534      74797065 
 534      00
 535              	.LASF6:
 536 01a6 6C6F6E67 		.ascii	"long long int\000"
 536      206C6F6E 
 536      6720696E 
 536      7400
 537              	.LASF2:
 538 01b4 73686F72 		.ascii	"short int\000"
 538      7420696E 
 538      7400
 539              	.LASF4:
 540 01be 6C6F6E67 		.ascii	"long int\000"
 540      20696E74 
 540      00
 541              	.LASF0:
 542 01c7 7369676E 		.ascii	"signed char\000"
 542      65642063 
 542      68617200 
 543              	.LASF18:
 544 01d3 47656E65 		.ascii	"Generated_Source\\PSoC5\\cymetadata.c\000"
 544      72617465 
 544      645F536F 
 544      75726365 
 544      5C50536F 
 545              		.ident	"GCC: (GNU Tools for ARM Embedded Processors) 5.4.1 20160609 (release) [ARM/embedded-5-bran
