ARM GAS  C:\Users\asol17\AppData\Local\Temp\cctJjMXk.s 			page 1


   1              		.syntax unified
   2              		.cpu cortex-m3
   3              		.fpu softvfp
   4              		.eabi_attribute 20, 1
   5              		.eabi_attribute 21, 1
   6              		.eabi_attribute 23, 3
   7              		.eabi_attribute 24, 1
   8              		.eabi_attribute 25, 1
   9              		.eabi_attribute 26, 1
  10              		.eabi_attribute 30, 1
  11              		.eabi_attribute 34, 1
  12              		.eabi_attribute 18, 4
  13              		.thumb
  14              		.syntax unified
  15              		.file	"cymetadata.c"
  16              		.text
  17              	.Ltext0:
  18              		.cfi_sections	.debug_frame
  19              		.global	cy_metadata
  20              		.global	cy_meta_flashprotect
  21              		.global	cy_meta_wonvl
  22              		.global	cy_meta_custnvl
  23              		.global	cy_meta_configecc
  24              		.section	.cyconfigecc,"a",%progbits
  25              		.align	2
  26              		.type	cy_meta_configecc, %object
  27              		.size	cy_meta_configecc, 232
  28              	cy_meta_configecc:
  29 0000 02       		.byte	2
  30 0001 52       		.byte	82
  31 0002 00       		.byte	0
  32 0003 40       		.byte	64
  33 0004 02       		.byte	2
  34 0005 05       		.byte	5
  35 0006 01       		.byte	1
  36 0007 40       		.byte	64
  37 0008 01       		.byte	1
  38 0009 07       		.byte	7
  39 000a 01       		.byte	1
  40 000b 40       		.byte	64
  41 000c 01       		.byte	1
  42 000d 0B       		.byte	11
  43 000e 01       		.byte	1
  44 000f 40       		.byte	64
  45 0010 09       		.byte	9
  46 0011 15       		.byte	21
  47 0012 01       		.byte	1
  48 0013 40       		.byte	64
  49 0014 0C       		.byte	12
  50 0015 16       		.byte	22
  51 0016 01       		.byte	1
  52 0017 40       		.byte	64
  53 0018 0A       		.byte	10
  54 0019 17       		.byte	23
  55 001a 01       		.byte	1
  56 001b 40       		.byte	64
  57 001c 01       		.byte	1
ARM GAS  C:\Users\asol17\AppData\Local\Temp\cctJjMXk.s 			page 2


  58 001d 1B       		.byte	27
  59 001e 01       		.byte	1
  60 001f 40       		.byte	64
  61 0020 04       		.byte	4
  62 0021 45       		.byte	69
  63 0022 01       		.byte	1
  64 0023 40       		.byte	64
  65 0024 03       		.byte	3
  66 0025 46       		.byte	70
  67 0026 01       		.byte	1
  68 0027 40       		.byte	64
  69 0028 01       		.byte	1
  70 0029 47       		.byte	71
  71 002a 01       		.byte	1
  72 002b 40       		.byte	64
  73 002c 14       		.byte	20
  74 002d 49       		.byte	73
  75 002e 01       		.byte	1
  76 002f 40       		.byte	64
  77 0030 01       		.byte	1
  78 0031 4C       		.byte	76
  79 0032 01       		.byte	1
  80 0033 40       		.byte	64
  81 0034 02       		.byte	2
  82 0035 4D       		.byte	77
  83 0036 01       		.byte	1
  84 0037 40       		.byte	64
  85 0038 02       		.byte	2
  86 0039 50       		.byte	80
  87 003a 01       		.byte	1
  88 003b 40       		.byte	64
  89 003c 18       		.byte	24
  90 003d 04       		.byte	4
  91 003e 19       		.byte	25
  92 003f 02       		.byte	2
  93 0040 9A       		.byte	-102
  94 0041 02       		.byte	2
  95 0042 B6       		.byte	-74
  96 0043 02       		.byte	2
  97 0044 9A       		.byte	-102
  98 0045 02       		.byte	2
  99 0046 EA       		.byte	-22
 100 0047 40       		.byte	64
 101 0048 82       		.byte	-126
 102 0049 80       		.byte	-128
 103 004a 83       		.byte	-125
 104 004b 02       		.byte	2
 105 004c 86       		.byte	-122
 106 004d 04       		.byte	4
 107 004e 96       		.byte	-106
 108 004f 04       		.byte	4
 109 0050 9E       		.byte	-98
 110 0051 80       		.byte	-128
 111 0052 9F       		.byte	-97
 112 0053 02       		.byte	2
 113 0054 A9       		.byte	-87
 114 0055 02       		.byte	2
ARM GAS  C:\Users\asol17\AppData\Local\Temp\cctJjMXk.s 			page 3


 115 0056 AF       		.byte	-81
 116 0057 50       		.byte	80
 117 0058 B5       		.byte	-75
 118 0059 08       		.byte	8
 119 005a 00       		.byte	0
 120 005b 02       		.byte	2
 121 005c 02       		.byte	2
 122 005d 01       		.byte	1
 123 005e 0C       		.byte	12
 124 005f 01       		.byte	1
 125 0060 0E       		.byte	14
 126 0061 0A       		.byte	10
 127 0062 1A       		.byte	26
 128 0063 04       		.byte	4
 129 0064 2E       		.byte	46
 130 0065 10       		.byte	16
 131 0066 30       		.byte	48
 132 0067 04       		.byte	4
 133 0068 32       		.byte	50
 134 0069 03       		.byte	3
 135 006a 34       		.byte	52
 136 006b 08       		.byte	8
 137 006c 36       		.byte	54
 138 006d 10       		.byte	16
 139 006e 58       		.byte	88
 140 006f 04       		.byte	4
 141 0070 5F       		.byte	95
 142 0071 01       		.byte	1
 143 0072 06       		.byte	6
 144 0073 80       		.byte	-128
 145 0074 07       		.byte	7
 146 0075 02       		.byte	2
 147 0076 0E       		.byte	14
 148 0077 04       		.byte	4
 149 0078 16       		.byte	22
 150 0079 02       		.byte	2
 151 007a 1D       		.byte	29
 152 007b 0A       		.byte	10
 153 007c 1F       		.byte	31
 154 007d 50       		.byte	80
 155 007e 9A       		.byte	-102
 156 007f 02       		.byte	2
 157 0080 C0       		.byte	-64
 158 0081 90       		.byte	-112
 159 0082 C2       		.byte	-62
 160 0083 40       		.byte	64
 161 0084 C4       		.byte	-60
 162 0085 80       		.byte	-128
 163 0086 EC       		.byte	-20
 164 0087 10       		.byte	16
 165 0088 04       		.byte	4
 166 0089 02       		.byte	2
 167 008a 50       		.byte	80
 168 008b 20       		.byte	32
 169 008c C0       		.byte	-64
 170 008d 04       		.byte	4
 171 008e D4       		.byte	-44
ARM GAS  C:\Users\asol17\AppData\Local\Temp\cctJjMXk.s 			page 4


 172 008f 04       		.byte	4
 173 0090 A4       		.byte	-92
 174 0091 20       		.byte	32
 175 0092 B4       		.byte	-76
 176 0093 01       		.byte	1
 177 0094 EA       		.byte	-22
 178 0095 02       		.byte	2
 179 0096 A4       		.byte	-92
 180 0097 20       		.byte	32
 181 0098 02       		.byte	2
 182 0099 10       		.byte	16
 183 009a 03       		.byte	3
 184 009b 04       		.byte	4
 185 009c 07       		.byte	7
 186 009d 40       		.byte	64
 187 009e 52       		.byte	82
 188 009f 40       		.byte	64
 189 00a0 57       		.byte	87
 190 00a1 08       		.byte	8
 191 00a2 5B       		.byte	91
 192 00a3 80       		.byte	-128
 193 00a4 83       		.byte	-125
 194 00a5 44       		.byte	68
 195 00a6 86       		.byte	-122
 196 00a7 10       		.byte	16
 197 00a8 9A       		.byte	-102
 198 00a9 40       		.byte	64
 199 00aa 9B       		.byte	-101
 200 00ab 80       		.byte	-128
 201 00ac A3       		.byte	-93
 202 00ad 08       		.byte	8
 203 00ae AB       		.byte	-85
 204 00af 80       		.byte	-128
 205 00b0 AE       		.byte	-82
 206 00b1 40       		.byte	64
 207 00b2 AF       		.byte	-81
 208 00b3 08       		.byte	8
 209 00b4 C0       		.byte	-64
 210 00b5 70       		.byte	112
 211 00b6 D4       		.byte	-44
 212 00b7 E0       		.byte	-32
 213 00b8 E0       		.byte	-32
 214 00b9 C0       		.byte	-64
 215 00ba E4       		.byte	-28
 216 00bb 80       		.byte	-128
 217 00bc EA       		.byte	-22
 218 00bd 90       		.byte	-112
 219 00be EE       		.byte	-18
 220 00bf 40       		.byte	64
 221 00c0 A4       		.byte	-92
 222 00c1 20       		.byte	32
 223 00c2 B4       		.byte	-76
 224 00c3 20       		.byte	32
 225 00c4 EC       		.byte	-20
 226 00c5 08       		.byte	8
 227 00c6 10       		.byte	16
 228 00c7 01       		.byte	1
ARM GAS  C:\Users\asol17\AppData\Local\Temp\cctJjMXk.s 			page 5


 229 00c8 1A       		.byte	26
 230 00c9 01       		.byte	1
 231 00ca 00       		.byte	0
 232 00cb 00       		.byte	0
 233 00cc 00       		.byte	0
 234 00cd 0B       		.byte	11
 235 00ce 0B       		.byte	11
 236 00cf 00       		.byte	0
 237 00d0 00       		.byte	0
 238 00d1 00       		.byte	0
 239 00d2 00       		.byte	0
 240 00d3 00       		.byte	0
 241 00d4 02       		.byte	2
 242 00d5 00       		.byte	0
 243 00d6 00       		.byte	0
 244 00d7 02       		.byte	2
 245 00d8 02       		.byte	2
 246 00d9 00       		.byte	0
 247 00da 02       		.byte	2
 248 00db 00       		.byte	0
 249 00dc 00       		.byte	0
 250 00dd 00       		.byte	0
 251 00de 00       		.byte	0
 252 00df 00       		.byte	0
 253 00e0 00       		.byte	0
 254 00e1 07       		.byte	7
 255 00e2 07       		.byte	7
 256 00e3 00       		.byte	0
 257 00e4 07       		.byte	7
 258 00e5 00       		.byte	0
 259 00e6 00       		.byte	0
 260 00e7 00       		.byte	0
 261              		.section	.cywolatch,"a",%progbits
 262              		.align	2
 263              		.type	cy_meta_wonvl, %object
 264              		.size	cy_meta_wonvl, 4
 265              	cy_meta_wonvl:
 266 0000 BC       		.byte	-68
 267 0001 90       		.byte	-112
 268 0002 AC       		.byte	-84
 269 0003 AF       		.byte	-81
 270              		.section	.cycustnvl,"a",%progbits
 271              		.align	2
 272              		.type	cy_meta_custnvl, %object
 273              		.size	cy_meta_custnvl, 4
 274              	cy_meta_custnvl:
 275 0000 00       		.byte	0
 276 0001 00       		.byte	0
 277 0002 40       		.byte	64
 278 0003 05       		.byte	5
 279              		.section	.cymeta,"a",%progbits
 280              		.align	2
 281              		.type	cy_metadata, %object
 282              		.size	cy_metadata, 12
 283              	cy_metadata:
 284 0000 00       		.byte	0
 285 0001 01       		.byte	1
ARM GAS  C:\Users\asol17\AppData\Local\Temp\cctJjMXk.s 			page 6


 286 0002 2E       		.byte	46
 287 0003 16       		.byte	22
 288 0004 10       		.byte	16
 289 0005 69       		.byte	105
 290 0006 00       		.byte	0
 291 0007 01       		.byte	1
 292 0008 00       		.byte	0
 293 0009 00       		.byte	0
 294 000a 00       		.byte	0
 295 000b 00       		.byte	0
 296              		.section	.cyflashprotect,"a",%progbits
 297              		.align	2
 298              		.type	cy_meta_flashprotect, %object
 299              		.size	cy_meta_flashprotect, 256
 300              	cy_meta_flashprotect:
 301 0000 00000000 		.space	256
 301      00000000 
 301      00000000 
 301      00000000 
 301      00000000 
 302              		.text
 303              	.Letext0:
 304              		.file 1 "f:\\psoc\\psoc creator\\4.3\\psoc creator\\import\\gnu\\arm\\5.4.1\\arm-none-eabi\\includ
 305              		.file 2 "f:\\psoc\\psoc creator\\4.3\\psoc creator\\import\\gnu\\arm\\5.4.1\\arm-none-eabi\\includ
 306              		.file 3 "Generated_Source\\PSoC5\\cymetadata.c"
 307              		.section	.debug_info,"",%progbits
 308              	.Ldebug_info0:
 309 0000 30010000 		.4byte	0x130
 310 0004 0400     		.2byte	0x4
 311 0006 00000000 		.4byte	.Ldebug_abbrev0
 312 000a 04       		.byte	0x4
 313 000b 01       		.uleb128 0x1
 314 000c 24000000 		.4byte	.LASF17
 315 0010 0C       		.byte	0xc
 316 0011 D3010000 		.4byte	.LASF18
 317 0015 D7000000 		.4byte	.LASF19
 318 0019 00000000 		.4byte	.Ldebug_line0
 319 001d 02       		.uleb128 0x2
 320 001e 01       		.byte	0x1
 321 001f 06       		.byte	0x6
 322 0020 C7010000 		.4byte	.LASF0
 323 0024 03       		.uleb128 0x3
 324 0025 00000000 		.4byte	.LASF9
 325 0029 01       		.byte	0x1
 326 002a 1D       		.byte	0x1d
 327 002b 2F000000 		.4byte	0x2f
 328 002f 02       		.uleb128 0x2
 329 0030 01       		.byte	0x1
 330 0031 08       		.byte	0x8
 331 0032 16000000 		.4byte	.LASF1
 332 0036 02       		.uleb128 0x2
 333 0037 02       		.byte	0x2
 334 0038 05       		.byte	0x5
 335 0039 B4010000 		.4byte	.LASF2
 336 003d 02       		.uleb128 0x2
 337 003e 02       		.byte	0x2
 338 003f 07       		.byte	0x7
ARM GAS  C:\Users\asol17\AppData\Local\Temp\cctJjMXk.s 			page 7


 339 0040 C4000000 		.4byte	.LASF3
 340 0044 02       		.uleb128 0x2
 341 0045 04       		.byte	0x4
 342 0046 05       		.byte	0x5
 343 0047 BE010000 		.4byte	.LASF4
 344 004b 02       		.uleb128 0x2
 345 004c 04       		.byte	0x4
 346 004d 07       		.byte	0x7
 347 004e B2000000 		.4byte	.LASF5
 348 0052 02       		.uleb128 0x2
 349 0053 08       		.byte	0x8
 350 0054 05       		.byte	0x5
 351 0055 A6010000 		.4byte	.LASF6
 352 0059 02       		.uleb128 0x2
 353 005a 08       		.byte	0x8
 354 005b 07       		.byte	0x7
 355 005c 5B010000 		.4byte	.LASF7
 356 0060 04       		.uleb128 0x4
 357 0061 04       		.byte	0x4
 358 0062 05       		.byte	0x5
 359 0063 696E7400 		.ascii	"int\000"
 360 0067 02       		.uleb128 0x2
 361 0068 04       		.byte	0x4
 362 0069 07       		.byte	0x7
 363 006a 4E010000 		.4byte	.LASF8
 364 006e 03       		.uleb128 0x3
 365 006f 72010000 		.4byte	.LASF10
 366 0073 02       		.byte	0x2
 367 0074 18       		.byte	0x18
 368 0075 24000000 		.4byte	0x24
 369 0079 05       		.uleb128 0x5
 370 007a 90000000 		.4byte	0x90
 371 007e 89000000 		.4byte	0x89
 372 0082 06       		.uleb128 0x6
 373 0083 89000000 		.4byte	0x89
 374 0087 E7       		.byte	0xe7
 375 0088 00       		.byte	0
 376 0089 02       		.uleb128 0x2
 377 008a 04       		.byte	0x4
 378 008b 07       		.byte	0x7
 379 008c 9D010000 		.4byte	.LASF11
 380 0090 07       		.uleb128 0x7
 381 0091 6E000000 		.4byte	0x6e
 382 0095 08       		.uleb128 0x8
 383 0096 3C010000 		.4byte	.LASF12
 384 009a 03       		.byte	0x3
 385 009b 1F       		.byte	0x1f
 386 009c A6000000 		.4byte	0xa6
 387 00a0 05       		.uleb128 0x5
 388 00a1 03       		.byte	0x3
 389 00a2 00000000 		.4byte	cy_meta_configecc
 390 00a6 07       		.uleb128 0x7
 391 00a7 79000000 		.4byte	0x79
 392 00ab 05       		.uleb128 0x5
 393 00ac 90000000 		.4byte	0x90
 394 00b0 BB000000 		.4byte	0xbb
 395 00b4 06       		.uleb128 0x6
ARM GAS  C:\Users\asol17\AppData\Local\Temp\cctJjMXk.s 			page 8


 396 00b5 89000000 		.4byte	0x89
 397 00b9 03       		.byte	0x3
 398 00ba 00       		.byte	0
 399 00bb 08       		.uleb128 0x8
 400 00bc 2C010000 		.4byte	.LASF13
 401 00c0 03       		.byte	0x3
 402 00c1 49       		.byte	0x49
 403 00c2 CC000000 		.4byte	0xcc
 404 00c6 05       		.uleb128 0x5
 405 00c7 03       		.byte	0x3
 406 00c8 00000000 		.4byte	cy_meta_custnvl
 407 00cc 07       		.uleb128 0x7
 408 00cd AB000000 		.4byte	0xab
 409 00d1 08       		.uleb128 0x8
 410 00d2 8F010000 		.4byte	.LASF14
 411 00d6 03       		.byte	0x3
 412 00d7 57       		.byte	0x57
 413 00d8 E2000000 		.4byte	0xe2
 414 00dc 05       		.uleb128 0x5
 415 00dd 03       		.byte	0x3
 416 00de 00000000 		.4byte	cy_meta_wonvl
 417 00e2 07       		.uleb128 0x7
 418 00e3 AB000000 		.4byte	0xab
 419 00e7 05       		.uleb128 0x5
 420 00e8 90000000 		.4byte	0x90
 421 00ec F7000000 		.4byte	0xf7
 422 00f0 06       		.uleb128 0x6
 423 00f1 89000000 		.4byte	0x89
 424 00f5 FF       		.byte	0xff
 425 00f6 00       		.byte	0
 426 00f7 08       		.uleb128 0x8
 427 00f8 7A010000 		.4byte	.LASF15
 428 00fc 03       		.byte	0x3
 429 00fd 65       		.byte	0x65
 430 00fe 08010000 		.4byte	0x108
 431 0102 05       		.uleb128 0x5
 432 0103 03       		.byte	0x3
 433 0104 00000000 		.4byte	cy_meta_flashprotect
 434 0108 07       		.uleb128 0x7
 435 0109 E7000000 		.4byte	0xe7
 436 010d 05       		.uleb128 0x5
 437 010e 90000000 		.4byte	0x90
 438 0112 1D010000 		.4byte	0x11d
 439 0116 06       		.uleb128 0x6
 440 0117 89000000 		.4byte	0x89
 441 011b 0B       		.byte	0xb
 442 011c 00       		.byte	0
 443 011d 08       		.uleb128 0x8
 444 011e 0A000000 		.4byte	.LASF16
 445 0122 03       		.byte	0x3
 446 0123 92       		.byte	0x92
 447 0124 2E010000 		.4byte	0x12e
 448 0128 05       		.uleb128 0x5
 449 0129 03       		.byte	0x3
 450 012a 00000000 		.4byte	cy_metadata
 451 012e 07       		.uleb128 0x7
 452 012f 0D010000 		.4byte	0x10d
ARM GAS  C:\Users\asol17\AppData\Local\Temp\cctJjMXk.s 			page 9


 453 0133 00       		.byte	0
 454              		.section	.debug_abbrev,"",%progbits
 455              	.Ldebug_abbrev0:
 456 0000 01       		.uleb128 0x1
 457 0001 11       		.uleb128 0x11
 458 0002 01       		.byte	0x1
 459 0003 25       		.uleb128 0x25
 460 0004 0E       		.uleb128 0xe
 461 0005 13       		.uleb128 0x13
 462 0006 0B       		.uleb128 0xb
 463 0007 03       		.uleb128 0x3
 464 0008 0E       		.uleb128 0xe
 465 0009 1B       		.uleb128 0x1b
 466 000a 0E       		.uleb128 0xe
 467 000b 10       		.uleb128 0x10
 468 000c 17       		.uleb128 0x17
 469 000d 00       		.byte	0
 470 000e 00       		.byte	0
 471 000f 02       		.uleb128 0x2
 472 0010 24       		.uleb128 0x24
 473 0011 00       		.byte	0
 474 0012 0B       		.uleb128 0xb
 475 0013 0B       		.uleb128 0xb
 476 0014 3E       		.uleb128 0x3e
 477 0015 0B       		.uleb128 0xb
 478 0016 03       		.uleb128 0x3
 479 0017 0E       		.uleb128 0xe
 480 0018 00       		.byte	0
 481 0019 00       		.byte	0
 482 001a 03       		.uleb128 0x3
 483 001b 16       		.uleb128 0x16
 484 001c 00       		.byte	0
 485 001d 03       		.uleb128 0x3
 486 001e 0E       		.uleb128 0xe
 487 001f 3A       		.uleb128 0x3a
 488 0020 0B       		.uleb128 0xb
 489 0021 3B       		.uleb128 0x3b
 490 0022 0B       		.uleb128 0xb
 491 0023 49       		.uleb128 0x49
 492 0024 13       		.uleb128 0x13
 493 0025 00       		.byte	0
 494 0026 00       		.byte	0
 495 0027 04       		.uleb128 0x4
 496 0028 24       		.uleb128 0x24
 497 0029 00       		.byte	0
 498 002a 0B       		.uleb128 0xb
 499 002b 0B       		.uleb128 0xb
 500 002c 3E       		.uleb128 0x3e
 501 002d 0B       		.uleb128 0xb
 502 002e 03       		.uleb128 0x3
 503 002f 08       		.uleb128 0x8
 504 0030 00       		.byte	0
 505 0031 00       		.byte	0
 506 0032 05       		.uleb128 0x5
 507 0033 01       		.uleb128 0x1
 508 0034 01       		.byte	0x1
 509 0035 49       		.uleb128 0x49
ARM GAS  C:\Users\asol17\AppData\Local\Temp\cctJjMXk.s 			page 10


 510 0036 13       		.uleb128 0x13
 511 0037 01       		.uleb128 0x1
 512 0038 13       		.uleb128 0x13
 513 0039 00       		.byte	0
 514 003a 00       		.byte	0
 515 003b 06       		.uleb128 0x6
 516 003c 21       		.uleb128 0x21
 517 003d 00       		.byte	0
 518 003e 49       		.uleb128 0x49
 519 003f 13       		.uleb128 0x13
 520 0040 2F       		.uleb128 0x2f
 521 0041 0B       		.uleb128 0xb
 522 0042 00       		.byte	0
 523 0043 00       		.byte	0
 524 0044 07       		.uleb128 0x7
 525 0045 26       		.uleb128 0x26
 526 0046 00       		.byte	0
 527 0047 49       		.uleb128 0x49
 528 0048 13       		.uleb128 0x13
 529 0049 00       		.byte	0
 530 004a 00       		.byte	0
 531 004b 08       		.uleb128 0x8
 532 004c 34       		.uleb128 0x34
 533 004d 00       		.byte	0
 534 004e 03       		.uleb128 0x3
 535 004f 0E       		.uleb128 0xe
 536 0050 3A       		.uleb128 0x3a
 537 0051 0B       		.uleb128 0xb
 538 0052 3B       		.uleb128 0x3b
 539 0053 0B       		.uleb128 0xb
 540 0054 49       		.uleb128 0x49
 541 0055 13       		.uleb128 0x13
 542 0056 3F       		.uleb128 0x3f
 543 0057 19       		.uleb128 0x19
 544 0058 02       		.uleb128 0x2
 545 0059 18       		.uleb128 0x18
 546 005a 00       		.byte	0
 547 005b 00       		.byte	0
 548 005c 00       		.byte	0
 549              		.section	.debug_aranges,"",%progbits
 550 0000 14000000 		.4byte	0x14
 551 0004 0200     		.2byte	0x2
 552 0006 00000000 		.4byte	.Ldebug_info0
 553 000a 04       		.byte	0x4
 554 000b 00       		.byte	0
 555 000c 0000     		.2byte	0
 556 000e 0000     		.2byte	0
 557 0010 00000000 		.4byte	0
 558 0014 00000000 		.4byte	0
 559              		.section	.debug_line,"",%progbits
 560              	.Ldebug_line0:
 561 0000 0F010000 		.section	.debug_str,"MS",%progbits,1
 561      02000901 
 561      00000201 
 561      FB0E0D00 
 561      01010101 
 562              	.LASF9:
ARM GAS  C:\Users\asol17\AppData\Local\Temp\cctJjMXk.s 			page 11


 563 0000 5F5F7569 		.ascii	"__uint8_t\000"
 563      6E74385F 
 563      7400
 564              	.LASF16:
 565 000a 63795F6D 		.ascii	"cy_metadata\000"
 565      65746164 
 565      61746100 
 566              	.LASF1:
 567 0016 756E7369 		.ascii	"unsigned char\000"
 567      676E6564 
 567      20636861 
 567      7200
 568              	.LASF17:
 569 0024 474E5520 		.ascii	"GNU C11 5.4.1 20160609 (release) [ARM/embedded-5-br"
 569      43313120 
 569      352E342E 
 569      31203230 
 569      31363036 
 570 0057 616E6368 		.ascii	"anch revision 237715] -mcpu=cortex-m3 -mthumb -g -O"
 570      20726576 
 570      6973696F 
 570      6E203233 
 570      37373135 
 571 008a 67202D66 		.ascii	"g -ffunction-sections -ffat-lto-objects\000"
 571      66756E63 
 571      74696F6E 
 571      2D736563 
 571      74696F6E 
 572              	.LASF5:
 573 00b2 6C6F6E67 		.ascii	"long unsigned int\000"
 573      20756E73 
 573      69676E65 
 573      6420696E 
 573      7400
 574              	.LASF3:
 575 00c4 73686F72 		.ascii	"short unsigned int\000"
 575      7420756E 
 575      7369676E 
 575      65642069 
 575      6E7400
 576              	.LASF19:
 577 00d7 433A5C55 		.ascii	"C:\\Users\\asol17\\Documents\\Uni\\P6\\Digital Desi"
 577      73657273 
 577      5C61736F 
 577      6C31375C 
 577      446F6375 
 578 0104 676E5C4C 		.ascii	"gn\\Lecture_8\\Lecture_8\\Lecture8_C.cydsn\000"
 578      65637475 
 578      72655F38 
 578      5C4C6563 
 578      74757265 
 579              	.LASF13:
 580 012c 63795F6D 		.ascii	"cy_meta_custnvl\000"
 580      6574615F 
 580      63757374 
 580      6E766C00 
 581              	.LASF12:
ARM GAS  C:\Users\asol17\AppData\Local\Temp\cctJjMXk.s 			page 12


 582 013c 63795F6D 		.ascii	"cy_meta_configecc\000"
 582      6574615F 
 582      636F6E66 
 582      69676563 
 582      6300
 583              	.LASF8:
 584 014e 756E7369 		.ascii	"unsigned int\000"
 584      676E6564 
 584      20696E74 
 584      00
 585              	.LASF7:
 586 015b 6C6F6E67 		.ascii	"long long unsigned int\000"
 586      206C6F6E 
 586      6720756E 
 586      7369676E 
 586      65642069 
 587              	.LASF10:
 588 0172 75696E74 		.ascii	"uint8_t\000"
 588      385F7400 
 589              	.LASF15:
 590 017a 63795F6D 		.ascii	"cy_meta_flashprotect\000"
 590      6574615F 
 590      666C6173 
 590      6870726F 
 590      74656374 
 591              	.LASF14:
 592 018f 63795F6D 		.ascii	"cy_meta_wonvl\000"
 592      6574615F 
 592      776F6E76 
 592      6C00
 593              	.LASF11:
 594 019d 73697A65 		.ascii	"sizetype\000"
 594      74797065 
 594      00
 595              	.LASF6:
 596 01a6 6C6F6E67 		.ascii	"long long int\000"
 596      206C6F6E 
 596      6720696E 
 596      7400
 597              	.LASF2:
 598 01b4 73686F72 		.ascii	"short int\000"
 598      7420696E 
 598      7400
 599              	.LASF4:
 600 01be 6C6F6E67 		.ascii	"long int\000"
 600      20696E74 
 600      00
 601              	.LASF0:
 602 01c7 7369676E 		.ascii	"signed char\000"
 602      65642063 
 602      68617200 
 603              	.LASF18:
 604 01d3 47656E65 		.ascii	"Generated_Source\\PSoC5\\cymetadata.c\000"
 604      72617465 
 604      645F536F 
 604      75726365 
 604      5C50536F 
ARM GAS  C:\Users\asol17\AppData\Local\Temp\cctJjMXk.s 			page 13


 605              		.ident	"GCC: (GNU Tools for ARM Embedded Processors) 5.4.1 20160609 (release) [ARM/embedded-5-bran
