Loading plugins phase: Elapsed time ==> 0s.169ms
<CYPRESSTAG name="CyDsfit arguments...">
cydsfit arguments: -.fdsnotice -.fdswarpdepfile=warp_dependencies.txt -.fdselabdepfile=elab_dependencies.txt -.fdsbldfile=generated_files.txt -.fdsreffile=referenced_files.txt -p C:\Users\asol17\Documents\Uni\P6\Digital Design\Lecture_11\Lecture11\Lecture11.cydsn\Lecture11.cyprj -d CY8C5888LTI-LP097 -s C:\Users\asol17\Documents\Uni\P6\Digital Design\Lecture_11\Lecture11\Lecture11.cydsn\Generated_Source\PSoC5 -- -yv2 -q10 -ygs -o2 -v3 -.fftcfgtype=LE
</CYPRESSTAG>
<CYPRESSTAG name="Design elaboration results...">
ADD: fit.M0032: warning: Clock Warning: (Clock_1's accuracy range '10  Hz -50% +100%, (5  Hz - 20  Hz)' is not within the specified tolerance range '10  Hz +/- 5%, (9.5  Hz - 10.5  Hz)'.).
 * C:\Users\asol17\Documents\Uni\P6\Digital Design\Lecture_11\Lecture11\Lecture11.cydsn\Lecture11.cydwr (Clock_1)
 * C:\Users\asol17\Documents\Uni\P6\Digital Design\Lecture_11\Lecture11\Lecture11.cydsn\TopDesign\TopDesign.cysch (Instance:Clock_1)

</CYPRESSTAG>
Elaboration phase: Elapsed time ==> 1s.121ms
<CYPRESSTAG name="HDL generation results...">
</CYPRESSTAG>
HDL generation phase: Elapsed time ==> 0s.147ms
<CYPRESSTAG name="Synthesis results...">

     | | | | | | |
   _________________
  -|               |-
  -|               |-
  -|               |-
  -|    CYPRESS    |-
  -|               |-
  -|               |-   Warp Verilog Synthesis Compiler: Version 6.3 IR 41
  -|               |-   Copyright (C) 1991-2001 Cypress Semiconductor
   |_______________|
     | | | | | | |

======================================================================
Compiling:  Lecture11.v
Program  :   F:\PSoC\PSoC Creator\4.3\PSoC Creator\warp\bin\warp.exe
Options  :    -yv2 -q10 -ygs -o2 -v3 -.fftcfgtype=LE -ya -.fftprj=C:\Users\asol17\Documents\Uni\P6\Digital Design\Lecture_11\Lecture11\Lecture11.cydsn\Lecture11.cyprj -dcpsoc3 Lecture11.v -verilog
======================================================================

======================================================================
Compiling:  Lecture11.v
Program  :   F:\PSoC\PSoC Creator\4.3\PSoC Creator\warp\bin\warp.exe
Options  :    -yv2 -q10 -ygs -o2 -v3 -.fftcfgtype=LE -ya -.fftprj=C:\Users\asol17\Documents\Uni\P6\Digital Design\Lecture_11\Lecture11\Lecture11.cydsn\Lecture11.cyprj -dcpsoc3 Lecture11.v -verilog
======================================================================

======================================================================
Compiling:  Lecture11.v
Program  :   vlogfe
Options  :    -yv2 -q10 -ygs -o2 -v3 -.fftcfgtype=LE -ya -.fftprj=C:\Users\asol17\Documents\Uni\P6\Digital Design\Lecture_11\Lecture11\Lecture11.cydsn\Lecture11.cyprj -dcpsoc3 -verilog Lecture11.v
======================================================================

vlogfe V6.3 IR 41:  Verilog parser
Fri Jun 12 15:17:18 2020


======================================================================
Compiling:  Lecture11.v
Program  :   vpp
Options  :    -yv2 -q10 Lecture11.v
======================================================================

vpp V6.3 IR 41:  Verilog Pre-Processor
Fri Jun 12 15:17:18 2020

Flattening file 'F:\PSoC\PSoC Creator\4.3\PSoC Creator\warp\lib\common\cypress.v'
Flattening file 'F:\PSoC\PSoC Creator\4.3\PSoC Creator\warp\lib\common\cy_psoc3_inc.v'
Flattening file 'F:\PSoC\PSoC Creator\4.3\PSoC Creator\warp\lib\common\cypress.v'

vpp:  No errors.

Library 'work' => directory 'lcpsoc3'
General_symbol_table
General_symbol_table
Linking 'F:\PSoC\PSoC Creator\4.3\PSoC Creator\warp\lib\common\std.vhd'.
Linking 'F:\PSoC\PSoC Creator\4.3\PSoC Creator\warp\lib\common\cypress.vhd'.
Linking 'F:\PSoC\PSoC Creator\4.3\PSoC Creator\warp\lib\common\work\cypress.vif'.
Linking 'F:\PSoC\PSoC Creator\4.3\PSoC Creator\warp\lib\ieee\work\stdlogic.vif'.
Linking 'F:\PSoC\PSoC Creator\4.3\PSoC Creator\warp\lib\common\stdlogic\lpmpkg.vif'.
Linking 'F:\PSoC\PSoC Creator\4.3\PSoC Creator\warp\lib\common\stdlogic\rtlpkg.vif'.
Linking 'F:\PSoC\PSoC Creator\4.3\PSoC Creator\warp\lib\common\stdlogic\mod_cnst.vif'.
Linking 'F:\PSoC\PSoC Creator\4.3\PSoC Creator\warp\lib\common\stdlogic\mod_mthv.vif'.
Linking 'F:\PSoC\PSoC Creator\4.3\PSoC Creator\warp\lib\common\stdlogic\mod_genv.vif'.
Using control file 'Lecture11.ctl'.
Linking 'F:\PSoC\PSoC Creator\4.3\PSoC Creator\warp\lib\common\stdlogic\cy_psoc3pkg.vif'.
Linking 'F:\PSoC\PSoC Creator\4.3\PSoC Creator\warp\lib\common\stdlogic\cy_psoc3.vif'.

vlogfe:  No errors.


======================================================================
Compiling:  Lecture11.v
Program  :   tovif
Options  :    -yv2 -q10 -ygs -o2 -v3 -.fftcfgtype=LE -ya -.fftprj=C:\Users\asol17\Documents\Uni\P6\Digital Design\Lecture_11\Lecture11\Lecture11.cydsn\Lecture11.cyprj -dcpsoc3 -verilog Lecture11.v
======================================================================

tovif V6.3 IR 41:  High-level synthesis
Fri Jun 12 15:17:18 2020

Linking 'F:\PSoC\PSoC Creator\4.3\PSoC Creator\warp\lib\common\std.vhd'.
Linking 'F:\PSoC\PSoC Creator\4.3\PSoC Creator\warp\lib\common\cypress.vhd'.
Linking 'F:\PSoC\PSoC Creator\4.3\PSoC Creator\warp\lib\common\work\cypress.vif'.
Linking 'F:\PSoC\PSoC Creator\4.3\PSoC Creator\warp\lib\ieee\work\stdlogic.vif'.
Linking 'F:\PSoC\PSoC Creator\4.3\PSoC Creator\warp\lib\common\stdlogic\lpmpkg.vif'.
Linking 'F:\PSoC\PSoC Creator\4.3\PSoC Creator\warp\lib\common\stdlogic\rtlpkg.vif'.
Linking 'F:\PSoC\PSoC Creator\4.3\PSoC Creator\warp\lib\common\stdlogic\mod_cnst.vif'.
Linking 'F:\PSoC\PSoC Creator\4.3\PSoC Creator\warp\lib\common\stdlogic\mod_mthv.vif'.
Linking 'F:\PSoC\PSoC Creator\4.3\PSoC Creator\warp\lib\common\stdlogic\mod_genv.vif'.
Linking 'C:\Users\asol17\Documents\Uni\P6\Digital Design\Lecture_11\Lecture11\Lecture11.cydsn\codegentemp\Lecture11.ctl'.
Linking 'F:\PSoC\PSoC Creator\4.3\PSoC Creator\warp\lib\common\cypress.v'.
Linking 'F:\PSoC\PSoC Creator\4.3\PSoC Creator\warp\lib\common\cy_psoc3_inc.v'.
Linking 'C:\Users\asol17\Documents\Uni\P6\Digital Design\Lecture_11\Lecture11\Lecture11.cydsn\codegentemp\Lecture11.v'.
Linking 'F:\PSoC\PSoC Creator\4.3\PSoC Creator\warp\lib\common\stdlogic\cy_psoc3pkg.vif'.
Linking 'F:\PSoC\PSoC Creator\4.3\PSoC Creator\warp\lib\common\stdlogic\cy_psoc3.vif'.

tovif:  No errors.


======================================================================
Compiling:  Lecture11.v
Program  :   topld
Options  :    -yv2 -q10 -ygs -o2 -v3 -.fftcfgtype=LE -ya -.fftprj=C:\Users\asol17\Documents\Uni\P6\Digital Design\Lecture_11\Lecture11\Lecture11.cydsn\Lecture11.cyprj -dcpsoc3 -verilog Lecture11.v
======================================================================

topld V6.3 IR 41:  Synthesis and optimization
Fri Jun 12 15:17:18 2020

Linking 'F:\PSoC\PSoC Creator\4.3\PSoC Creator\warp\lib\common\std.vhd'.
Linking 'F:\PSoC\PSoC Creator\4.3\PSoC Creator\warp\lib\common\cypress.vhd'.
Linking 'F:\PSoC\PSoC Creator\4.3\PSoC Creator\warp\lib\common\work\cypress.vif'.
Linking 'F:\PSoC\PSoC Creator\4.3\PSoC Creator\warp\lib\ieee\work\stdlogic.vif'.
Linking 'F:\PSoC\PSoC Creator\4.3\PSoC Creator\warp\lib\common\stdlogic\lpmpkg.vif'.
Linking 'F:\PSoC\PSoC Creator\4.3\PSoC Creator\warp\lib\common\stdlogic\rtlpkg.vif'.
Linking 'F:\PSoC\PSoC Creator\4.3\PSoC Creator\warp\lib\common\stdlogic\mod_cnst.vif'.
Linking 'F:\PSoC\PSoC Creator\4.3\PSoC Creator\warp\lib\common\stdlogic\mod_mthv.vif'.
Linking 'F:\PSoC\PSoC Creator\4.3\PSoC Creator\warp\lib\common\stdlogic\mod_genv.vif'.
Linking 'C:\Users\asol17\Documents\Uni\P6\Digital Design\Lecture_11\Lecture11\Lecture11.cydsn\codegentemp\Lecture11.ctl'.
Linking 'F:\PSoC\PSoC Creator\4.3\PSoC Creator\warp\lib\common\cypress.v'.
Linking 'F:\PSoC\PSoC Creator\4.3\PSoC Creator\warp\lib\common\cy_psoc3_inc.v'.
Linking 'C:\Users\asol17\Documents\Uni\P6\Digital Design\Lecture_11\Lecture11\Lecture11.cydsn\codegentemp\Lecture11.v'.
Linking 'F:\PSoC\PSoC Creator\4.3\PSoC Creator\warp\lib\common\stdlogic\cy_psoc3pkg.vif'.
Linking 'F:\PSoC\PSoC Creator\4.3\PSoC Creator\warp\lib\common\stdlogic\cy_psoc3.vif'.
Linking 'F:\PSoC\PSoC Creator\4.3\PSoC Creator\warp\lib\lcpsoc3\stdlogic\cpsoc3.vif'.

----------------------------------------------------------
Detecting unused logic.
----------------------------------------------------------
    User names
	Net_19


Deleted 1 User equation or component.
Deleted 0 Synthesized equations/components.

------------------------------------------------------
Alias Detection
------------------------------------------------------
Aliasing \simpleCounter_2:Datapath_1_d1_load\ to \simpleCounter_2:Datapath_1_d0_load\
Aliasing \simpleCounter_2:Datapath_1_f0_load\ to \simpleCounter_2:Datapath_1_d0_load\
Aliasing \simpleCounter_2:Datapath_1_f1_load\ to \simpleCounter_2:Datapath_1_d0_load\
Aliasing \simpleCounter_2:Datapath_1_route_si\ to \simpleCounter_2:Datapath_1_d0_load\
Aliasing \simpleCounter_2:Datapath_1_route_ci\ to \simpleCounter_2:Datapath_1_d0_load\
Aliasing \simpleCounter_2:Datapath_1_select_0\ to Net_13
Aliasing \simpleCounter_2:Datapath_1_select_1\ to \simpleCounter_2:Datapath_1_d0_load\
Aliasing \simpleCounter_2:Datapath_1_select_2\ to \simpleCounter_2:Datapath_1_d0_load\
Aliasing zero to \simpleCounter_2:Datapath_1_d0_load\
Aliasing \simpleCounter_1:Datapath_1_d0_load\ to \simpleCounter_2:Datapath_1_d0_load\
Aliasing \simpleCounter_1:Datapath_1_d1_load\ to \simpleCounter_2:Datapath_1_d0_load\
Aliasing \simpleCounter_1:Datapath_1_f0_load\ to \simpleCounter_2:Datapath_1_d0_load\
Aliasing \simpleCounter_1:Datapath_1_f1_load\ to \simpleCounter_2:Datapath_1_d0_load\
Aliasing \simpleCounter_1:Datapath_1_route_si\ to \simpleCounter_2:Datapath_1_d0_load\
Aliasing \simpleCounter_1:Datapath_1_route_ci\ to \simpleCounter_2:Datapath_1_d0_load\
Aliasing \simpleCounter_1:Datapath_1_select_1\ to \simpleCounter_2:Datapath_1_d0_load\
Aliasing \simpleCounter_1:Datapath_1_select_2\ to \simpleCounter_2:Datapath_1_d0_load\
Aliasing one to tmpOE__TC_Led_net_0
Removing Rhs of wire Net_13[0] = \simpleCounter_2:CounterState\[1]
Removing Lhs of wire \simpleCounter_2:Datapath_1_d1_load\[3] = \simpleCounter_2:Datapath_1_d0_load\[2]
Removing Lhs of wire \simpleCounter_2:Datapath_1_f0_load\[4] = \simpleCounter_2:Datapath_1_d0_load\[2]
Removing Lhs of wire \simpleCounter_2:Datapath_1_f1_load\[5] = \simpleCounter_2:Datapath_1_d0_load\[2]
Removing Lhs of wire \simpleCounter_2:Datapath_1_route_si\[6] = \simpleCounter_2:Datapath_1_d0_load\[2]
Removing Lhs of wire \simpleCounter_2:Datapath_1_route_ci\[7] = \simpleCounter_2:Datapath_1_d0_load\[2]
Removing Lhs of wire \simpleCounter_2:Datapath_1_select_0\[8] = Net_13[0]
Removing Lhs of wire \simpleCounter_2:Datapath_1_select_1\[9] = \simpleCounter_2:Datapath_1_d0_load\[2]
Removing Lhs of wire \simpleCounter_2:Datapath_1_select_2\[10] = \simpleCounter_2:Datapath_1_d0_load\[2]
Removing Rhs of wire zero[12] = \simpleCounter_2:Datapath_1_d0_load\[2]
Removing Lhs of wire \simpleCounter_1:Datapath_1_d0_load\[49] = zero[12]
Removing Lhs of wire \simpleCounter_1:Datapath_1_d1_load\[50] = zero[12]
Removing Lhs of wire \simpleCounter_1:Datapath_1_f0_load\[51] = zero[12]
Removing Lhs of wire \simpleCounter_1:Datapath_1_f1_load\[52] = zero[12]
Removing Lhs of wire \simpleCounter_1:Datapath_1_route_si\[53] = zero[12]
Removing Lhs of wire \simpleCounter_1:Datapath_1_route_ci\[54] = zero[12]
Removing Lhs of wire \simpleCounter_1:Datapath_1_select_0\[55] = \simpleCounter_1:CounterState\[48]
Removing Lhs of wire \simpleCounter_1:Datapath_1_select_1\[56] = zero[12]
Removing Lhs of wire \simpleCounter_1:Datapath_1_select_2\[57] = zero[12]
Removing Lhs of wire one[96] = tmpOE__TC_Led_net_0[92]

------------------------------------------------------
Aliased 0 equations, 20 wires.
------------------------------------------------------

----------------------------------------------------------
Circuit simplification
----------------------------------------------------------

Substituting virtuals - pass 1:


----------------------------------------------------------
Circuit simplification results:

	Expanded 0 signals.
	Turned 0 signals into soft nodes.
	Maximum default expansion cost was set at 3.
----------------------------------------------------------

topld:  No errors.

CYPRESS_DIR    : F:\PSoC\PSoC Creator\4.3\PSoC Creator\warp
Warp Program   : F:\PSoC\PSoC Creator\4.3\PSoC Creator\warp\bin\warp.exe
Warp Arguments : -yv2 -q10 -ygs -o2 -v3 -.fftcfgtype=LE -ya "-.fftprj=C:\Users\asol17\Documents\Uni\P6\Digital Design\Lecture_11\Lecture11\Lecture11.cydsn\Lecture11.cyprj" -dcpsoc3 Lecture11.v -verilog
</CYPRESSTAG>
Warp synthesis phase: Elapsed time ==> 0s.725ms
<CYPRESSTAG name="Fitter results...">
<CYPRESSTAG name="Fitter startup details...">
cyp3fit: V4.3.0.1445, Family: PSoC3, Started at: Friday, 12 June 2020 15:17:18
Options: -yv2 -q10 -ygs -o2 -v3 -.fftcfgtype=LE -ya -.fftprj=C:\Users\asol17\Documents\Uni\P6\Digital Design\Lecture_11\Lecture11\Lecture11.cydsn\Lecture11.cyprj -d CY8C5888LTI-LP097 Lecture11.v -verilog
</CYPRESSTAG>
<CYPRESSTAG name="Design parsing">
Design parsing phase: Elapsed time ==> 0s.014ms
</CYPRESSTAG>
<CYPRESSTAG name="Tech Mapping">
<CYPRESSTAG name="Initial Mapping" icon="FILE_RPT_TECHM">
<CYPRESSTAG name="Global Clock Selection" icon="FILE_RPT_TECHM">
    Digital Clock 0: Automatic-assigning  clock 'Clock_1'. Fanout=4, Signal=Net_20
</CYPRESSTAG>

Removing unused cells resulting from optimization
Done removing unused cells.
<CYPRESSTAG name="UDB Clock/Enable Remapping Results">
</CYPRESSTAG>

Removing unused cells resulting from optimization
Done removing unused cells.
<CYPRESSTAG name="Duplicate Macrocell detection">
</CYPRESSTAG>
</CYPRESSTAG>
<CYPRESSTAG name="Duplicate Macrocell detection">
</CYPRESSTAG>
<CYPRESSTAG name="Design Equations" icon="FILE_RPT_EQUATION">

------------------------------------------------------------
Design Equations
------------------------------------------------------------
    <CYPRESSTAG name="Pin listing">

    ------------------------------------------------------------
    Pin listing
    ------------------------------------------------------------

    Pin : Name = TC_Led(0)
        Attributes:
            In Group/Port: True
            In Sync Option: AUTO
            Out Sync Option: NOSYNC
            Interrupt generated: False
            Interrupt mode: NONE
            Drive mode: CMOS_OUT
            VTrip: EITHER
            Slew: FAST
            Input Sync needed: False
            Output Sync needed: False
            SC shield enabled: False
            POR State: ANY
            LCD Mode: COMMON
            Register Mode: RegComb
            CaSense Mode: NEITHER
            Treat as pin: True
            Is OE Registered: False
            Uses Analog: False
            Can contain Digital: True
            Is SIO: False
            SIO Output Buf: NONREGULATED
            SIO Input Buf: SINGLE_ENDED
            SIO HiFreq: LOW
            SIO Hyst: DISABLED
            SIO Vtrip: MULTIPLIER_0_5
            SIO Multiplier Index: 0
            SIO RefSel: VCC_IO
            Required Capabilities: DIGITAL, ROUTABLE
            Initial Value: 0
            IO Voltage: 0
        PORT MAP (
            pa_out => TC_Led(0)__PA ,
            pin_input => Net_13 ,
            pad => TC_Led(0)_PAD );
        Properties:
        {
        }
    </CYPRESSTAG>
    <CYPRESSTAG name="Macrocell listing" icon="FILE_RPT_EQUATION">

    ------------------------------------------------------------
    Macrocell listing
    ------------------------------------------------------------

    MacroCell: Name=Net_13, Mode=(D-Register)
        Total # of inputs        : 2
        Total # of product terms : 1
        List of special equations: 
            Clock  = (Net_20) => Global
            Clock Enable: True
        Main Equation            : 1 pterm
        (
              !Net_13 * \simpleCounter_2:Limit_Detect\
        );
        Output = Net_13 (fanout=3)

    MacroCell: Name=\simpleCounter_1:CounterState\, Mode=(D-Register)
        Total # of inputs        : 2
        Total # of product terms : 1
        List of special equations: 
            Clock  = (Net_20) => Global
            Clock Enable: True
        Main Equation            : 1 pterm
        (
              !\simpleCounter_1:CounterState\ * \simpleCounter_1:Zero_Detect\
        );
        Output = \simpleCounter_1:CounterState\ (fanout=2)
    </CYPRESSTAG>
    <CYPRESSTAG name="Datapath listing">

    ------------------------------------------------------------
    Datapath listing
    ------------------------------------------------------------

    datapathcell: Name =\simpleCounter_2:Datapath_1:u0\
        PORT MAP (
            clock => Net_20 ,
            cs_addr_0 => Net_13 ,
            ce1_comb => \simpleCounter_2:Limit_Detect\ );
        Properties:
        {
            a0_init = "00000000"
            a1_init = "00000000"
            ce0_sync = 1
            ce1_sync = 1
            cl0_sync = 1
            cl1_sync = 1
            cmsb_sync = 1
            co_msb_sync = 1
            cy_dpconfig = "0010000001000000000000001000000000000000000000000000000000000000000000000000000000000000000000000000000000000000000000000000000011111111000000001111111111111111001000000000000000000000111100000001000000000000"
            d0_init = "00000000"
            d1_init = "00001111"
            f0_blk_sync = 1
            f0_bus_sync = 1
            f1_blk_sync = 1
            f1_bus_sync = 1
            ff0_sync = 1
            ff1_sync = 1
            ov_msb_sync = 1
            so_sync = 1
            z0_sync = 1
            z1_sync = 1
        }
        Clock Polarity: Active High
        Clock Enable: True

    datapathcell: Name =\simpleCounter_1:Datapath_1:u0\
        PORT MAP (
            clock => Net_20 ,
            cs_addr_0 => \simpleCounter_1:CounterState\ ,
            z0_comb => \simpleCounter_1:Zero_Detect\ );
        Properties:
        {
            a0_init = "00001111"
            a1_init = "00000000"
            ce0_sync = 1
            ce1_sync = 1
            cl0_sync = 1
            cl1_sync = 1
            cmsb_sync = 1
            co_msb_sync = 1
            cy_dpconfig = "0100000001000000000000001000000000000000000000000000000000000000000000000000000000000000000000000000000000000000000000000000000011111111000000001111111111111111001000000000000000000000111100000001000000000000"
            d0_init = "00001111"
            d1_init = "00000000"
            f0_blk_sync = 1
            f0_bus_sync = 1
            f1_blk_sync = 1
            f1_bus_sync = 1
            ff0_sync = 1
            ff1_sync = 1
            ov_msb_sync = 1
            so_sync = 1
            z0_sync = 1
            z1_sync = 1
        }
        Clock Polarity: Active High
        Clock Enable: True
    </CYPRESSTAG>
    <CYPRESSTAG name="Status register listing">
    </CYPRESSTAG>
    <CYPRESSTAG name="StatusI register listing">
    </CYPRESSTAG>
    <CYPRESSTAG name="Sync listing">
    </CYPRESSTAG>
    <CYPRESSTAG name="Control register listing">
    </CYPRESSTAG>
    <CYPRESSTAG name="Count7 listing">
    </CYPRESSTAG>
    <CYPRESSTAG name="DRQ listing">
    </CYPRESSTAG>
    <CYPRESSTAG name="Interrupt listing">
    </CYPRESSTAG>
</CYPRESSTAG>
<CYPRESSTAG name="Technology mapping summary" expanded>

------------------------------------------------------------
Technology mapping summary
------------------------------------------------------------

Resource Type                 : Used : Free :  Max :  % Used
============================================================
Digital Clocks                :    1 :    7 :    8 : 12.50 %
Analog Clocks                 :    0 :    4 :    4 :  0.00 %
CapSense Buffers              :    0 :    2 :    2 :  0.00 %
Digital Filter Block          :    0 :    1 :    1 :  0.00 %
Interrupts                    :    0 :   32 :   32 :  0.00 %
IO                            :    4 :   44 :   48 :  8.33 %
Segment LCD                   :    0 :    1 :    1 :  0.00 %
CAN 2.0b                      :    0 :    1 :    1 :  0.00 %
I2C                           :    0 :    1 :    1 :  0.00 %
USB                           :    0 :    1 :    1 :  0.00 %
DMA Channels                  :    0 :   24 :   24 :  0.00 %
Timer                         :    0 :    4 :    4 :  0.00 %
UDB                           :      :      :      :        
  Macrocells                  :    2 :  190 :  192 :  1.04 %
  Unique P-terms              :    2 :  382 :  384 :  0.52 %
  Total P-terms               :    2 :      :      :        
  Datapath Cells              :    2 :   22 :   24 :  8.33 %
  Status Cells                :    0 :   24 :   24 :  0.00 %
  Control Cells               :    0 :   24 :   24 :  0.00 %
Opamp                         :    0 :    4 :    4 :  0.00 %
Comparator                    :    0 :    4 :    4 :  0.00 %
Delta-Sigma ADC               :    0 :    1 :    1 :  0.00 %
LPF                           :    0 :    2 :    2 :  0.00 %
SAR ADC                       :    0 :    2 :    2 :  0.00 %
Analog (SC/CT) Blocks         :    0 :    4 :    4 :  0.00 %
DAC                           :      :      :      :        
  VIDAC                       :    0 :    4 :    4 :  0.00 %
</CYPRESSTAG>
Technology Mapping: Elapsed time ==> 0s.061ms
Tech Mapping phase: Elapsed time ==> 0s.127ms
</CYPRESSTAG>
<CYPRESSTAG name="Analog Placement">
Initial Analog Placement Results:
IO_1@[IOP=(2)][IoId=(1)] : TC_Led(0) (fixed)
Analog Placement phase: Elapsed time ==> 0s.049ms
</CYPRESSTAG>
<CYPRESSTAG name="Analog Routing">
Analog Routing phase: Elapsed time ==> 0s.000ms
</CYPRESSTAG>
<CYPRESSTAG name="Analog Code Generation">
============ Analog Final Answer Routes ============
Dump of CyAnalogRoutingResultsDB
Map of net to items {
}
Map of item to net {
}
Mux Info {
}
Dump of CyP35AnalogRoutingResultsDB
IsVddaHalfUsedForComp = False
IsVddaHalfUsedForSar0 = False
IsVddaHalfUsedForSar1 = False
Analog Code Generation phase: Elapsed time ==> 0s.373ms
</CYPRESSTAG>
<CYPRESSTAG name="Digital Placement">
<CYPRESSTAG name="Detailed placement messages">
I2076: Total run-time: 0.6 sec.

</CYPRESSTAG>
<CYPRESSTAG name="PLD Packing">
<CYPRESSTAG name="PLD Packing Summary" expanded>

------------------------------------------------------------
PLD Packing Summary
------------------------------------------------------------
            Resource Type : Used : Free :  Max :  % Used
    ====================================================
                     PLDs :    2 :   46 :   48 :   4.17%

<CYPRESSTAG name="PLD Statistics">

        PLD Resource Type :     Average/LAB
    =======================================
                   Inputs :            2.00
                   Pterms :            1.00
               Macrocells :            1.00
</CYPRESSTAG>
<CYPRESSTAG name="Packed PLD Contents">
Packed PLD Contents not displayed at this verbose level.</CYPRESSTAG>
</CYPRESSTAG>
PLD Packing: Elapsed time ==> 0s.001ms
</CYPRESSTAG>
<CYPRESSTAG name="Partitioning">
<CYPRESSTAG name="Initial Partitioning Summary">
Initial Partitioning Summary not displayed at this verbose level.</CYPRESSTAG>
<CYPRESSTAG name="Final Partitioning Summary">
Final Partitioning Summary not displayed at this verbose level.</CYPRESSTAG>
Partitioning: Elapsed time ==> 0s.012ms
</CYPRESSTAG>
<CYPRESSTAG name="Final Placement Summary">

------------------------------------------------------------
Final Placement Summary
------------------------------------------------------------

       Resource Type :      Count : Avg Inputs : Avg Outputs
    ========================================================
                 UDB :          2 :       2.00 :       1.00
<CYPRESSTAG name="Final Placement Details">
<CYPRESSTAG name="Component Details">

------------------------------------------------------------
Component Placement Details
------------------------------------------------------------
UDB [UDB=(0,0)] is empty.
UDB [UDB=(0,1)] is empty.
UDB [UDB=(0,2)] is empty.
UDB [UDB=(0,3)] is empty.
UDB [UDB=(0,4)] contents:
LAB@[UDB=(0,4)][LB=1] #macrocells=1, #inputs=2, #pterms=1
{
    [McSlotId=0]:     MacroCell: Name=Net_13, Mode=(D-Register) @ [UDB=(0,4)][LB=1][MC=0]
        Total # of inputs        : 2
        Total # of product terms : 1
        List of special equations: 
            Clock  = (Net_20) => Global
            Clock Enable: True
        Main Equation            : 1 pterm
        (
              !Net_13 * \simpleCounter_2:Limit_Detect\
        );
        Output = Net_13 (fanout=3)
        Properties               : 
        {
        }

    [McSlotId=1]: (empty)
    [McSlotId=2]: (empty)
    [McSlotId=3]: (empty)
}

datapathcell: Name =\simpleCounter_2:Datapath_1:u0\
    PORT MAP (
        clock => Net_20 ,
        cs_addr_0 => Net_13 ,
        ce1_comb => \simpleCounter_2:Limit_Detect\ );
    Properties:
    {
        a0_init = "00000000"
        a1_init = "00000000"
        ce0_sync = 1
        ce1_sync = 1
        cl0_sync = 1
        cl1_sync = 1
        cmsb_sync = 1
        co_msb_sync = 1
        cy_dpconfig = "0010000001000000000000001000000000000000000000000000000000000000000000000000000000000000000000000000000000000000000000000000000011111111000000001111111111111111001000000000000000000000111100000001000000000000"
        d0_init = "00000000"
        d1_init = "00001111"
        f0_blk_sync = 1
        f0_bus_sync = 1
        f1_blk_sync = 1
        f1_bus_sync = 1
        ff0_sync = 1
        ff1_sync = 1
        ov_msb_sync = 1
        so_sync = 1
        z0_sync = 1
        z1_sync = 1
    }
    Clock Polarity: Active High
    Clock Enable: True

UDB [UDB=(0,5)] is empty.
UDB [UDB=(1,0)] is empty.
UDB [UDB=(1,1)] is empty.
UDB [UDB=(1,2)] is empty.
UDB [UDB=(1,3)] is empty.
UDB [UDB=(1,4)] contents:
LAB@[UDB=(1,4)][LB=0] #macrocells=1, #inputs=2, #pterms=1
{
    [McSlotId=0]: (empty)
    [McSlotId=1]:     MacroCell: Name=\simpleCounter_1:CounterState\, Mode=(D-Register) @ [UDB=(1,4)][LB=0][MC=1]
        Total # of inputs        : 2
        Total # of product terms : 1
        List of special equations: 
            Clock  = (Net_20) => Global
            Clock Enable: True
        Main Equation            : 1 pterm
        (
              !\simpleCounter_1:CounterState\ * \simpleCounter_1:Zero_Detect\
        );
        Output = \simpleCounter_1:CounterState\ (fanout=2)
        Properties               : 
        {
        }

    [McSlotId=2]: (empty)
    [McSlotId=3]: (empty)
}

datapathcell: Name =\simpleCounter_1:Datapath_1:u0\
    PORT MAP (
        clock => Net_20 ,
        cs_addr_0 => \simpleCounter_1:CounterState\ ,
        z0_comb => \simpleCounter_1:Zero_Detect\ );
    Properties:
    {
        a0_init = "00001111"
        a1_init = "00000000"
        ce0_sync = 1
        ce1_sync = 1
        cl0_sync = 1
        cl1_sync = 1
        cmsb_sync = 1
        co_msb_sync = 1
        cy_dpconfig = "0100000001000000000000001000000000000000000000000000000000000000000000000000000000000000000000000000000000000000000000000000000011111111000000001111111111111111001000000000000000000000111100000001000000000000"
        d0_init = "00001111"
        d1_init = "00000000"
        f0_blk_sync = 1
        f0_bus_sync = 1
        f1_blk_sync = 1
        f1_bus_sync = 1
        ff0_sync = 1
        ff1_sync = 1
        ov_msb_sync = 1
        so_sync = 1
        z0_sync = 1
        z1_sync = 1
    }
    Clock Polarity: Active High
    Clock Enable: True

UDB [UDB=(1,5)] is empty.
UDB [UDB=(2,0)] is empty.
UDB [UDB=(2,1)] is empty.
UDB [UDB=(2,2)] is empty.
UDB [UDB=(2,3)] is empty.
UDB [UDB=(2,4)] is empty.
UDB [UDB=(2,5)] is empty.
UDB [UDB=(3,0)] is empty.
UDB [UDB=(3,1)] is empty.
UDB [UDB=(3,2)] is empty.
UDB [UDB=(3,3)] is empty.
UDB [UDB=(3,4)] is empty.
UDB [UDB=(3,5)] is empty.
Intr container @ [IntrContainer=(0)]: empty
Drq container @ [DrqContainer=(0)]: empty
Port 0 contains the following IO cells:
Port 1 contains the following IO cells:
Port 2 contains the following IO cells:
[IoId=1]: 
Pin : Name = TC_Led(0)
    Attributes:
        In Group/Port: True
        In Sync Option: AUTO
        Out Sync Option: NOSYNC
        Interrupt generated: False
        Interrupt mode: NONE
        Drive mode: CMOS_OUT
        VTrip: EITHER
        Slew: FAST
        Input Sync needed: False
        Output Sync needed: False
        SC shield enabled: False
        POR State: ANY
        LCD Mode: COMMON
        Register Mode: RegComb
        CaSense Mode: NEITHER
        Treat as pin: True
        Is OE Registered: False
        Uses Analog: False
        Can contain Digital: True
        Is SIO: False
        SIO Output Buf: NONREGULATED
        SIO Input Buf: SINGLE_ENDED
        SIO HiFreq: LOW
        SIO Hyst: DISABLED
        SIO Vtrip: MULTIPLIER_0_5
        SIO Multiplier Index: 0
        SIO RefSel: VCC_IO
        Required Capabilities: DIGITAL, ROUTABLE
        Initial Value: 0
        IO Voltage: 0
    PORT MAP (
        pa_out => TC_Led(0)__PA ,
        pin_input => Net_13 ,
        pad => TC_Led(0)_PAD );
    Properties:
    {
    }

Port 3 contains the following IO cells:
Port 12 contains the following IO cells:
Port 15 contains the following IO cells:
ARM group 0: empty
CAN group 0: empty
Cache group 0: empty
CapSense group 0: empty
Clock group 0: 
    Clock Block @ F(Clock,0): 
    clockblockcell: Name =ClockBlock
        PORT MAP (
            imo => ClockBlock_IMO ,
            pllout => ClockBlock_PLL_OUT ,
            ilo => ClockBlock_ILO ,
            clk_100k => ClockBlock_100k ,
            clk_1k => ClockBlock_1k ,
            clk_32k => ClockBlock_32k ,
            xtal => ClockBlock_XTAL ,
            clk_32k_xtal => ClockBlock_XTAL_32KHZ ,
            clk_sync => ClockBlock_MASTER_CLK ,
            clk_bus_glb => ClockBlock_BUS_CLK ,
            clk_bus => ClockBlock_BUS_CLK_local ,
            dclk_glb_0 => Net_20 ,
            dclk_0 => Net_20_local );
        Properties:
        {
        }
Comparator group 0: empty
DFB group 0: empty
DSM group 0: empty
Decimator group 0: empty
EMIF group 0: empty
I2C group 0: empty
LCD group 0: empty
LVD group 0: empty
PICU group 0: empty
PM group 0: empty
SC group 0: empty
SPC group 0: empty
Timer group 0: empty
USB group 0: empty
VIDAC group 0: empty
OpAmp group 0: empty
CsAbuf group 0: empty
Vref group 0: empty
LPF group 0: empty
SAR group 0: empty
ANAIF group 0: empty
PHUB group 0: empty
</CYPRESSTAG>
<CYPRESSTAG name="Port Configuration Details">

------------------------------------------------------------
Port Configuration report
------------------------------------------------------------
     |     |       | Interrupt |                  |           | 
Port | Pin | Fixed |      Type |       Drive Mode |      Name | Connections
-----+-----+-------+-----------+------------------+-----------+------------
   2 |   1 |     * |      NONE |         CMOS_OUT | TC_Led(0) | In(Net_13)
---------------------------------------------------------------------------
</CYPRESSTAG>
</CYPRESSTAG>
</CYPRESSTAG>
Digital component placer commit/Report: Elapsed time ==> 0s.008ms
Digital Placement phase: Elapsed time ==> 0s.944ms
</CYPRESSTAG>
<CYPRESSTAG name="Digital Routing">
"F:\PSoC\PSoC Creator\4.3\PSoC Creator\bin/sjrouter.exe" --xml-path "F:\PSoC\PSoC Creator\4.3\PSoC Creator\dev\psoc5/psoc5lp/route_arch-rrg.cydata" --vh2-path "Lecture11_r.vh2" --pcf-path "Lecture11.pco" --des-name "Lecture11" --dsf-path "Lecture11.dsf" --sdc-path "Lecture11.sdc" --lib-path "Lecture11_r.lib"
Routing successful.
Digital Routing phase: Elapsed time ==> 1s.328ms
</CYPRESSTAG>
<CYPRESSTAG name="Bitstream Generation">
Bitstream Generation phase: Elapsed time ==> 0s.236ms
</CYPRESSTAG>
<CYPRESSTAG name="Bitstream Verification">
Bitstream Verification phase: Elapsed time ==> 0s.041ms
</CYPRESSTAG>
<CYPRESSTAG name="Static timing analysis">
Timing report is in Lecture11_timing.html.
Static timing analysis phase: Elapsed time ==> 0s.298ms
</CYPRESSTAG>
<CYPRESSTAG name="Data reporting">
Data reporting phase: Elapsed time ==> 0s.000ms
</CYPRESSTAG>
<CYPRESSTAG name="Database update...">
Design database save phase: Elapsed time ==> 0s.197ms
</CYPRESSTAG>
cydsfit: Elapsed time ==> 3s.660ms
</CYPRESSTAG>
Fitter phase: Elapsed time ==> 3s.661ms
API generation phase: Elapsed time ==> 1s.303ms
Dependency generation phase: Elapsed time ==> 0s.023ms
Cleanup phase: Elapsed time ==> 0s.000ms
