ARM GAS  C:\Users\asol17\AppData\Local\Temp\ccRd5pTr.s 			page 1


   1              		.syntax unified
   2              		.cpu cortex-m3
   3              		.fpu softvfp
   4              		.eabi_attribute 20, 1
   5              		.eabi_attribute 21, 1
   6              		.eabi_attribute 23, 3
   7              		.eabi_attribute 24, 1
   8              		.eabi_attribute 25, 1
   9              		.eabi_attribute 26, 1
  10              		.eabi_attribute 30, 1
  11              		.eabi_attribute 34, 1
  12              		.eabi_attribute 18, 4
  13              		.thumb
  14              		.syntax unified
  15              		.file	"cymetadata.c"
  16              		.text
  17              	.Ltext0:
  18              		.cfi_sections	.debug_frame
  19              		.global	cy_metadata
  20              		.global	cy_meta_flashprotect
  21              		.global	cy_meta_wonvl
  22              		.global	cy_meta_custnvl
  23              		.global	cy_meta_configecc
  24              		.section	.cyconfigecc,"a",%progbits
  25              		.align	2
  26              		.type	cy_meta_configecc, %object
  27              		.size	cy_meta_configecc, 232
  28              	cy_meta_configecc:
  29 0000 03       		.byte	3
  30 0001 52       		.byte	82
  31 0002 00       		.byte	0
  32 0003 40       		.byte	64
  33 0004 02       		.byte	2
  34 0005 05       		.byte	5
  35 0006 01       		.byte	1
  36 0007 40       		.byte	64
  37 0008 16       		.byte	22
  38 0009 06       		.byte	6
  39 000a 01       		.byte	1
  40 000b 40       		.byte	64
  41 000c 12       		.byte	18
  42 000d 07       		.byte	7
  43 000e 01       		.byte	1
  44 000f 40       		.byte	64
  45 0010 01       		.byte	1
  46 0011 0B       		.byte	11
  47 0012 01       		.byte	1
  48 0013 40       		.byte	64
  49 0014 03       		.byte	3
  50 0015 15       		.byte	21
  51 0016 01       		.byte	1
  52 0017 40       		.byte	64
  53 0018 03       		.byte	3
  54 0019 17       		.byte	23
  55 001a 01       		.byte	1
  56 001b 40       		.byte	64
  57 001c 01       		.byte	1
ARM GAS  C:\Users\asol17\AppData\Local\Temp\ccRd5pTr.s 			page 2


  58 001d 19       		.byte	25
  59 001e 01       		.byte	1
  60 001f 40       		.byte	64
  61 0020 04       		.byte	4
  62 0021 45       		.byte	69
  63 0022 01       		.byte	1
  64 0023 40       		.byte	64
  65 0024 03       		.byte	3
  66 0025 46       		.byte	70
  67 0026 01       		.byte	1
  68 0027 40       		.byte	64
  69 0028 01       		.byte	1
  70 0029 47       		.byte	71
  71 002a 01       		.byte	1
  72 002b 40       		.byte	64
  73 002c 08       		.byte	8
  74 002d 49       		.byte	73
  75 002e 01       		.byte	1
  76 002f 40       		.byte	64
  77 0030 02       		.byte	2
  78 0031 4C       		.byte	76
  79 0032 01       		.byte	1
  80 0033 40       		.byte	64
  81 0034 02       		.byte	2
  82 0035 50       		.byte	80
  83 0036 01       		.byte	1
  84 0037 40       		.byte	64
  85 0038 10       		.byte	16
  86 0039 02       		.byte	2
  87 003a 11       		.byte	17
  88 003b 02       		.byte	2
  89 003c 18       		.byte	24
  90 003d 04       		.byte	4
  91 003e 90       		.byte	-112
  92 003f 02       		.byte	2
  93 0040 B4       		.byte	-76
  94 0041 01       		.byte	1
  95 0042 83       		.byte	-125
  96 0043 08       		.byte	8
  97 0044 84       		.byte	-124
  98 0045 02       		.byte	2
  99 0046 86       		.byte	-122
 100 0047 0C       		.byte	12
 101 0048 8C       		.byte	-116
 102 0049 0B       		.byte	11
 103 004a 8E       		.byte	-114
 104 004b 04       		.byte	4
 105 004c 8F       		.byte	-113
 106 004d 02       		.byte	2
 107 004e 95       		.byte	-107
 108 004f 02       		.byte	2
 109 0050 97       		.byte	-105
 110 0051 04       		.byte	4
 111 0052 9A       		.byte	-102
 112 0053 11       		.byte	17
 113 0054 A3       		.byte	-93
 114 0055 01       		.byte	1
ARM GAS  C:\Users\asol17\AppData\Local\Temp\ccRd5pTr.s 			page 3


 115 0056 B0       		.byte	-80
 116 0057 10       		.byte	16
 117 0058 B1       		.byte	-79
 118 0059 04       		.byte	4
 119 005a B2       		.byte	-78
 120 005b 06       		.byte	6
 121 005c B3       		.byte	-77
 122 005d 08       		.byte	8
 123 005e B4       		.byte	-76
 124 005f 01       		.byte	1
 125 0060 B5       		.byte	-75
 126 0061 02       		.byte	2
 127 0062 B6       		.byte	-74
 128 0063 08       		.byte	8
 129 0064 B7       		.byte	-73
 130 0065 01       		.byte	1
 131 0066 BA       		.byte	-70
 132 0067 22       		.byte	34
 133 0068 D8       		.byte	-40
 134 0069 04       		.byte	4
 135 006a D9       		.byte	-39
 136 006b 04       		.byte	4
 137 006c DF       		.byte	-33
 138 006d 01       		.byte	1
 139 006e 00       		.byte	0
 140 006f 44       		.byte	68
 141 0070 09       		.byte	9
 142 0071 20       		.byte	32
 143 0072 18       		.byte	24
 144 0073 44       		.byte	68
 145 0074 19       		.byte	25
 146 0075 09       		.byte	9
 147 0076 1A       		.byte	26
 148 0077 01       		.byte	1
 149 0078 20       		.byte	32
 150 0079 02       		.byte	2
 151 007a 21       		.byte	33
 152 007b 28       		.byte	40
 153 007c 23       		.byte	35
 154 007d 40       		.byte	64
 155 007e 29       		.byte	41
 156 007f 01       		.byte	1
 157 0080 31       		.byte	49
 158 0081 08       		.byte	8
 159 0082 38       		.byte	56
 160 0083 02       		.byte	2
 161 0084 3B       		.byte	59
 162 0085 40       		.byte	64
 163 0086 90       		.byte	-112
 164 0087 02       		.byte	2
 165 0088 C0       		.byte	-64
 166 0089 05       		.byte	5
 167 008a C2       		.byte	-62
 168 008b 02       		.byte	2
 169 008c CA       		.byte	-54
 170 008d 01       		.byte	1
 171 008e CC       		.byte	-52
ARM GAS  C:\Users\asol17\AppData\Local\Temp\ccRd5pTr.s 			page 4


 172 008f 02       		.byte	2
 173 0090 CE       		.byte	-50
 174 0091 09       		.byte	9
 175 0092 EA       		.byte	-22
 176 0093 40       		.byte	64
 177 0094 86       		.byte	-122
 178 0095 01       		.byte	1
 179 0096 92       		.byte	-110
 180 0097 01       		.byte	1
 181 0098 AD       		.byte	-83
 182 0099 08       		.byte	8
 183 009a 92       		.byte	-110
 184 009b 01       		.byte	1
 185 009c 99       		.byte	-103
 186 009d 08       		.byte	8
 187 009e B0       		.byte	-80
 188 009f 01       		.byte	1
 189 00a0 E8       		.byte	-24
 190 00a1 80       		.byte	-128
 191 00a2 01       		.byte	1
 192 00a3 40       		.byte	64
 193 00a4 54       		.byte	84
 194 00a5 01       		.byte	1
 195 00a6 C0       		.byte	-64
 196 00a7 02       		.byte	2
 197 00a8 D6       		.byte	-42
 198 00a9 04       		.byte	4
 199 00aa A4       		.byte	-92
 200 00ab 01       		.byte	1
 201 00ac B5       		.byte	-75
 202 00ad 40       		.byte	64
 203 00ae EA       		.byte	-22
 204 00af 02       		.byte	2
 205 00b0 A4       		.byte	-92
 206 00b1 01       		.byte	1
 207 00b2 51       		.byte	81
 208 00b3 20       		.byte	32
 209 00b4 57       		.byte	87
 210 00b5 20       		.byte	32
 211 00b6 85       		.byte	-123
 212 00b7 20       		.byte	32
 213 00b8 A3       		.byte	-93
 214 00b9 20       		.byte	32
 215 00ba AF       		.byte	-81
 216 00bb 20       		.byte	32
 217 00bc D4       		.byte	-44
 218 00bd 60       		.byte	96
 219 00be E2       		.byte	-30
 220 00bf 10       		.byte	16
 221 00c0 EE       		.byte	-18
 222 00c1 10       		.byte	16
 223 00c2 B0       		.byte	-80
 224 00c3 01       		.byte	1
 225 00c4 E8       		.byte	-24
 226 00c5 01       		.byte	1
 227 00c6 00       		.byte	0
 228 00c7 01       		.byte	1
ARM GAS  C:\Users\asol17\AppData\Local\Temp\ccRd5pTr.s 			page 5


 229 00c8 0A       		.byte	10
 230 00c9 01       		.byte	1
 231 00ca 00       		.byte	0
 232 00cb 00       		.byte	0
 233 00cc 00       		.byte	0
 234 00cd 0B       		.byte	11
 235 00ce 0B       		.byte	11
 236 00cf 00       		.byte	0
 237 00d0 00       		.byte	0
 238 00d1 00       		.byte	0
 239 00d2 00       		.byte	0
 240 00d3 00       		.byte	0
 241 00d4 04       		.byte	4
 242 00d5 00       		.byte	0
 243 00d6 00       		.byte	0
 244 00d7 06       		.byte	6
 245 00d8 02       		.byte	2
 246 00d9 00       		.byte	0
 247 00da 02       		.byte	2
 248 00db 00       		.byte	0
 249 00dc 00       		.byte	0
 250 00dd 00       		.byte	0
 251 00de 00       		.byte	0
 252 00df 00       		.byte	0
 253 00e0 00       		.byte	0
 254 00e1 05       		.byte	5
 255 00e2 05       		.byte	5
 256 00e3 00       		.byte	0
 257 00e4 05       		.byte	5
 258 00e5 00       		.byte	0
 259 00e6 00       		.byte	0
 260 00e7 00       		.byte	0
 261              		.section	.cywolatch,"a",%progbits
 262              		.align	2
 263              		.type	cy_meta_wonvl, %object
 264              		.size	cy_meta_wonvl, 4
 265              	cy_meta_wonvl:
 266 0000 BC       		.byte	-68
 267 0001 90       		.byte	-112
 268 0002 AC       		.byte	-84
 269 0003 AF       		.byte	-81
 270              		.section	.cycustnvl,"a",%progbits
 271              		.align	2
 272              		.type	cy_meta_custnvl, %object
 273              		.size	cy_meta_custnvl, 4
 274              	cy_meta_custnvl:
 275 0000 00       		.byte	0
 276 0001 00       		.byte	0
 277 0002 40       		.byte	64
 278 0003 05       		.byte	5
 279              		.section	.cymeta,"a",%progbits
 280              		.align	2
 281              		.type	cy_metadata, %object
 282              		.size	cy_metadata, 12
 283              	cy_metadata:
 284 0000 00       		.byte	0
 285 0001 01       		.byte	1
ARM GAS  C:\Users\asol17\AppData\Local\Temp\ccRd5pTr.s 			page 6


 286 0002 2E       		.byte	46
 287 0003 16       		.byte	22
 288 0004 10       		.byte	16
 289 0005 69       		.byte	105
 290 0006 00       		.byte	0
 291 0007 01       		.byte	1
 292 0008 00       		.byte	0
 293 0009 00       		.byte	0
 294 000a 00       		.byte	0
 295 000b 00       		.byte	0
 296              		.section	.cyflashprotect,"a",%progbits
 297              		.align	2
 298              		.type	cy_meta_flashprotect, %object
 299              		.size	cy_meta_flashprotect, 256
 300              	cy_meta_flashprotect:
 301 0000 00000000 		.space	256
 301      00000000 
 301      00000000 
 301      00000000 
 301      00000000 
 302              		.text
 303              	.Letext0:
 304              		.file 1 "f:\\psoc\\psoc creator\\4.3\\psoc creator\\import\\gnu\\arm\\5.4.1\\arm-none-eabi\\includ
 305              		.file 2 "f:\\psoc\\psoc creator\\4.3\\psoc creator\\import\\gnu\\arm\\5.4.1\\arm-none-eabi\\includ
 306              		.file 3 "Generated_Source\\PSoC5\\cymetadata.c"
 307              		.section	.debug_info,"",%progbits
 308              	.Ldebug_info0:
 309 0000 30010000 		.4byte	0x130
 310 0004 0400     		.2byte	0x4
 311 0006 00000000 		.4byte	.Ldebug_abbrev0
 312 000a 04       		.byte	0x4
 313 000b 01       		.uleb128 0x1
 314 000c 76000000 		.4byte	.LASF17
 315 0010 0C       		.byte	0xc
 316 0011 D0010000 		.4byte	.LASF18
 317 0015 0A000000 		.4byte	.LASF19
 318 0019 00000000 		.4byte	.Ldebug_line0
 319 001d 02       		.uleb128 0x2
 320 001e 01       		.byte	0x1
 321 001f 06       		.byte	0x6
 322 0020 C4010000 		.4byte	.LASF0
 323 0024 03       		.uleb128 0x3
 324 0025 00000000 		.4byte	.LASF9
 325 0029 01       		.byte	0x1
 326 002a 1D       		.byte	0x1d
 327 002b 2F000000 		.4byte	0x2f
 328 002f 02       		.uleb128 0x2
 329 0030 01       		.byte	0x1
 330 0031 08       		.byte	0x8
 331 0032 68000000 		.4byte	.LASF1
 332 0036 02       		.uleb128 0x2
 333 0037 02       		.byte	0x2
 334 0038 05       		.byte	0x5
 335 0039 B1010000 		.4byte	.LASF2
 336 003d 02       		.uleb128 0x2
 337 003e 02       		.byte	0x2
 338 003f 07       		.byte	0x7
ARM GAS  C:\Users\asol17\AppData\Local\Temp\ccRd5pTr.s 			page 7


 339 0040 16010000 		.4byte	.LASF3
 340 0044 02       		.uleb128 0x2
 341 0045 04       		.byte	0x4
 342 0046 05       		.byte	0x5
 343 0047 BB010000 		.4byte	.LASF4
 344 004b 02       		.uleb128 0x2
 345 004c 04       		.byte	0x4
 346 004d 07       		.byte	0x7
 347 004e 04010000 		.4byte	.LASF5
 348 0052 02       		.uleb128 0x2
 349 0053 08       		.byte	0x8
 350 0054 05       		.byte	0x5
 351 0055 A3010000 		.4byte	.LASF6
 352 0059 02       		.uleb128 0x2
 353 005a 08       		.byte	0x8
 354 005b 07       		.byte	0x7
 355 005c 58010000 		.4byte	.LASF7
 356 0060 04       		.uleb128 0x4
 357 0061 04       		.byte	0x4
 358 0062 05       		.byte	0x5
 359 0063 696E7400 		.ascii	"int\000"
 360 0067 02       		.uleb128 0x2
 361 0068 04       		.byte	0x4
 362 0069 07       		.byte	0x7
 363 006a 4B010000 		.4byte	.LASF8
 364 006e 03       		.uleb128 0x3
 365 006f 6F010000 		.4byte	.LASF10
 366 0073 02       		.byte	0x2
 367 0074 18       		.byte	0x18
 368 0075 24000000 		.4byte	0x24
 369 0079 05       		.uleb128 0x5
 370 007a 90000000 		.4byte	0x90
 371 007e 89000000 		.4byte	0x89
 372 0082 06       		.uleb128 0x6
 373 0083 89000000 		.4byte	0x89
 374 0087 E7       		.byte	0xe7
 375 0088 00       		.byte	0
 376 0089 02       		.uleb128 0x2
 377 008a 04       		.byte	0x4
 378 008b 07       		.byte	0x7
 379 008c 9A010000 		.4byte	.LASF11
 380 0090 07       		.uleb128 0x7
 381 0091 6E000000 		.4byte	0x6e
 382 0095 08       		.uleb128 0x8
 383 0096 39010000 		.4byte	.LASF12
 384 009a 03       		.byte	0x3
 385 009b 1F       		.byte	0x1f
 386 009c A6000000 		.4byte	0xa6
 387 00a0 05       		.uleb128 0x5
 388 00a1 03       		.byte	0x3
 389 00a2 00000000 		.4byte	cy_meta_configecc
 390 00a6 07       		.uleb128 0x7
 391 00a7 79000000 		.4byte	0x79
 392 00ab 05       		.uleb128 0x5
 393 00ac 90000000 		.4byte	0x90
 394 00b0 BB000000 		.4byte	0xbb
 395 00b4 06       		.uleb128 0x6
ARM GAS  C:\Users\asol17\AppData\Local\Temp\ccRd5pTr.s 			page 8


 396 00b5 89000000 		.4byte	0x89
 397 00b9 03       		.byte	0x3
 398 00ba 00       		.byte	0
 399 00bb 08       		.uleb128 0x8
 400 00bc 29010000 		.4byte	.LASF13
 401 00c0 03       		.byte	0x3
 402 00c1 49       		.byte	0x49
 403 00c2 CC000000 		.4byte	0xcc
 404 00c6 05       		.uleb128 0x5
 405 00c7 03       		.byte	0x3
 406 00c8 00000000 		.4byte	cy_meta_custnvl
 407 00cc 07       		.uleb128 0x7
 408 00cd AB000000 		.4byte	0xab
 409 00d1 08       		.uleb128 0x8
 410 00d2 8C010000 		.4byte	.LASF14
 411 00d6 03       		.byte	0x3
 412 00d7 57       		.byte	0x57
 413 00d8 E2000000 		.4byte	0xe2
 414 00dc 05       		.uleb128 0x5
 415 00dd 03       		.byte	0x3
 416 00de 00000000 		.4byte	cy_meta_wonvl
 417 00e2 07       		.uleb128 0x7
 418 00e3 AB000000 		.4byte	0xab
 419 00e7 05       		.uleb128 0x5
 420 00e8 90000000 		.4byte	0x90
 421 00ec F7000000 		.4byte	0xf7
 422 00f0 06       		.uleb128 0x6
 423 00f1 89000000 		.4byte	0x89
 424 00f5 FF       		.byte	0xff
 425 00f6 00       		.byte	0
 426 00f7 08       		.uleb128 0x8
 427 00f8 77010000 		.4byte	.LASF15
 428 00fc 03       		.byte	0x3
 429 00fd 65       		.byte	0x65
 430 00fe 08010000 		.4byte	0x108
 431 0102 05       		.uleb128 0x5
 432 0103 03       		.byte	0x3
 433 0104 00000000 		.4byte	cy_meta_flashprotect
 434 0108 07       		.uleb128 0x7
 435 0109 E7000000 		.4byte	0xe7
 436 010d 05       		.uleb128 0x5
 437 010e 90000000 		.4byte	0x90
 438 0112 1D010000 		.4byte	0x11d
 439 0116 06       		.uleb128 0x6
 440 0117 89000000 		.4byte	0x89
 441 011b 0B       		.byte	0xb
 442 011c 00       		.byte	0
 443 011d 08       		.uleb128 0x8
 444 011e 5C000000 		.4byte	.LASF16
 445 0122 03       		.byte	0x3
 446 0123 92       		.byte	0x92
 447 0124 2E010000 		.4byte	0x12e
 448 0128 05       		.uleb128 0x5
 449 0129 03       		.byte	0x3
 450 012a 00000000 		.4byte	cy_metadata
 451 012e 07       		.uleb128 0x7
 452 012f 0D010000 		.4byte	0x10d
ARM GAS  C:\Users\asol17\AppData\Local\Temp\ccRd5pTr.s 			page 9


 453 0133 00       		.byte	0
 454              		.section	.debug_abbrev,"",%progbits
 455              	.Ldebug_abbrev0:
 456 0000 01       		.uleb128 0x1
 457 0001 11       		.uleb128 0x11
 458 0002 01       		.byte	0x1
 459 0003 25       		.uleb128 0x25
 460 0004 0E       		.uleb128 0xe
 461 0005 13       		.uleb128 0x13
 462 0006 0B       		.uleb128 0xb
 463 0007 03       		.uleb128 0x3
 464 0008 0E       		.uleb128 0xe
 465 0009 1B       		.uleb128 0x1b
 466 000a 0E       		.uleb128 0xe
 467 000b 10       		.uleb128 0x10
 468 000c 17       		.uleb128 0x17
 469 000d 00       		.byte	0
 470 000e 00       		.byte	0
 471 000f 02       		.uleb128 0x2
 472 0010 24       		.uleb128 0x24
 473 0011 00       		.byte	0
 474 0012 0B       		.uleb128 0xb
 475 0013 0B       		.uleb128 0xb
 476 0014 3E       		.uleb128 0x3e
 477 0015 0B       		.uleb128 0xb
 478 0016 03       		.uleb128 0x3
 479 0017 0E       		.uleb128 0xe
 480 0018 00       		.byte	0
 481 0019 00       		.byte	0
 482 001a 03       		.uleb128 0x3
 483 001b 16       		.uleb128 0x16
 484 001c 00       		.byte	0
 485 001d 03       		.uleb128 0x3
 486 001e 0E       		.uleb128 0xe
 487 001f 3A       		.uleb128 0x3a
 488 0020 0B       		.uleb128 0xb
 489 0021 3B       		.uleb128 0x3b
 490 0022 0B       		.uleb128 0xb
 491 0023 49       		.uleb128 0x49
 492 0024 13       		.uleb128 0x13
 493 0025 00       		.byte	0
 494 0026 00       		.byte	0
 495 0027 04       		.uleb128 0x4
 496 0028 24       		.uleb128 0x24
 497 0029 00       		.byte	0
 498 002a 0B       		.uleb128 0xb
 499 002b 0B       		.uleb128 0xb
 500 002c 3E       		.uleb128 0x3e
 501 002d 0B       		.uleb128 0xb
 502 002e 03       		.uleb128 0x3
 503 002f 08       		.uleb128 0x8
 504 0030 00       		.byte	0
 505 0031 00       		.byte	0
 506 0032 05       		.uleb128 0x5
 507 0033 01       		.uleb128 0x1
 508 0034 01       		.byte	0x1
 509 0035 49       		.uleb128 0x49
ARM GAS  C:\Users\asol17\AppData\Local\Temp\ccRd5pTr.s 			page 10


 510 0036 13       		.uleb128 0x13
 511 0037 01       		.uleb128 0x1
 512 0038 13       		.uleb128 0x13
 513 0039 00       		.byte	0
 514 003a 00       		.byte	0
 515 003b 06       		.uleb128 0x6
 516 003c 21       		.uleb128 0x21
 517 003d 00       		.byte	0
 518 003e 49       		.uleb128 0x49
 519 003f 13       		.uleb128 0x13
 520 0040 2F       		.uleb128 0x2f
 521 0041 0B       		.uleb128 0xb
 522 0042 00       		.byte	0
 523 0043 00       		.byte	0
 524 0044 07       		.uleb128 0x7
 525 0045 26       		.uleb128 0x26
 526 0046 00       		.byte	0
 527 0047 49       		.uleb128 0x49
 528 0048 13       		.uleb128 0x13
 529 0049 00       		.byte	0
 530 004a 00       		.byte	0
 531 004b 08       		.uleb128 0x8
 532 004c 34       		.uleb128 0x34
 533 004d 00       		.byte	0
 534 004e 03       		.uleb128 0x3
 535 004f 0E       		.uleb128 0xe
 536 0050 3A       		.uleb128 0x3a
 537 0051 0B       		.uleb128 0xb
 538 0052 3B       		.uleb128 0x3b
 539 0053 0B       		.uleb128 0xb
 540 0054 49       		.uleb128 0x49
 541 0055 13       		.uleb128 0x13
 542 0056 3F       		.uleb128 0x3f
 543 0057 19       		.uleb128 0x19
 544 0058 02       		.uleb128 0x2
 545 0059 18       		.uleb128 0x18
 546 005a 00       		.byte	0
 547 005b 00       		.byte	0
 548 005c 00       		.byte	0
 549              		.section	.debug_aranges,"",%progbits
 550 0000 14000000 		.4byte	0x14
 551 0004 0200     		.2byte	0x2
 552 0006 00000000 		.4byte	.Ldebug_info0
 553 000a 04       		.byte	0x4
 554 000b 00       		.byte	0
 555 000c 0000     		.2byte	0
 556 000e 0000     		.2byte	0
 557 0010 00000000 		.4byte	0
 558 0014 00000000 		.4byte	0
 559              		.section	.debug_line,"",%progbits
 560              	.Ldebug_line0:
 561 0000 0F010000 		.section	.debug_str,"MS",%progbits,1
 561      02000901 
 561      00000201 
 561      FB0E0D00 
 561      01010101 
 562              	.LASF9:
ARM GAS  C:\Users\asol17\AppData\Local\Temp\ccRd5pTr.s 			page 11


 563 0000 5F5F7569 		.ascii	"__uint8_t\000"
 563      6E74385F 
 563      7400
 564              	.LASF19:
 565 000a 433A5C55 		.ascii	"C:\\Users\\asol17\\Documents\\Uni\\P6\\Digital Desi"
 565      73657273 
 565      5C61736F 
 565      6C31375C 
 565      446F6375 
 566 0037 676E5C4C 		.ascii	"gn\\Lecture_9\\Lecture9\\Lecture9.cydsn\000"
 566      65637475 
 566      72655F39 
 566      5C4C6563 
 566      74757265 
 567              	.LASF16:
 568 005c 63795F6D 		.ascii	"cy_metadata\000"
 568      65746164 
 568      61746100 
 569              	.LASF1:
 570 0068 756E7369 		.ascii	"unsigned char\000"
 570      676E6564 
 570      20636861 
 570      7200
 571              	.LASF17:
 572 0076 474E5520 		.ascii	"GNU C11 5.4.1 20160609 (release) [ARM/embedded-5-br"
 572      43313120 
 572      352E342E 
 572      31203230 
 572      31363036 
 573 00a9 616E6368 		.ascii	"anch revision 237715] -mcpu=cortex-m3 -mthumb -g -O"
 573      20726576 
 573      6973696F 
 573      6E203233 
 573      37373135 
 574 00dc 67202D66 		.ascii	"g -ffunction-sections -ffat-lto-objects\000"
 574      66756E63 
 574      74696F6E 
 574      2D736563 
 574      74696F6E 
 575              	.LASF5:
 576 0104 6C6F6E67 		.ascii	"long unsigned int\000"
 576      20756E73 
 576      69676E65 
 576      6420696E 
 576      7400
 577              	.LASF3:
 578 0116 73686F72 		.ascii	"short unsigned int\000"
 578      7420756E 
 578      7369676E 
 578      65642069 
 578      6E7400
 579              	.LASF13:
 580 0129 63795F6D 		.ascii	"cy_meta_custnvl\000"
 580      6574615F 
 580      63757374 
 580      6E766C00 
 581              	.LASF12:
ARM GAS  C:\Users\asol17\AppData\Local\Temp\ccRd5pTr.s 			page 12


 582 0139 63795F6D 		.ascii	"cy_meta_configecc\000"
 582      6574615F 
 582      636F6E66 
 582      69676563 
 582      6300
 583              	.LASF8:
 584 014b 756E7369 		.ascii	"unsigned int\000"
 584      676E6564 
 584      20696E74 
 584      00
 585              	.LASF7:
 586 0158 6C6F6E67 		.ascii	"long long unsigned int\000"
 586      206C6F6E 
 586      6720756E 
 586      7369676E 
 586      65642069 
 587              	.LASF10:
 588 016f 75696E74 		.ascii	"uint8_t\000"
 588      385F7400 
 589              	.LASF15:
 590 0177 63795F6D 		.ascii	"cy_meta_flashprotect\000"
 590      6574615F 
 590      666C6173 
 590      6870726F 
 590      74656374 
 591              	.LASF14:
 592 018c 63795F6D 		.ascii	"cy_meta_wonvl\000"
 592      6574615F 
 592      776F6E76 
 592      6C00
 593              	.LASF11:
 594 019a 73697A65 		.ascii	"sizetype\000"
 594      74797065 
 594      00
 595              	.LASF6:
 596 01a3 6C6F6E67 		.ascii	"long long int\000"
 596      206C6F6E 
 596      6720696E 
 596      7400
 597              	.LASF2:
 598 01b1 73686F72 		.ascii	"short int\000"
 598      7420696E 
 598      7400
 599              	.LASF4:
 600 01bb 6C6F6E67 		.ascii	"long int\000"
 600      20696E74 
 600      00
 601              	.LASF0:
 602 01c4 7369676E 		.ascii	"signed char\000"
 602      65642063 
 602      68617200 
 603              	.LASF18:
 604 01d0 47656E65 		.ascii	"Generated_Source\\PSoC5\\cymetadata.c\000"
 604      72617465 
 604      645F536F 
 604      75726365 
 604      5C50536F 
ARM GAS  C:\Users\asol17\AppData\Local\Temp\ccRd5pTr.s 			page 13


 605              		.ident	"GCC: (GNU Tools for ARM Embedded Processors) 5.4.1 20160609 (release) [ARM/embedded-5-bran
